
31.05.2020 00:05:57 gate.io ETH:
----------------------------ASK
236,46 6,324294
236,53 22,5202
236,59 0,1075485
236,62 6,356761
236,64 4,08136467
236,66 2,23515644
236,67 10,7359
236,68 0,5
236,69 1,61
236,7 4,344
----------------------------BID
236,42 22,5202
236,41 0,8091
236,34 4,5
236,3 4,344
236,29 10,7356
236,26 3,6778
236,21 6,6172
236,2 16,9151
236,08 1,8006
236,02 5,58
-------------------------------
31.05.2020 00:05:57 gate.io ETH:
----------------------------ASK
236,46 6,324294
236,5 42,1959
236,53 22,5202
236,59 0,1075485
236,62 6,356761
236,66 2,23515644
236,67 10,7359
236,68 0,5
236,7 4,344
236,71 16,9172
----------------------------BID
236,42 22,5202
236,41 0,8091
236,34 4,5
236,3 4,344
236,29 10,7356
236,26 3,6778
236,21 6,6172
236,14 16,9185
236,08 1,8006
236,02 5,58
-------------------------------
31.05.2020 00:05:58 gate.io ETH:
----------------------------ASK
236,46 6,324294
236,5 42,1959
236,53 22,5202
236,59 0,1075485
236,62 3,93266861
236,63 4,48385963
236,67 0,7359
236,68 0,5
236,7 4,344
236,71 16,9172
----------------------------BID
236,42 22,5202
236,41 0,8091
236,3 4,344
236,29 0,7356
236,26 3,6778
236,21 6,6172
236,14 16,9185
236,08 1,8006
236,02 5,58
236,01 2
-------------------------------
31.05.2020 00:05:58 gate.io ETH:
----------------------------ASK
236,46 6,324294
236,5 42,1959
236,52 1,7441
236,53 22,5202
236,59 4,6075485
236,64 10,0052
236,65 2,09277588
236,67 2,77670298
236,68 0,5
236,7 4,344
----------------------------BID
236,42 22,5202
236,41 0,8091
236,31 4,5
236,3 4,344
236,29 0,7356
236,26 13,6778
236,21 6,6172
236,14 16,9185
236,08 1,8006
236,02 5,58
-------------------------------
31.05.2020 00:05:59 gate.io ETH:
----------------------------ASK
236,46 6,324294
236,5 42,1959
236,52 1,7441
236,53 22,5202
236,59 4,7202095
236,64 10,0052
236,66 2,31537142
236,67 2,77670298
236,68 2,38754454
236,7 4,344
----------------------------BID
236,42 22,5202
236,41 0,8091
236,31 4,5
236,3 4,344
236,29 0,7356
236,26 13,6778
236,21 6,6172
236,14 16,9185
236,08 1,8006
236,02 5,58
-------------------------------
31.05.2020 00:05:59 gate.io ETH:
----------------------------ASK
236,46 6,324294
236,5 42,1959
236,52 1,7441
236,53 22,5202
236,59 4,7202095
236,64 10,0052
236,66 2,31537142
236,67 2,77670298
236,68 2,38754454
236,7 4,344
----------------------------BID
236,42 22,5202
236,41 0,8091
236,31 4,5
236,3 4,344
236,29 0,7356
236,26 13,6778
236,21 6,6172
236,14 16,9185
236,08 6,03645224
236,02 5,58
-------------------------------
31.05.2020 00:06:00 gate.io ETH:
----------------------------ASK
236,46 6,324294
236,5 42,1959
236,52 1,7441
236,53 22,5202
236,56 10
236,59 4,7202095
236,64 10,0052
236,67 2,77670298
236,68 2,41005095
236,7 4,344
----------------------------BID
236,42 22,5202
236,41 0,8091
236,31 4,5
236,3 4,344
236,29 0,7356
236,26 13,6778
236,21 6,6172
236,14 16,9185
236,08 1,8006
236,02 5,58
-------------------------------
31.05.2020 00:06:00 gate.io ETH:
----------------------------ASK
236,46 6,324294
236,5 42,1959
236,53 22,5202
236,56 10
236,59 6,4643095
236,64 10,0052
236,65 2,19870065
236,67 2,77670298
236,68 0,5
236,7 4,344
----------------------------BID
236,42 22,5202
236,41 0,8091
236,31 4,5
236,3 4,344
236,29 0,7356
236,26 13,6778
236,21 6,6172
236,14 16,9185
236,08 1,8006
236,02 5,58
-------------------------------
31.05.2020 00:06:01 gate.io ETH:
----------------------------ASK
236,46 6,324294
236,5 42,1959
236,53 22,5202
236,56 10
236,59 6,4643095
236,64 10,0052
236,65 2,19870065
236,67 2,77670298
236,68 0,5
236,7 4,344
----------------------------BID
236,42 22,5202
236,41 0,8091
236,31 4,5
236,3 4,344
236,29 0,7356
236,26 13,6778
236,21 6,6172
236,14 16,9185
236,08 1,8006
236,02 5,58
-------------------------------