
03.06.2020 02:10:46 gate.io ONT:
----------------------------ASK
0,592 58332,034147
0,593 7332,334327
0,596 154,4
0,598 55
0,599 199,6
0,602 41,4186701
0,603 21,7713858
0,605 5196
0,607 160,7291
0,608 5195
----------------------------BID
0,589 15573,80784304
0,588 793,0616701
0,587 11449,4
0,586 54309,247
0,585 2898,377
0,583 20647
0,581 1668,59
0,58 200
0,579 5252
0,576 154,4
-------------------------------
03.06.2020 02:10:47 gate.io ONT:
----------------------------ASK
0,592 58332,034147
0,593 7332,334327
0,596 154,4
0,598 55
0,599 199,6
0,602 41,4186701
0,603 21,7713858
0,605 5196
0,607 160,7291
0,608 5195
----------------------------BID
0,589 15573,80784304
0,588 41,4186701
0,587 11449,4
0,586 54309,247
0,585 2898,377
0,583 20647
0,581 1668,59
0,58 200
0,579 5252
0,576 154,4
-------------------------------
03.06.2020 02:10:47 gate.io ONT:
----------------------------ASK
0,592 58332,034147
0,593 7332,334327
0,596 154,4
0,598 55
0,599 199,6
0,602 41,4186701
0,603 21,7713858
0,605 5196
0,607 160,7291
0,608 5195
----------------------------BID
0,589 16434,86684304
0,588 41,4186701
0,587 14004,76626916
0,586 54309,247
0,585 2898,377
0,583 20647
0,581 1668,59
0,58 200
0,579 5252
0,576 154,4
-------------------------------
03.06.2020 02:10:48 gate.io ONT:
----------------------------ASK
0,592 58332,034147
0,593 7332,334327
0,596 154,4
0,598 55
0,599 199,6
0,602 41,4186701
0,603 21,7713858
0,605 5196
0,607 160,7291
0,608 5195
----------------------------BID
0,589 16434,86684304
0,588 41,4186701
0,587 11449,4
0,586 54309,247
0,585 2898,377
0,583 20647
0,581 1668,59
0,58 200
0,579 5252
0,576 154,4
-------------------------------
03.06.2020 02:10:48 gate.io ONT:
----------------------------ASK
0,592 58332,034147
0,593 7332,334327
0,596 154,4
0,598 55
0,599 199,6
0,602 41,4186701
0,603 21,7713858
0,605 5196
0,607 160,7291
0,608 5195
----------------------------BID
0,589 15573,80784304
0,588 799,9896701
0,587 11449,4
0,586 54309,247
0,585 2898,377
0,583 20647
0,581 1668,59
0,58 200
0,579 5252
0,576 154,4
-------------------------------
03.06.2020 02:10:49 gate.io ONT:
----------------------------ASK
0,592 6054,034147
0,593 7332,334327
0,595 52278
0,596 154,4
0,598 55
0,599 199,6
0,602 41,4186701
0,603 21,7713858
0,605 5196
0,607 160,7291
----------------------------BID
0,589 15573,80784304
0,588 970,0576973
0,587 11449,4
0,586 54309,247
0,585 2898,377
0,583 20647
0,581 1668,59
0,58 200
0,579 5252
0,576 154,4
-------------------------------
03.06.2020 02:10:49 gate.io ONT:
----------------------------ASK
0,592 6054,034147
0,593 7332,334327
0,595 52278
0,596 154,4
0,598 55
0,599 199,6
0,602 41,4186701
0,603 21,7713858
0,605 5196
0,607 160,7291
----------------------------BID
0,589 15573,80784304
0,588 799,9896701
0,587 11449,4
0,586 54309,247
0,585 2898,377
0,583 20647
0,581 1668,59
0,58 200
0,579 5252
0,576 154,4
-------------------------------
03.06.2020 02:10:50 gate.io ONT:
----------------------------ASK
0,592 58332,034147
0,593 7332,334327
0,596 154,4
0,598 55
0,599 199,6
0,602 41,4186701
0,603 21,7713858
0,605 5196
0,607 160,7291
0,608 5195
----------------------------BID
0,589 15573,80784304
0,588 799,9896701
0,587 11449,4
0,586 54309,247
0,585 2898,377
0,583 20647
0,581 1668,59
0,58 200
0,579 5252
0,576 154,4
-------------------------------
03.06.2020 02:10:50 gate.io ONT:
----------------------------ASK
0,592 6054,034147
0,593 7332,334327
0,595 52278
0,596 154,4
0,598 55
0,599 199,6
0,602 41,4186701
0,603 21,7713858
0,605 5196
0,607 160,7291
----------------------------BID
0,589 15573,80784304
0,588 799,9896701
0,587 11449,4
0,586 54309,247
0,585 2898,377
0,583 20647
0,581 1668,59
0,58 200
0,579 5252
0,576 154,4
-------------------------------
03.06.2020 02:10:53 gate.io ONT:
----------------------------ASK
0,592 6054,034147
0,593 7332,334327
0,595 52278
0,596 154,4
0,598 55
0,599 199,6
0,602 41,4186701
0,603 21,7713858
0,605 5196
0,607 160,7291
----------------------------BID
0,589 15573,80784304
0,588 970,0576973
0,587 14004,76626916
0,586 54309,247
0,585 2898,377
0,583 20647
0,581 1668,59
0,58 200
0,579 5252
0,576 154,4
-------------------------------
03.06.2020 02:10:53 gate.io ONT:
----------------------------ASK
0,592 6054,034147
0,593 7332,334327
0,595 52278
0,596 154,4
0,598 55
0,599 199,6
0,602 41,4186701
0,603 21,7713858
0,605 5196
0,607 160,7291
----------------------------BID
0,589 15573,80784304
0,588 970,0576973
0,587 11449,4
0,586 54309,247
0,585 2898,377
0,583 20647
0,581 1668,59
0,58 200
0,579 5252
0,576 154,4
-------------------------------
03.06.2020 02:10:54 gate.io ONT:
----------------------------ASK
0,592 6054,034147
0,593 7332,334327
0,595 52278
0,596 154,4
0,598 55
0,599 199,6
0,602 41,4186701
0,603 21,7713858
0,605 5196
0,607 160,7291
----------------------------BID
0,589 15573,80784304
0,588 970,0576973
0,587 11449,4
0,586 54309,247
0,585 2898,377
0,583 20647
0,581 1668,59
0,58 200
0,579 5252
0,576 154,4
-------------------------------
03.06.2020 02:10:54 gate.io ONT:
----------------------------ASK
0,592 6054,034147
0,593 7332,334327
0,595 52278
0,596 154,4
0,598 55
0,599 199,6
0,602 41,4186701
0,603 21,7713858
0,605 5196
0,607 160,7291
----------------------------BID
0,589 15573,80784304
0,588 799,9896701
0,587 11449,4
0,586 54309,247
0,585 2898,377
0,583 20647
0,581 1668,59
0,58 200
0,579 5252
0,576 154,4
-------------------------------
03.06.2020 02:10:55 gate.io ONT:
----------------------------ASK
0,592 6054,034147
0,593 7332,334327
0,595 52278
0,596 154,4
0,598 55
0,599 199,6
0,602 41,4186701
0,603 21,7713858
0,605 5196
0,607 160,7291
----------------------------BID
0,589 15573,80784304
0,588 799,9896701
0,587 11449,4
0,586 54309,247
0,585 2898,377
0,583 20647
0,581 1668,59
0,58 200
0,579 5252
0,576 154,4
-------------------------------
03.06.2020 02:10:55 gate.io ONT:
----------------------------ASK
0,592 58332,034147
0,593 7332,334327
0,596 154,4
0,598 55
0,599 199,6
0,602 41,4186701
0,603 21,7713858
0,605 5196
0,607 160,7291
0,608 5195
----------------------------BID
0,589 15573,80784304
0,588 799,9896701
0,587 11449,4
0,586 54309,247
0,585 2898,377
0,583 20647
0,581 1668,59
0,58 200
0,579 5252
0,576 154,4
-------------------------------
03.06.2020 02:10:56 gate.io ONT:
----------------------------ASK
0,592 58332,034147
0,593 7332,334327
0,596 154,4
0,598 55
0,599 199,6
0,602 41,4186701
0,603 21,7713858
0,605 5196
0,607 160,7291
0,608 5195
----------------------------BID
0,589 15573,80784304
0,588 799,9896701
0,587 14004,76626916
0,586 54309,247
0,585 2898,377
0,583 20647
0,581 1668,59
0,58 200
0,579 5252
0,576 154,4
-------------------------------
03.06.2020 02:10:56 gate.io ONT:
----------------------------ASK
0,592 58332,034147
0,593 7332,334327
0,596 154,4
0,598 55
0,599 199,6
0,602 41,4186701
0,603 21,7713858
0,605 5196
0,607 160,7291
0,608 5195
----------------------------BID
0,589 15573,80784304
0,588 970,0576973
0,587 11449,4
0,586 54309,247
0,585 2898,377
0,583 20647
0,581 1668,59
0,58 200
0,579 5252
0,576 154,4
-------------------------------
03.06.2020 02:12:56 gate.io ONT:
----------------------------ASK
0,59 404,4
0,591 11638,634
0,592 52278,002147
0,593 1332,334327
0,595 55
0,596 154,4
0,599 199,6
0,602 41,4186701
0,603 21,7713858
0,605 5196
----------------------------BID
0,587 17855,6955
0,586 41,4186701
0,585 66152,635
0,583 1730,1038
0,581 1668,59
0,58 20847
0,579 5196
0,578 56
0,574 1000
0,573 5197
-------------------------------
03.06.2020 02:12:56 gate.io ONT:
----------------------------ASK
0,59 404,4
0,591 11638,634
0,592 52278,002147
0,593 1332,334327
0,595 55
0,596 154,4
0,599 199,6
0,602 41,4186701
0,603 21,7713858
0,605 5196
----------------------------BID
0,587 17855,6955
0,586 212,06713425
0,585 66152,635
0,583 1730,1038
0,581 1668,59
0,58 20847
0,579 5196
0,578 56
0,574 1000
0,573 5197
-------------------------------
03.06.2020 02:12:57 gate.io ONT:
----------------------------ASK
0,59 404,4
0,591 11638,634
0,592 52278,002147
0,593 1332,334327
0,595 55
0,596 154,4
0,599 199,6
0,602 41,4186701
0,603 21,7713858
0,605 5196
----------------------------BID
0,587 17855,6955
0,586 2601,14563255
0,585 66152,635
0,583 1730,1038
0,581 1668,59
0,58 20847
0,579 5196
0,578 56
0,574 1000
0,573 5197
-------------------------------
03.06.2020 02:12:58 gate.io ONT:
----------------------------ASK
0,59 404,4
0,591 11638,634
0,592 52278,002147
0,593 1332,334327
0,595 55
0,596 154,4
0,599 199,6
0,602 41,4186701
0,603 21,7713858
0,605 5196
----------------------------BID
0,587 17855,6955
0,586 41,4186701
0,585 66152,635
0,583 1730,1038
0,581 1668,59
0,58 20847
0,579 5196
0,578 56
0,574 1000
0,573 5197
-------------------------------
03.06.2020 02:12:58 gate.io ONT:
----------------------------ASK
0,589 904,14731602
0,59 404,4
0,591 11638,634
0,592 52278,002147
0,593 1332,334327
0,595 55
0,596 154,4
0,599 199,6
0,602 41,4186701
0,603 21,7713858
----------------------------BID
0,587 17855,6955
0,586 41,4186701
0,585 13874,635
0,584 52278
0,583 1730,1038
0,581 1668,59
0,58 20847
0,579 5196
0,578 56
0,574 1000
-------------------------------
03.06.2020 02:14:32 gate.io ONT:
----------------------------ASK
0,59 6096,939
0,591 6000
0,592 52278,002147
0,593 1332,334327
0,595 55
0,596 154,4
0,599 199,6
0,601 5196
0,602 41,4186701
0,603 21,7713858
----------------------------BID
0,586 24866,1681701
0,585 11747,927
0,584 54404,632
0,583 1730,1038
0,581 1668,59
0,58 20847
0,578 56
0,574 6196
0,573 5197
0,572 254,4
-------------------------------
03.06.2020 02:14:34 gate.io ONT:
----------------------------ASK
0,59 6096,939
0,591 6000
0,592 52278,002147
0,593 1332,334327
0,595 55
0,596 154,4
0,599 199,6
0,601 5196
0,602 41,4186701
0,603 21,7713858
----------------------------BID
0,586 24866,1681701
0,585 14312,02956409
0,584 54404,632
0,583 1730,1038
0,581 1668,59
0,58 20847
0,578 56
0,574 6196
0,573 5197
0,572 254,4
-------------------------------
03.06.2020 02:14:35 gate.io ONT:
----------------------------ASK
0,59 6096,939
0,591 6000
0,592 52278,002147
0,593 1332,334327
0,595 55
0,596 154,4
0,599 199,6
0,601 5196
0,602 41,4186701
0,603 21,7713858
----------------------------BID
0,586 25036,81663425
0,585 14312,02956409
0,584 54404,632
0,583 1730,1038
0,581 1668,59
0,58 20847
0,578 56
0,574 6196
0,573 5197
0,572 254,4
-------------------------------
03.06.2020 02:14:35 gate.io ONT:
----------------------------ASK
0,59 6096,939
0,591 6000
0,592 52278,002147
0,593 1332,334327
0,595 55
0,596 154,4
0,599 199,6
0,601 5196
0,602 41,4186701
0,603 21,7713858
----------------------------BID
0,586 24866,1681701
0,585 11747,927
0,584 54404,632
0,583 1730,1038
0,581 1668,59
0,58 20847
0,578 56
0,574 6196
0,573 5197
0,572 254,4
-------------------------------
03.06.2020 02:15:42 gate.io ONT:
----------------------------ASK
0,59 503,93
0,591 11615,467
0,592 52278,002147
0,593 1332,334327
0,596 154,4
0,598 55
0,599 199,6
0,601 5237,4186701
0,603 21,7713858
0,607 297,1315
----------------------------BID
0,587 25692,04583739
0,586 1284,5462101
0,585 6243,279
0,584 54404,632
0,583 1730,1038
0,582 56
0,581 1668,59
0,58 20847
0,574 6196
0,573 5197
-------------------------------
03.06.2020 02:15:45 gate.io ONT:
----------------------------ASK
0,59 503,93
0,591 11615,467
0,592 52278,002147
0,593 1332,334327
0,596 154,4
0,598 55
0,599 199,6
0,601 5237,4186701
0,603 21,7713858
0,607 297,1315
----------------------------BID
0,587 28417,76985782
0,586 1284,5462101
0,585 6243,279
0,584 54404,632
0,583 1730,1038
0,582 56
0,581 1668,59
0,58 20847
0,574 6196
0,573 5197
-------------------------------
03.06.2020 02:15:45 gate.io ONT:
----------------------------ASK
0,59 503,93
0,591 11615,467
0,592 52278,002147
0,593 1332,334327
0,596 154,4
0,598 55
0,599 199,6
0,601 5237,4186701
0,603 21,7713858
0,607 297,1315
----------------------------BID
0,587 25692,04583739
0,586 1284,5462101
0,585 6243,279
0,584 54404,632
0,583 1730,1038
0,582 56
0,581 1668,59
0,58 20847
0,574 6196
0,573 5197
-------------------------------
03.06.2020 02:15:47 gate.io ONT:
----------------------------ASK
0,59 503,93
0,591 11615,467
0,592 52278,002147
0,593 1332,334327
0,596 154,4
0,598 55
0,599 199,6
0,601 5237,4186701
0,603 21,7713858
0,607 297,1315
----------------------------BID
0,587 25692,04583739
0,586 6329,5462101
0,585 1198,279
0,584 54404,632
0,583 1730,1038
0,582 56
0,581 1668,59
0,58 20847
0,574 6196
0,573 5197
-------------------------------
03.06.2020 02:15:48 gate.io ONT:
----------------------------ASK
0,59 503,93
0,591 11615,467
0,592 52278,002147
0,593 1332,334327
0,596 154,4
0,598 55
0,599 199,6
0,601 5237,4186701
0,603 21,7713858
0,607 297,1315
----------------------------BID
0,587 28247,41210655
0,586 6329,5462101
0,585 1198,279
0,584 54404,632
0,583 1730,1038
0,582 56
0,581 1668,59
0,58 20847
0,574 6196
0,573 5197
-------------------------------
03.06.2020 02:15:48 gate.io ONT:
----------------------------ASK
0,59 503,93
0,591 11615,467
0,592 52278,002147
0,593 1332,334327
0,596 154,4
0,598 55
0,599 199,6
0,601 5237,4186701
0,603 21,7713858
0,607 297,1315
----------------------------BID
0,587 25692,04583739
0,586 6329,5462101
0,585 1198,279
0,584 54404,632
0,583 1730,1038
0,582 56
0,581 1668,59
0,58 20847
0,574 6196
0,573 5197
-------------------------------
03.06.2020 02:15:49 gate.io ONT:
----------------------------ASK
0,59 503,93
0,591 11615,467
0,592 52278,002147
0,593 1332,334327
0,596 154,4
0,598 55
0,599 199,6
0,601 5237,4186701
0,603 21,7713858
0,607 297,1315
----------------------------BID
0,587 25862,40358866
0,586 6329,5462101
0,585 1198,279
0,584 54404,632
0,583 1730,1038
0,582 56
0,581 1668,59
0,58 20847
0,574 6196
0,573 5197
-------------------------------
03.06.2020 02:15:49 gate.io ONT:
----------------------------ASK
0,59 503,93
0,591 11615,467
0,592 52278,002147
0,593 1332,334327
0,596 154,4
0,598 55
0,599 199,6
0,601 5237,4186701
0,603 21,7713858
0,607 297,1315
----------------------------BID
0,587 25692,04583739
0,586 6329,5462101
0,585 1198,279
0,584 54404,632
0,583 1730,1038
0,582 56
0,581 1668,59
0,58 20847
0,574 6196
0,573 5197
-------------------------------
03.06.2020 02:15:51 gate.io ONT:
----------------------------ASK
0,59 503,93
0,591 11615,467
0,592 52278,002147
0,593 1332,334327
0,596 154,4
0,598 55
0,599 199,6
0,601 5237,4186701
0,603 21,7713858
0,607 297,1315
----------------------------BID
0,587 28247,41210655
0,586 6329,5462101
0,585 1198,279
0,584 54404,632
0,583 1730,1038
0,582 56
0,581 1668,59
0,58 20847
0,574 6196
0,573 5197
-------------------------------
03.06.2020 02:15:51 gate.io ONT:
----------------------------ASK
0,59 503,93
0,591 11615,467
0,592 52278,002147
0,593 1332,334327
0,596 154,4
0,598 55
0,599 199,6
0,601 5237,4186701
0,603 21,7713858
0,607 297,1315
----------------------------BID
0,587 25692,04583739
0,586 6329,5462101
0,585 1198,279
0,584 54404,632
0,583 1730,1038
0,582 56
0,581 1668,59
0,58 20847
0,574 6196
0,573 5197
-------------------------------
03.06.2020 02:15:53 gate.io ONT:
----------------------------ASK
0,59 503,93
0,591 11615,467
0,592 52278,002147
0,593 1332,334327
0,596 154,4
0,598 55
0,599 199,6
0,601 5237,4186701
0,603 21,7713858
0,607 297,1315
----------------------------BID
0,587 25862,40358866
0,586 6329,5462101
0,585 1198,279
0,584 54404,632
0,583 1730,1038
0,582 56
0,581 1668,59
0,58 20847
0,574 6196
0,573 5197
-------------------------------
03.06.2020 02:15:53 gate.io ONT:
----------------------------ASK
0,59 503,93
0,591 11615,467
0,592 52278,002147
0,593 1332,334327
0,596 154,4
0,598 55
0,599 199,6
0,601 5237,4186701
0,603 21,7713858
0,607 297,1315
----------------------------BID
0,587 25692,04583739
0,586 6329,5462101
0,585 1198,279
0,584 54404,632
0,583 1730,1038
0,582 56
0,581 1668,59
0,58 20847
0,574 6196
0,573 5197
-------------------------------
03.06.2020 02:15:54 gate.io ONT:
----------------------------ASK
0,59 503,93
0,591 11615,467
0,592 52278,002147
0,593 1332,334327
0,596 154,4
0,598 55
0,599 199,6
0,601 5237,4186701
0,603 21,7713858
0,607 297,1315
----------------------------BID
0,587 28247,41210655
0,586 6329,5462101
0,585 1198,279
0,584 54404,632
0,583 1730,1038
0,582 56
0,581 1668,59
0,58 20847
0,574 6196
0,573 5197
-------------------------------
03.06.2020 02:15:55 gate.io ONT:
----------------------------ASK
0,59 503,93
0,591 11615,467
0,592 52278,002147
0,593 1332,334327
0,596 154,4
0,598 55
0,599 199,6
0,601 5237,4186701
0,603 21,7713858
0,607 297,1315
----------------------------BID
0,587 25692,04583739
0,586 6329,5462101
0,585 1198,279
0,584 54404,632
0,583 1730,1038
0,582 56
0,581 1668,59
0,58 20847
0,574 6196
0,573 5197
-------------------------------
03.06.2020 02:15:57 gate.io ONT:
----------------------------ASK
0,59 503,93
0,591 11615,467
0,592 52278,002147
0,593 1332,334327
0,596 154,4
0,598 55
0,599 199,6
0,601 5237,4186701
0,603 21,7713858
0,607 297,1315
----------------------------BID
0,587 28247,41210655
0,586 6329,5462101
0,585 1198,279
0,584 54404,632
0,583 1730,1038
0,582 56
0,581 1668,59
0,58 20847
0,574 6196
0,573 5197
-------------------------------
03.06.2020 02:15:58 gate.io ONT:
----------------------------ASK
0,59 503,93
0,591 11615,467
0,592 52278,002147
0,593 1332,334327
0,596 154,4
0,598 55
0,599 199,6
0,601 5237,4186701
0,603 21,7713858
0,607 297,1315
----------------------------BID
0,587 25692,04583739
0,586 6329,5462101
0,585 1198,279
0,584 54404,632
0,583 1730,1038
0,582 56
0,581 1668,59
0,58 20847
0,574 6196
0,573 5197
-------------------------------
03.06.2020 02:16:00 gate.io ONT:
----------------------------ASK
0,59 503,93
0,591 6570,467
0,592 57323,002147
0,593 1332,334327
0,596 154,4
0,598 55
0,599 199,6
0,601 5237,4186701
0,603 21,7713858
0,607 297,1315
----------------------------BID
0,587 25692,04583739
0,586 6329,5462101
0,585 1198,279
0,584 54404,632
0,583 1730,1038
0,582 56
0,581 1668,59
0,58 20847
0,574 6196
0,573 5197
-------------------------------
03.06.2020 02:16:01 gate.io ONT:
----------------------------ASK
0,59 503,93
0,591 11615,467
0,592 52278,002147
0,593 1332,334327
0,596 154,4
0,598 55
0,599 199,6
0,601 5237,4186701
0,603 21,7713858
0,607 297,1315
----------------------------BID
0,587 28247,41210655
0,586 6329,5462101
0,585 1198,279
0,584 54404,632
0,583 1730,1038
0,582 56
0,581 1668,59
0,58 20847
0,574 6196
0,573 5197
-------------------------------
03.06.2020 02:16:01 gate.io ONT:
----------------------------ASK
0,59 503,93
0,591 11615,467
0,592 52278,002147
0,593 1332,334327
0,596 154,4
0,598 55
0,599 199,6
0,601 5237,4186701
0,603 21,7713858
0,607 297,1315
----------------------------BID
0,587 25862,40358866
0,586 6329,5462101
0,585 1198,279
0,584 54404,632
0,583 1730,1038
0,582 56
0,581 1668,59
0,58 20847
0,574 6196
0,573 5197
-------------------------------
03.06.2020 02:16:02 gate.io ONT:
----------------------------ASK
0,59 503,93
0,591 11615,467
0,592 52278,002147
0,593 1332,334327
0,596 154,4
0,598 55
0,599 199,6
0,601 5237,4186701
0,603 21,7713858
0,607 297,1315
----------------------------BID
0,587 25692,04583739
0,586 6329,5462101
0,585 1198,279
0,584 54404,632
0,583 1730,1038
0,582 56
0,581 1668,59
0,58 20847
0,574 6196
0,573 5197
-------------------------------
03.06.2020 02:16:03 gate.io ONT:
----------------------------ASK
0,59 503,93
0,591 11615,467
0,592 52278,002147
0,593 1332,334327
0,596 154,4
0,598 55
0,599 199,6
0,601 5237,4186701
0,603 21,7713858
0,607 160,7291
----------------------------BID
0,587 25692,04583739
0,586 6329,5462101
0,585 1198,279
0,584 54404,632
0,583 1730,1038
0,582 56
0,581 1668,59
0,58 20847
0,574 6196
0,573 5197
-------------------------------
03.06.2020 02:16:04 gate.io ONT:
----------------------------ASK
0,59 503,93
0,591 11615,467
0,592 52278,002147
0,593 1332,334327
0,596 154,4
0,598 55
0,599 199,6
0,601 5237,4186701
0,603 21,7713858
0,607 160,7291
----------------------------BID
0,587 25692,04583739
0,586 6329,5462101
0,585 1198,279
0,584 54404,632
0,583 1730,1038
0,582 56
0,581 1668,59
0,58 20847
0,574 6196
0,573 5197
-------------------------------
03.06.2020 02:16:04 gate.io ONT:
----------------------------ASK
0,59 503,93
0,591 11615,467
0,592 52278,002147
0,593 1332,334327
0,596 154,4
0,598 55
0,599 199,6
0,601 5237,4186701
0,603 21,7713858
0,607 160,7291
----------------------------BID
0,587 28247,41210655
0,586 6329,5462101
0,585 1198,279
0,584 54404,632
0,583 1730,1038
0,582 56
0,581 1668,59
0,58 20847
0,574 6196
0,573 5197
-------------------------------
03.06.2020 02:16:05 gate.io ONT:
----------------------------ASK
0,59 503,93
0,591 11615,467
0,592 52278,002147
0,593 1332,334327
0,596 154,4
0,598 55
0,599 199,6
0,601 5237,4186701
0,603 21,7713858
0,607 160,7291
----------------------------BID
0,587 25692,04583739
0,586 6329,5462101
0,585 1198,279
0,584 54404,632
0,583 1730,1038
0,582 56
0,581 1668,59
0,58 20847
0,574 6196
0,573 5197
-------------------------------
03.06.2020 02:16:07 gate.io ONT:
----------------------------ASK
0,59 503,93
0,591 11615,467
0,592 52278,002147
0,593 1332,334327
0,596 154,4
0,598 55
0,599 199,6
0,601 5237,4186701
0,603 21,7713858
0,607 160,7291
----------------------------BID
0,587 28247,41210655
0,586 6329,5462101
0,585 1198,279
0,584 54404,632
0,583 1730,1038
0,582 56
0,581 1668,59
0,58 20847
0,574 6196
0,573 5197
-------------------------------
03.06.2020 02:16:08 gate.io ONT:
----------------------------ASK
0,59 503,93
0,591 11615,467
0,592 52278,002147
0,593 1332,334327
0,596 154,4
0,598 55
0,599 199,6
0,601 5237,4186701
0,603 21,7713858
0,607 160,7291
----------------------------BID
0,587 25692,04583739
0,586 6329,5462101
0,585 1198,279
0,584 54404,632
0,583 1730,1038
0,582 56
0,581 1668,59
0,58 20847
0,574 6196
0,573 5197
-------------------------------
03.06.2020 02:16:10 gate.io ONT:
----------------------------ASK
0,59 503,93
0,591 11615,467
0,592 52278,002147
0,593 1332,334327
0,596 154,4
0,598 55
0,599 199,6
0,601 5237,4186701
0,603 21,7713858
0,607 160,7291
----------------------------BID
0,587 25862,40358866
0,586 6329,5462101
0,585 1198,279
0,584 54404,632
0,583 1730,1038
0,582 56
0,581 1668,59
0,58 20847
0,574 6196
0,573 5197
-------------------------------
03.06.2020 02:16:10 gate.io ONT:
----------------------------ASK
0,59 503,93
0,591 11615,467
0,592 52278,002147
0,593 1332,334327
0,596 154,4
0,598 55
0,599 199,6
0,601 5237,4186701
0,603 21,7713858
0,607 160,7291
----------------------------BID
0,587 25692,04583739
0,586 6329,5462101
0,585 1198,279
0,584 54404,632
0,583 1730,1038
0,582 56
0,581 1668,59
0,58 20847
0,574 6196
0,573 5197
-------------------------------
03.06.2020 02:16:11 gate.io ONT:
----------------------------ASK
0,59 503,93
0,591 11615,467
0,592 52278,002147
0,593 1332,334327
0,596 154,4
0,598 55
0,599 199,6
0,601 5237,4186701
0,603 21,7713858
0,607 160,7291
----------------------------BID
0,587 28247,41210655
0,586 6329,5462101
0,585 1198,279
0,584 54404,632
0,583 1730,1038
0,582 56
0,581 1668,59
0,58 20847
0,574 6196
0,573 5197
-------------------------------
03.06.2020 02:16:11 gate.io ONT:
----------------------------ASK
0,59 503,93
0,591 11615,467
0,592 52278,002147
0,593 1332,334327
0,596 154,4
0,598 55
0,599 199,6
0,601 5237,4186701
0,603 21,7713858
0,607 160,7291
----------------------------BID
0,587 25692,04583739
0,586 6329,5462101
0,585 1198,279
0,584 54404,632
0,583 1730,1038
0,582 56
0,581 1668,59
0,58 20847
0,574 6196
0,573 5197
-------------------------------
03.06.2020 02:16:14 gate.io ONT:
----------------------------ASK
0,59 503,93
0,591 11615,467
0,592 52278,002147
0,593 1332,334327
0,596 154,4
0,598 55
0,599 199,6
0,601 5237,4186701
0,603 21,7713858
0,607 160,7291
----------------------------BID
0,587 28417,76985782
0,586 6329,5462101
0,585 1198,279
0,584 54404,632
0,583 1730,1038
0,582 56
0,581 1668,59
0,58 20847
0,574 6196
0,573 5197
-------------------------------
03.06.2020 02:16:14 gate.io ONT:
----------------------------ASK
0,59 503,93
0,591 11615,467
0,592 52278,002147
0,593 1332,334327
0,596 154,4
0,598 55
0,599 199,6
0,601 5237,4186701
0,603 21,7713858
0,607 160,7291
----------------------------BID
0,587 25862,40358866
0,586 6329,5462101
0,585 1198,279
0,584 54404,632
0,583 1730,1038
0,582 56
0,581 1668,59
0,58 20847
0,574 6196
0,573 5197
-------------------------------
03.06.2020 02:16:15 gate.io ONT:
----------------------------ASK
0,59 503,93
0,591 11615,467
0,592 52278,002147
0,593 1332,334327
0,596 154,4
0,598 55
0,599 199,6
0,601 5237,4186701
0,603 21,7713858
0,607 160,7291
----------------------------BID
0,587 25692,04583739
0,586 6329,5462101
0,585 1198,279
0,584 54404,632
0,583 1730,1038
0,582 56
0,581 1668,59
0,58 20847
0,574 6196
0,573 5197
-------------------------------
03.06.2020 02:17:15 gate.io ONT:
----------------------------ASK
0,591 12104,323
0,592 52278,002147
0,593 1332,334327
0,596 154,4
0,599 199,6
0,601 5237,4186701
0,602 55
0,603 21,7713858
0,607 160,7291
0,608 5195
----------------------------BID
0,587 26601,20758866
0,586 57915,9052101
0,585 1198,279
0,584 2126,632
0,583 1786,1038
0,581 1668,59
0,58 20847
0,574 6196
0,573 5197
0,572 254,4
-------------------------------
03.06.2020 02:17:16 gate.io ONT:
----------------------------ASK
0,591 12104,323
0,592 52278,002147
0,593 1332,334327
0,596 154,4
0,599 199,6
0,601 5237,4186701
0,602 55
0,603 21,7713858
0,607 160,7291
0,608 5195
----------------------------BID
0,587 26430,84983739
0,586 57915,9052101
0,585 1198,279
0,584 2126,632
0,583 1786,1038
0,581 1668,59
0,58 20847
0,574 6196
0,573 5197
0,572 254,4
-------------------------------
03.06.2020 02:17:17 gate.io ONT:
----------------------------ASK
0,591 12104,323
0,592 52278,002147
0,593 1332,334327
0,596 154,4
0,599 199,6
0,601 5237,4186701
0,602 55
0,603 21,7713858
0,607 160,7291
0,608 5195
----------------------------BID
0,587 28986,21610655
0,586 57915,9052101
0,585 1198,279
0,584 2126,632
0,583 1786,1038
0,581 1668,59
0,58 20847
0,574 6196
0,573 5197
0,572 254,4
-------------------------------
03.06.2020 02:17:17 gate.io ONT:
----------------------------ASK
0,591 12104,323
0,592 52278,002147
0,593 1332,334327
0,596 154,4
0,599 199,6
0,601 5237,4186701
0,602 55
0,603 21,7713858
0,607 160,7291
0,608 5195
----------------------------BID
0,588 404,4
0,587 26647,63490739
0,586 57364,4186701
0,585 1198,279
0,584 2126,632
0,583 1786,1038
0,581 1668,59
0,58 20847
0,574 6196
0,573 5197
-------------------------------
03.06.2020 02:17:18 gate.io ONT:
----------------------------ASK
0,591 7059,323
0,592 57323,002147
0,593 1332,334327
0,596 154,4
0,599 199,6
0,601 5237,4186701
0,602 55
0,603 21,7713858
0,607 160,7291
0,608 5195
----------------------------BID
0,588 19084,0685
0,587 6955,58907
0,586 57364,4186701
0,585 1198,279
0,584 2126,632
0,583 1786,1038
0,581 1668,59
0,58 20847
0,574 6196
0,573 5197
-------------------------------
03.06.2020 02:17:19 gate.io ONT:
----------------------------ASK
0,591 7059,323
0,592 57323,002147
0,593 1332,334327
0,596 154,4
0,599 199,6
0,601 5237,4186701
0,602 55
0,603 21,7713858
0,607 160,7291
0,608 5195
----------------------------BID
0,588 21623,6751
0,587 7125,94682127
0,586 57364,4186701
0,585 1198,279
0,584 2126,632
0,583 1786,1038
0,581 1668,59
0,58 20847
0,574 6196
0,573 5197
-------------------------------
03.06.2020 02:17:19 gate.io ONT:
----------------------------ASK
0,591 7059,323
0,592 57323,002147
0,593 1332,334327
0,596 154,4
0,599 199,6
0,601 5237,4186701
0,602 55
0,603 21,7713858
0,607 160,7291
0,608 5195
----------------------------BID
0,588 21623,6751
0,587 6955,58907
0,586 57364,4186701
0,585 1198,279
0,584 2126,632
0,583 1786,1038
0,581 1668,59
0,58 20847
0,574 6196
0,573 5197
-------------------------------
03.06.2020 02:17:20 gate.io ONT:
----------------------------ASK
0,591 7059,323
0,592 57323,002147
0,593 1332,334327
0,596 154,4
0,599 199,6
0,601 5237,4186701
0,602 55
0,603 21,7713858
0,607 160,7291
0,608 5195
----------------------------BID
0,588 21623,6751
0,587 9510,95533916
0,586 57364,4186701
0,585 1198,279
0,584 2126,632
0,583 1786,1038
0,581 1668,59
0,58 20847
0,574 6196
0,573 5197
-------------------------------
03.06.2020 02:17:20 gate.io ONT:
----------------------------ASK
0,591 7059,323
0,592 57323,002147
0,593 1332,334327
0,596 154,4
0,599 199,6
0,601 5237,4186701
0,602 55
0,603 21,7713858
0,607 160,7291
0,608 5195
----------------------------BID
0,588 21623,6751
0,587 6955,58907
0,586 57364,4186701
0,585 1198,279
0,584 2126,632
0,583 1786,1038
0,581 1668,59
0,58 20847
0,574 6196
0,573 5197
-------------------------------
03.06.2020 02:17:23 gate.io ONT:
----------------------------ASK
0,591 7059,323
0,592 57323,002147
0,593 1332,334327
0,596 154,4
0,599 199,6
0,601 5237,4186701
0,602 55
0,603 21,7713858
0,607 160,7291
0,608 5195
----------------------------BID
0,588 21623,6751
0,587 9681,31309043
0,586 57364,4186701
0,585 1198,279
0,584 2126,632
0,583 1786,1038
0,581 1668,59
0,58 20847
0,574 6196
0,573 5197
-------------------------------
03.06.2020 02:17:23 gate.io ONT:
----------------------------ASK
0,591 12104,323
0,592 52278,002147
0,593 1332,334327
0,596 154,4
0,599 199,6
0,601 5237,4186701
0,602 55
0,603 21,7713858
0,607 160,7291
0,608 5195
----------------------------BID
0,588 19580,0751
0,587 9681,31309043
0,586 57364,4186701
0,585 1198,279
0,584 2126,632
0,583 1786,1038
0,581 1668,59
0,58 20847
0,574 6196
0,573 5197
-------------------------------
03.06.2020 02:17:24 gate.io ONT:
----------------------------ASK
0,591 12104,323
0,592 52278,002147
0,593 1332,334327
0,596 154,4
0,599 199,6
0,601 5237,4186701
0,602 55
0,603 21,7713858
0,607 160,7291
0,608 5195
----------------------------BID
0,588 19868,4591
0,587 7125,94682127
0,586 57364,4186701
0,585 1198,279
0,584 2126,632
0,583 1786,1038
0,581 1668,59
0,58 20847
0,574 6196
0,573 5197
-------------------------------
03.06.2020 02:17:24 gate.io ONT:
----------------------------ASK
0,591 12104,323
0,592 52278,002147
0,593 1332,334327
0,596 154,4
0,599 199,6
0,601 5237,4186701
0,602 55
0,603 21,7713858
0,607 160,7291
0,608 5195
----------------------------BID
0,588 19375,7851
0,587 6955,58907
0,586 57364,4186701
0,585 1198,279
0,584 2126,632
0,583 1786,1038
0,581 1668,59
0,58 20847
0,574 6196
0,573 5197
-------------------------------
03.06.2020 02:17:26 gate.io ONT:
----------------------------ASK
0,591 12104,323
0,592 52278,002147
0,593 1332,334327
0,596 154,4
0,599 199,6
0,601 5237,4186701
0,602 55
0,603 21,7713858
0,607 160,7291
0,608 5195
----------------------------BID
0,588 19375,7851
0,587 9510,95533916
0,586 57364,4186701
0,585 1198,279
0,584 2126,632
0,583 1786,1038
0,581 1668,59
0,58 20847
0,574 6196
0,573 5197
-------------------------------
03.06.2020 02:17:27 gate.io ONT:
----------------------------ASK
0,591 12104,323
0,592 52278,002147
0,593 1332,334327
0,596 154,4
0,599 199,6
0,601 5237,4186701
0,602 55
0,603 21,7713858
0,607 160,7291
0,608 5195
----------------------------BID
0,588 19375,7851
0,587 7125,94682127
0,586 57364,4186701
0,585 1198,279
0,584 2126,632
0,583 1786,1038
0,581 1668,59
0,58 20847
0,574 6196
0,573 5197
-------------------------------