
31.05.2020 00:05:57 okex BTC:
----------------------------ASK
9461,6 3,60417952
9461,7 0,20103693
9461,9 0,80514772
9462,4 0,2
9462,5 0,10762981
9463,4 0,208
9463,9 0,447
9464,1 0,68011996
9464,2 0,15
9464,3 0,31571332
----------------------------BID
9460,6 0,17651793
9460,3 0,2
9459,7 0,19998
9459,2 0,50794165
9458,8 0,34099959
9458,7 1,3
9458,5 0,5
9458,3 1
9457,8 1,257
9457,7 0,3042276
-------------------------------
31.05.2020 00:05:57 okex BTC:
----------------------------ASK
9461,6 3,40154872
9461,7 0,20303693
9461,9 0,80414772
9462,4 0,2
9462,5 0,10762981
9463,4 0,208
9463,9 0,447
9464,1 0,75811996
9464,2 0,15
9464,3 0,31571332
----------------------------BID
9460,6 0,17651793
9460,3 0,2
9459,3 0,19998
9459,2 0,50794165
9458,9 0,2015
9458,8 0,34099959
9458,7 2,3
9458,5 0,5
9458,1 0,17
9457,8 1,257
-------------------------------
31.05.2020 00:05:57 okex BTC:
----------------------------ASK
9461,6 0,55117952
9461,7 0,20303693
9461,9 0,80414772
9462,4 0,214
9462,5 0,10762981
9463,4 0,208
9463,6 0,6080072
9463,9 0,448
9464,1 0,17417831
9464,2 0,15
----------------------------BID
9461,5 3,69302976
9460,6 0,17651793
9460,3 0,2
9460,1 0,50594165
9459,3 0,19998
9458,9 0,2015
9458,8 0,20399959
9458,7 2,3
9458,5 0,5
9458 0,17
-------------------------------
31.05.2020 00:05:57 okex BTC:
----------------------------ASK
9461,7 0,20303693
9461,9 0,80414772
9462,7 0,205
9463 0,10762981
9463,4 0,208
9463,9 0,448
9464,1 0,17417831
9464,2 0,15
9464,3 0,18571332
9464,6 1,24828552
----------------------------BID
9461,5 3,74880525
9460,6 0,17651793
9460,3 0,2
9460,1 0,50594165
9459,3 0,19998
9459,2 1,002
9458,9 0,2015
9458,8 0,20399959
9458,7 1,3
9458,5 0,5
-------------------------------
31.05.2020 00:05:57 okex BTC:
----------------------------ASK
9461,7 0,20303693
9461,9 0,80414772
9462,7 0,2
9463 0,10762981
9463,4 0,208
9463,9 0,448
9464,1 0,17417831
9464,2 0,15
9464,3 0,10771332
9464,6 1,24828552
----------------------------BID
9461,5 3,93780525
9460,6 0,17651793
9460,4 0,26498
9460,3 0,2
9460,2 0,2
9460,1 0,50594165
9459,4 0,137
9459,2 1,002
9458,9 0,2015
9458,7 1,3
-------------------------------
31.05.2020 00:05:57 okex BTC:
----------------------------ASK
9461,7 0,20303693
9461,9 0,80414772
9462,7 0,2
9463 0,10762981
9463,4 0,208
9463,9 0,448
9464,1 0,17417831
9464,2 0,15
9464,3 0,10771332
9464,6 1,24828552
----------------------------BID
9461,5 3,93880525
9461,4 0,21131633
9460,6 0,17651793
9460,4 0,26498
9460,3 0,2
9460,2 0,2
9460,1 0,50594165
9459,3 0,137
9459,2 1,002
9458,9 0,2015
-------------------------------
31.05.2020 00:05:58 okex BTC:
----------------------------ASK
9461,6 0,3826344
9461,7 0,20303693
9461,9 0,80414772
9462,7 0,213
9463 0,10762981
9463,4 0,208
9463,9 0,448
9464,1 0,17417831
9464,2 0,15
9464,3 0,10771332
----------------------------BID
9461,5 0,3538203
9460,6 0,18451793
9460,3 0,2
9460,2 0,2
9460,1 0,50594165
9459,4 0,20297959
9459,3 0,137
9458,7 1,3
9458,5 0,5
9458,3 1
-------------------------------
31.05.2020 00:05:58 okex BTC:
----------------------------ASK
9461,6 0,5340036
9461,7 0,20303693
9461,9 0,80414772
9462,7 0,2
9463 0,10762981
9463,4 0,208
9463,8 0,33185666
9463,9 0,448
9464,1 0,25217831
9464,2 0,15
----------------------------BID
9461,5 0,24780525
9460,6 0,17651793
9460,3 0,216
9460 0,106
9459,8 0,50594165
9459,5 0,20162525
9459,4 0,20297959
9458,8 0,558
9458,7 1,3
9458,5 0,5
-------------------------------
31.05.2020 00:05:58 okex BTC:
----------------------------ASK
9461,6 0,75817952
9461,7 0,20303693
9461,9 0,80414772
9462,7 0,2
9463 0,12162981
9463,4 0,208
9463,8 0,33185666
9463,9 0,976
9464,1 0,25217831
9464,2 0,15
----------------------------BID
9461,5 0,24780525
9460,6 0,17651793
9460,3 0,216
9460 0,106
9459,8 0,50594165
9459,5 0,20162525
9459,4 0,20297959
9458,9 0,1385
9458,8 0,338
9458,7 1,3
-------------------------------
31.05.2020 00:05:58 okex BTC:
----------------------------ASK
9461,6 0,65654872
9461,7 0,20303693
9461,9 0,80414772
9462,6 0,108
9462,7 0,2
9463 0,10762981
9463,4 0,208
9463,8 0,33185666
9463,9 0,976
9464,1 0,17417831
----------------------------BID
9461,5 0,24780525
9460,6 0,17651793
9460,3 0,2
9460 0,27198
9459,8 0,50594165
9459,5 0,33862525
9458,8 0,201
9458,7 2,3
9458,6 0,202
9458,5 0,5
-------------------------------
31.05.2020 00:05:58 okex BTC:
----------------------------ASK
9461,6 0,65817952
9461,7 0,20303693
9461,9 0,80514772
9462,6 0,101
9462,7 0,2
9462,8 0,11911837
9463,4 0,222
9463,8 0,33185666
9463,9 0,976
9464,1 0,17417831
----------------------------BID
9461,5 0,24780525
9460,6 0,17651793
9460,3 0,2
9460 0,27198
9459,8 0,50594165
9459,5 0,20162525
9458,9 0,1385
9458,7 2,3
9458,6 0,202
9458,5 0,5
-------------------------------
31.05.2020 00:05:58 okex BTC:
----------------------------ASK
9461,6 0,65554872
9461,7 0,20303693
9461,9 0,80514772
9462,6 0,101
9462,7 0,2
9463,3 0,10925506
9463,4 0,222
9463,8 0,33185666
9463,9 0,976
9464,1 0,17417831
----------------------------BID
9461,5 0,24780525
9460,6 0,17651793
9460,3 0,2
9460 0,27198
9459,9 0,201
9459,8 0,50594165
9459,5 0,20162525
9458,8 0,138
9458,7 1,3
9458,5 0,5
-------------------------------
31.05.2020 00:05:58 okex BTC:
----------------------------ASK
9461,6 0,65817952
9461,7 0,20303693
9461,9 0,80514772
9462,4 0,207
9462,6 0,101
9463,3 0,10925506
9463,4 0,222
9463,8 0,33185666
9463,9 0,976
9464,1 0,17417831
----------------------------BID
9461,5 0,24780525
9460,6 0,17651793
9460,4 0,281
9460,3 0,2
9460 0,27198
9459,8 0,50594165
9458,9 0,2015
9458,8 0,138
9458,7 1,3
9458,6 0,202
-------------------------------
31.05.2020 00:05:58 okex BTC:
----------------------------ASK
9461,6 0,65554872
9461,7 0,20303693
9461,9 0,80414772
9462,4 0,207
9463,3 0,10925506
9463,4 0,208
9463,8 0,33185666
9463,9 0,976
9464,1 0,25217831
9464,2 0,15
----------------------------BID
9461,5 0,24780525
9460,6 0,17651793
9460,4 0,21
9460,3 0,2
9460,1 0,27898
9459,8 0,50594165
9459 0,137
9458,9 0,2139485
9458,7 1,3
9458,3 1
-------------------------------
31.05.2020 00:05:58 okex BTC:
----------------------------ASK
9461,6 0,65817952
9461,7 0,20303693
9461,9 0,80514772
9462,4 0,22
9463,3 0,10925506
9463,4 0,208
9463,8 0,33185666
9463,9 0,976
9464,1 0,17417831
9464,2 0,15
----------------------------BID
9461,5 0,24780525
9460,6 0,17651793
9460,4 0,258
9460,3 0,2
9460,1 0,23098
9459,8 0,50594165
9459 0,137
9458,9 0,2139485
9458,7 1,3
9458,5 0,17
-------------------------------
31.05.2020 00:05:59 okex BTC:
----------------------------ASK
9461,6 0,65554872
9461,7 0,20303693
9461,9 0,80514772
9462,4 0,22
9463,4 0,208
9463,8 0,33185666
9463,9 0,529
9464 0,21
9464,1 0,17417831
9464,2 0,15
----------------------------BID
9461,5 0,24780525
9460,6 0,17651793
9460,4 0,258
9460,3 0,2
9460,1 0,23098
9459,8 0,50594165
9459,4 0,60299959
9459 0,137
9458,9 0,2139485
9458,7 1,3
-------------------------------
31.05.2020 00:05:59 okex BTC:
----------------------------ASK
9461,6 0,28517952
9461,7 0,20303693
9461,9 0,80414772
9463 0,3
9463,1 0,10762981
9463,3 0,43662525
9463,4 0,208
9463,8 0,33185666
9463,9 0,529
9464 0,21
----------------------------BID
9461,5 2,95080525
9460,6 0,18451793
9460,4 0,241
9460,3 0,2
9460,1 0,70592165
9459,9 0,201
9459,4 0,60299959
9458,7 1,332
9458,1 1,927
9458 0,3
-------------------------------
31.05.2020 00:05:59 okex BTC:
----------------------------ASK
9461,7 0,20303693
9461,9 0,80414772
9463 0,2
9463,4 0,208
9463,6 0,18863701
9464 0,21
9464,1 0,17417831
9464,2 0,15
9464,3 0,10771332
9464,5 0,1113
----------------------------BID
9461,5 2,95180525
9460,6 0,20751793
9460,4 0,2
9460,3 0,2
9460,1 0,70592165
9459,9 0,201
9459,5 0,13862525
9459,4 0,6
9459,2 1,002
9458,7 1,332
-------------------------------
31.05.2020 00:05:59 okex BTC:
----------------------------ASK
9461,7 0,20303693
9461,9 0,80414772
9463,3 0,30162525
9463,4 0,208
9463,6 0,18863701
9463,8 0,49685666
9464 0,21
9464,1 0,17417831
9464,2 0,15
9464,3 0,10771332
----------------------------BID
9461,5 3,27233822
9460,6 0,20751793
9460,4 0,2
9460,3 0,2
9460,1 0,70592165
9459,9 0,201
9459,5 0,13862525
9459,4 0,6
9458,7 1,332
9458,6 0,5
-------------------------------
31.05.2020 00:05:59 okex BTC:
----------------------------ASK
9461,7 0,20303693
9461,9 0,80414772
9463,3 0,30162525
9463,4 0,208
9463,6 0,18863701
9463,8 0,49685666
9464,1 0,17417831
9464,2 0,15
9464,3 0,10771332
9464,6 1,85428552
----------------------------BID
9461,5 3,47233822
9461,4 0,21065159
9460,6 0,17651793
9460,4 0,2
9460,3 0,2
9460,1 0,70592165
9459,9 0,201
9459,5 0,13862525
9459,4 0,6
9459,2 1,002
-------------------------------
31.05.2020 00:05:59 okex BTC:
----------------------------ASK
9461,7 0,20203693
9461,9 0,80414772
9463,3 0,30162525
9463,4 0,208
9463,6 0,18863701
9463,8 0,49785666
9464,1 0,17417831
9464,2 0,15
9464,3 0,10771332
9464,6 1,85428552
----------------------------BID
9461,5 3,47233822
9460,9 0,20998
9460,6 0,17651793
9460,4 0,2
9460,3 0,201
9460,1 0,50594165
9459,9 0,201
9459,5 0,13862525
9459,4 0,6
9459,2 1,002
-------------------------------
31.05.2020 00:05:59 okex BTC:
----------------------------ASK
9461,7 0,20103693
9461,9 0,80414772
9463,3 0,30162525
9463,4 0,208
9463,6 0,18863701
9463,8 0,49885666
9464,1 0,17417831
9464,2 0,15
9464,3 0,10771332
9464,6 1,85428552
----------------------------BID
9461,5 3,47233822
9461,4 0,21165159
9460,9 0,20998
9460,6 0,17651793
9460,4 0,2
9460,3 0,201
9460,1 0,50594165
9459,9 0,201
9459,5 0,13862525
9459,4 0,6
-------------------------------
31.05.2020 00:05:59 okex BTC:
----------------------------ASK
9461,7 0,20103693
9461,9 0,80414772
9463,3 0,30162525
9463,4 0,208
9463,6 0,18863701
9463,8 0,49885666
9464,1 0,17417831
9464,2 0,15
9464,3 0,10771332
9464,6 1,85428552
----------------------------BID
9461,5 3,47233822
9460,9 0,20998
9460,6 0,17651793
9460,4 0,2
9460,3 0,201
9460,1 0,50594165
9459,9 0,201
9459,5 0,13862525
9459,4 0,6
9459,2 1,002
-------------------------------
31.05.2020 00:05:59 okex BTC:
----------------------------ASK
9461,6 0,48311433
9461,7 0,20103693
9461,9 0,80414772
9463,3 0,30162525
9463,4 0,208
9463,6 0,18863701
9463,8 0,49885666
9464,1 0,17417831
9464,2 0,15
9464,3 0,10771332
----------------------------BID
9461,5 0,56933822
9461,4 0,21165159
9460,6 0,17651793
9460,4 0,2
9460,3 0,201
9460,1 0,50594165
9459,9 0,201
9459,5 0,13862525
9459,4 0,6
9458,7 1,3
-------------------------------
31.05.2020 00:05:59 okex BTC:
----------------------------ASK
9461,6 0,64074513
9461,7 0,20103693
9461,9 0,80414772
9463,3 0,30162525
9463,4 0,208
9463,6 0,18863701
9463,8 0,49885666
9464,1 0,70217831
9464,2 0,15
9464,3 0,10771332
----------------------------BID
9461,5 0,44780525
9460,6 0,17651793
9460,4 0,2
9460,3 0,201
9460,2 0,19998
9460,1 0,50594165
9459,9 0,201
9459,5 0,13862525
9458,7 1,3
9458,3 1
-------------------------------
31.05.2020 00:06:00 okex BTC:
----------------------------ASK
9461,6 0,63811433
9461,7 0,20103693
9461,9 0,80414772
9463,3 0,30162525
9463,4 0,208
9463,6 0,18863701
9464,1 0,70217831
9464,2 0,15
9464,3 0,10771332
9464,6 1,45728552
----------------------------BID
9461,5 0,44780525
9460,6 0,17651793
9460,4 0,2
9460,3 0,201
9460,2 0,19998
9460,1 0,50594165
9459,9 0,201
9459 0,137
9458,7 1,3
9458,3 1
-------------------------------
31.05.2020 00:06:00 okex BTC:
----------------------------ASK
9461,6 0,64074513
9461,7 0,20103693
9461,9 0,80414772
9462,8 0,11148856
9463,3 0,20162525
9463,4 0,208
9463,6 0,18863701
9464,1 0,70217831
9464,2 0,15
9464,3 0,10771332
----------------------------BID
9461,5 0,44780525
9460,6 0,17651793
9460,4 0,2
9460,3 0,201
9460,2 0,19998
9460,1 0,50594165
9459,9 0,201
9459 0,137
9458,8 0,203
9458,7 1,3
-------------------------------
31.05.2020 00:06:00 okex BTC:
----------------------------ASK
9461,6 0,63711433
9461,7 0,20203693
9461,9 0,80414772
9462,6 0,2
9462,8 0,11148856
9463,4 0,208
9463,6 0,18863701
9464,1 0,70217831
9464,2 0,15
9464,3 0,38371332
----------------------------BID
9461,5 0,44780525
9460,6 0,17651793
9460,4 0,2
9460,3 0,201
9460,1 0,50594165
9459,9 0,201
9459,1 0,20098
9459 0,137
9458,9 0,3709485
9458,8 0,203
-------------------------------
31.05.2020 00:06:00 okex BTC:
----------------------------ASK
9461,6 0,63974513
9461,7 0,20203693
9461,9 0,80414772
9462,6 0,2
9462,8 0,11148856
9463 0,10762981
9463,4 0,208
9464,1 0,70217831
9464,2 0,15
9464,3 0,38371332
----------------------------BID
9461,5 0,44780525
9460,6 0,17651793
9460,4 0,2
9460,3 0,201
9460,1 0,50594165
9459,9 0,201
9459,2 0,139
9459,1 0,20098
9458,9 0,3709485
9458,8 0,203
-------------------------------
31.05.2020 00:06:00 okex BTC:
----------------------------ASK
9461,6 0,75865945
9461,7 0,20103693
9461,9 0,80414772
9462,6 0,2
9462,8 0,11148856
9463 0,10862981
9463,4 0,643
9464,1 0,70217831
9464,2 0,15
9464,3 0,38371332
----------------------------BID
9461,5 0,44780525
9460,6 0,17651793
9460,4 0,2
9460,3 0,201
9460,1 0,50594165
9459,9 0,201
9459,5 0,50162525
9459,2 0,139
9459,1 0,20098
9458,9 0,37394809
-------------------------------
31.05.2020 00:06:00 okex BTC:
----------------------------ASK
9461,6 0,76129025
9461,7 0,20103693
9461,9 0,80414772
9462,6 0,2
9462,8 0,11148856
9463 0,10862981
9463,4 0,643
9464,1 0,70217831
9464,2 0,15
9464,3 0,38371332
----------------------------BID
9461,5 0,44780525
9460,6 0,17651793
9460,4 0,2
9460,3 0,39998
9460,1 0,50594165
9459,9 0,201
9459,6 0,137
9459,5 0,50162525
9458,9 0,37394809
9458,8 0,203
-------------------------------
31.05.2020 00:06:00 okex BTC:
----------------------------ASK
9461,6 0,75865945
9461,7 0,20103693
9461,9 0,80414772
9462,6 0,2
9462,8 0,11148856
9463 0,10862981
9463,4 0,643
9464,1 0,70217831
9464,2 0,15
9464,3 0,38371332
----------------------------BID
9461,5 0,44780525
9460,6 0,17651793
9460,4 0,2
9460,3 0,39998
9460,1 0,50594165
9459,9 0,201
9459,6 0,137
9459,5 0,50162525
9458,9 0,37394809
9458,8 0,203
-------------------------------
31.05.2020 00:06:00 okex BTC:
----------------------------ASK
9461,6 0,76696479
9461,7 0,20103693
9461,9 0,80414772
9462,6 0,213
9462,8 0,11148856
9463 0,10862981
9463,4 0,643
9464,1 0,70217831
9464,2 0,15
9464,3 0,38371332
----------------------------BID
9461,5 0,44780525
9460,6 0,20051793
9460,4 0,2
9460,3 0,39998
9460,1 0,50594165
9459,9 0,201
9459,6 0,137
9459,5 0,50162525
9458,9 0,37394809
9458,7 1,3
-------------------------------
31.05.2020 00:06:00 okex BTC:
----------------------------ASK
9461,6 0,76533399
9461,7 0,20103693
9461,9 0,80414772
9462,6 0,2
9462,8 0,11148856
9463 0,10862981
9463,4 0,643
9464,1 0,70217831
9464,2 0,16244701
9464,3 0,38371332
----------------------------BID
9461,5 0,44780525
9460,7 0,20798
9460,6 0,20751793
9460,4 0,2
9460,3 0,2
9460,1 0,50594165
9459,9 0,201
9459,6 0,137
9459,5 0,50162525
9458,7 1,47
-------------------------------
31.05.2020 00:06:00 okex BTC:
----------------------------ASK
9461,6 0,76796479
9461,7 0,20103693
9461,9 0,80414772
9462,6 0,213
9462,8 0,11148856
9463 0,10862981
9463,4 0,643
9464,1 0,70217831
9464,2 0,16244701
9464,3 0,38371332
----------------------------BID
9461,5 0,44780525
9460,7 0,19998
9460,6 0,25551793
9460,4 0,2
9460,3 0,2
9460,1 0,50594165
9459,9 0,201
9459,6 0,137
9459,5 0,50162525
9458,7 1,502
-------------------------------
31.05.2020 00:06:01 okex BTC:
----------------------------ASK
9461,6 0,76533399
9461,7 0,20103693
9461,9 0,80414772
9462,6 0,209
9462,8 0,11148856
9463 0,10862981
9463,4 0,643
9464,1 0,70217831
9464,2 0,16244701
9464,3 0,38371332
----------------------------BID
9461,5 0,44780525
9460,7 0,19998
9460,6 0,22451793
9460,4 0,2
9460,3 0,2
9460,1 0,50594165
9459,9 0,201
9459,5 0,50162525
9458,7 1,332
9458,6 1
-------------------------------
31.05.2020 00:06:01 okex BTC:
----------------------------ASK
9461,6 0,76796479
9461,7 0,20103693
9461,9 0,80414772
9462,6 0,209
9462,8 0,11148856
9463 0,10862981
9463,4 0,643
9464,1 0,70217831
9464,2 0,16244701
9464,3 0,38371332
----------------------------BID
9461,5 0,44780525
9460,6 0,22451793
9460,3 0,2
9460,1 0,50594165
9459,9 0,40098
9459,6 0,2
9459,5 0,50162525
9458,7 1,332
9458,1 1,17
9458 0,3
-------------------------------
31.05.2020 00:06:01 okex BTC:
----------------------------ASK
9461,6 0,76533399
9461,7 0,20103693
9461,9 0,80414772
9462,6 0,209
9462,8 0,11148856
9463 0,10862981
9463,4 0,643
9464,1 0,70217831
9464,2 0,16244701
9464,3 0,38371332
----------------------------BID
9461,5 0,44780525
9460,6 0,18451793
9460,3 0,2
9460,1 0,50594165
9459,9 0,40098
9459,6 0,2
9459,5 0,68105898
9458,7 1,332
9458,1 1,17
9458 0,3
-------------------------------
31.05.2020 00:06:01 okex BTC:
----------------------------ASK
9461,6 0,76796479
9461,7 0,20103693
9461,9 0,80414772
9462,6 0,209
9462,8 0,11148856
9463 0,10862981
9463,4 0,208
9464,1 0,70217831
9464,2 0,16244701
9464,3 0,38371332
----------------------------BID
9461,5 0,44780525
9460,6 0,18451793
9460,3 0,2
9460,1 0,50594165
9459,9 0,40098
9459,6 0,2
9459,5 0,68105898
9459 0,137
9458,7 1,332
9458,1 1,17
-------------------------------