
31.05.2020 00:05:57 gate.io LTC:
----------------------------ASK
46,84 0,724
46,87 17,6632
46,88 13,749
46,89 77,6409
46,9 13,4261
46,91 5,11635758
46,92 4,7129
46,94 85,4135
46,95 6
46,96 52,09
----------------------------BID
46,83 0,6475
46,8 9,6483
46,79 199,5935
46,78 11,48350628
46,77 37,3403
46,76 97,6390333
46,74 7,4
46,73 27,67190327
46,72 27,3492
46,71 177,0649
-------------------------------
31.05.2020 00:05:57 gate.io LTC:
----------------------------ASK
46,84 0,724
46,86 25,0474
46,87 17,6632
46,88 13,749
46,89 77,6409
46,9 13,4261
46,91 5,11635758
46,92 4,7129
46,94 85,4135
46,95 6
----------------------------BID
46,83 0,6475
46,82 25,0474
46,8 9,6483
46,79 199,5935
46,78 11,48350628
46,77 37,3403
46,76 97,6390333
46,74 7,4
46,73 27,67190327
46,72 27,3492
-------------------------------
31.05.2020 00:05:58 gate.io LTC:
----------------------------ASK
46,84 0,724
46,86 25,0474
46,87 17,6632
46,88 13,749
46,89 77,6409
46,9 13,4261
46,91 5,11635758
46,92 4,7129
46,94 85,4135
46,95 6
----------------------------BID
46,83 0,6475
46,82 25,0474
46,8 9,6483
46,79 199,5935
46,78 11,48350628
46,77 37,3403
46,76 97,6390333
46,74 7,4
46,73 27,67190327
46,72 27,3492
-------------------------------
31.05.2020 00:05:58 gate.io LTC:
----------------------------ASK
46,84 0,724
46,86 25,0474
46,87 17,6632
46,88 13,749
46,89 77,6409
46,9 13,4261
46,91 5,11635758
46,92 4,7129
46,94 85,4135
46,95 6
----------------------------BID
46,83 0,6475
46,82 25,0474
46,8 9,6483
46,79 199,5935
46,78 11,48350628
46,77 37,3403
46,76 97,6390333
46,74 7,4
46,73 27,67190327
46,72 91,3993
-------------------------------
31.05.2020 00:05:59 gate.io LTC:
----------------------------ASK
46,84 0,724
46,87 17,6632
46,88 13,749
46,89 77,6409
46,9 13,4261
46,91 5,11635758
46,92 4,7129
46,94 85,4135
46,95 6
46,96 52,09
----------------------------BID
46,83 0,6475
46,8 9,6483
46,79 199,5935
46,78 11,48350628
46,77 37,3403
46,76 97,6390333
46,74 7,4
46,73 27,67190327
46,72 91,3993
46,71 113
-------------------------------
31.05.2020 00:05:59 gate.io LTC:
----------------------------ASK
46,86 25,0474
46,87 17,6632
46,88 13,749
46,89 77,6409
46,9 13,4261
46,91 5,11635758
46,92 4,7129
46,94 85,4135
46,95 6
46,96 52,09
----------------------------BID
46,83 0,6475
46,82 25,0474
46,8 9,6483
46,79 199,5935
46,78 11,48350628
46,77 37,3403
46,76 97,6390333
46,75 2,13903742
46,74 7,4
46,73 27,67190327
-------------------------------
31.05.2020 00:06:00 gate.io LTC:
----------------------------ASK
46,86 25,0474
46,87 17,6632
46,88 13,749
46,89 77,6409
46,9 13,4261
46,91 5,11635758
46,92 4,7129
46,94 85,4135
46,95 6
46,96 52,09
----------------------------BID
46,83 0,6475
46,82 25,0474
46,8 9,6483
46,79 199,5935
46,78 11,48350628
46,77 37,3403
46,76 97,6390333
46,74 7,4
46,73 27,67190327
46,72 91,3993
-------------------------------
31.05.2020 00:06:00 gate.io LTC:
----------------------------ASK
46,86 0,69
46,87 17,6632
46,88 13,059
46,89 77,6409
46,9 13,4261
46,91 5,11635758
46,92 4,7129
46,94 85,4135
46,95 6
46,96 52,09
----------------------------BID
46,83 0,6475
46,8 11,4383
46,79 199,0735
46,78 11,48350628
46,77 37,3403
46,76 97,6390333
46,74 7,4
46,73 27,67190327
46,72 91,3993
46,71 113
-------------------------------
31.05.2020 00:06:01 gate.io LTC:
----------------------------ASK
46,86 25,7374
46,87 17,6632
46,88 13,059
46,89 77,6409
46,9 13,4261
46,91 5,11635758
46,92 4,7129
46,94 85,4135
46,95 6
46,96 52,09
----------------------------BID
46,83 0,6475
46,82 25,0474
46,8 11,4383
46,79 199,0735
46,78 11,48350628
46,77 44,7403
46,76 97,6390333
46,73 27,67190327
46,72 91,3993
46,71 113
-------------------------------