
31.05.2020 00:05:57 okex LTC:
----------------------------ASK
46,83 0,342272
46,84 360,705632
46,85 11,332381
46,86 456,778004
46,87 592,244182
46,88 528,299072
46,89 157,313716
46,9 47,642857
46,91 168,151153
46,92 675,785533
----------------------------BID
46,81 23,750713
46,8 266,793222
46,79 261,739279
46,78 434,607097
46,77 617,931252
46,76 57,175228
46,75 413,836755
46,74 129,868983
46,73 86,981426
46,72 192,129003
-------------------------------
31.05.2020 00:05:57 okex LTC:
----------------------------ASK
46,83 0,342272
46,84 360,705632
46,85 11,332381
46,86 456,778004
46,87 592,244182
46,88 528,299072
46,89 157,313716
46,9 47,642857
46,91 168,151153
46,92 675,785533
----------------------------BID
46,81 23,750713
46,8 266,793222
46,79 261,739279
46,78 434,607097
46,77 614,214871
46,76 57,175228
46,75 413,836755
46,74 129,868983
46,73 86,981426
46,72 192,129003
-------------------------------
31.05.2020 00:05:57 okex LTC:
----------------------------ASK
46,83 0,295546
46,84 360,705632
46,85 11,332381
46,86 456,778004
46,87 592,244182
46,88 528,299072
46,89 157,313716
46,9 47,642857
46,91 168,151153
46,92 675,785533
----------------------------BID
46,81 23,750713
46,8 266,793222
46,79 261,739279
46,78 434,607097
46,77 614,214871
46,76 57,175228
46,75 413,836755
46,74 129,868983
46,73 86,981426
46,72 192,129003
-------------------------------
31.05.2020 00:05:57 okex LTC:
----------------------------ASK
46,83 0,295546
46,84 360,705632
46,85 11,332381
46,86 456,778004
46,87 592,244182
46,88 528,299072
46,89 157,313716
46,9 47,642857
46,91 168,151153
46,92 675,785533
----------------------------BID
46,82 2,661
46,81 23,750713
46,8 266,793222
46,79 261,739279
46,78 434,607097
46,77 614,214871
46,76 57,175228
46,75 413,836755
46,74 129,868983
46,73 86,981426
-------------------------------
31.05.2020 00:05:58 okex LTC:
----------------------------ASK
46,83 0,295546
46,84 360,705632
46,85 11,332381
46,86 456,778004
46,87 592,244182
46,88 528,299072
46,89 157,313716
46,9 47,642857
46,91 168,151153
46,92 675,785533
----------------------------BID
46,82 2,661
46,81 28,86532
46,8 266,793222
46,79 261,739279
46,78 434,607097
46,77 617,931396
46,76 57,175228
46,75 413,836755
46,74 129,868983
46,73 86,981426
-------------------------------
31.05.2020 00:05:58 okex LTC:
----------------------------ASK
46,83 0,295546
46,84 360,705632
46,85 11,332381
46,86 456,778004
46,87 592,244182
46,88 528,299072
46,89 157,313716
46,9 47,642857
46,91 168,151153
46,92 675,785533
----------------------------BID
46,82 2,661
46,81 28,86532
46,8 266,793222
46,79 241,536642
46,78 434,607097
46,77 617,931396
46,76 57,175228
46,75 413,836755
46,74 129,868983
46,73 86,981426
-------------------------------
31.05.2020 00:05:58 okex LTC:
----------------------------ASK
46,83 0,295546
46,84 360,705632
46,85 11,332381
46,86 456,778004
46,87 592,244182
46,88 528,299072
46,89 157,313716
46,9 47,642857
46,91 168,151153
46,92 675,785533
----------------------------BID
46,82 2,661
46,81 28,86532
46,8 286,996619
46,79 241,536642
46,78 434,607097
46,77 617,931396
46,76 57,175228
46,75 413,836755
46,74 129,868983
46,73 86,981426
-------------------------------
31.05.2020 00:05:58 okex LTC:
----------------------------ASK
46,83 0,342662
46,84 348,523428
46,85 11,332381
46,86 456,778004
46,87 592,244182
46,88 528,299072
46,89 157,313716
46,9 47,642857
46,91 168,151153
46,92 675,785533
----------------------------BID
46,82 2,661
46,81 53,14432
46,8 286,996619
46,79 238,536642
46,78 427,607097
46,77 587,726049
46,76 57,175228
46,75 413,836755
46,74 129,868983
46,73 86,981426
-------------------------------
31.05.2020 00:05:58 okex LTC:
----------------------------ASK
46,83 0,342662
46,84 348,523428
46,85 11,13199
46,86 456,777004
46,87 592,245182
46,88 496,261483
46,89 157,313716
46,9 47,642857
46,91 168,151153
46,92 675,785533
----------------------------BID
46,81 53,20172
46,8 289,996619
46,79 245,536642
46,78 437,607097
46,77 587,726049
46,76 57,175228
46,75 413,836755
46,74 129,868983
46,73 86,981426
46,72 192,129003
-------------------------------
31.05.2020 00:05:58 okex LTC:
----------------------------ASK
46,83 0,342662
46,84 348,523428
46,85 11,13199
46,86 439,787232
46,87 624,275931
46,88 496,261483
46,89 157,313716
46,9 47,642857
46,91 168,151153
46,92 675,785533
----------------------------BID
46,81 53,20172
46,8 289,996619
46,79 245,536642
46,78 437,607097
46,77 587,726049
46,76 57,175228
46,75 413,836755
46,74 129,868983
46,73 86,981426
46,72 192,129003
-------------------------------
31.05.2020 00:05:58 okex LTC:
----------------------------ASK
46,83 0,342662
46,84 348,523428
46,85 11,13199
46,86 471,804307
46,87 624,275931
46,88 496,261483
46,89 157,313716
46,9 47,642857
46,91 168,151153
46,92 675,785533
----------------------------BID
46,81 53,20172
46,8 289,996619
46,79 245,536642
46,78 426,929041
46,77 584,009524
46,76 57,175228
46,75 413,836755
46,74 129,868983
46,73 86,981426
46,72 192,129003
-------------------------------
31.05.2020 00:05:58 okex LTC:
----------------------------ASK
46,83 0,342662
46,84 353,638035
46,85 11,13199
46,86 488,794229
46,87 624,275931
46,88 496,261483
46,89 157,313716
46,9 47,642857
46,91 168,151153
46,92 675,785533
----------------------------BID
46,81 53,20172
46,8 289,996619
46,79 245,536642
46,78 426,929041
46,77 594,68644
46,76 57,175228
46,75 413,836755
46,74 129,868983
46,73 86,981426
46,72 192,129003
-------------------------------
31.05.2020 00:05:58 okex LTC:
----------------------------ASK
46,83 0,342662
46,84 353,638035
46,85 11,13199
46,86 488,794229
46,87 624,275931
46,88 496,261483
46,89 157,313716
46,9 47,642857
46,91 168,151153
46,92 675,785533
----------------------------BID
46,81 53,20172
46,8 289,996619
46,79 245,536642
46,78 426,929041
46,77 598,40292
46,76 57,175228
46,75 413,836755
46,74 129,868983
46,73 86,981426
46,72 192,129003
-------------------------------
31.05.2020 00:05:58 okex LTC:
----------------------------ASK
46,83 0,342662
46,84 353,638035
46,85 11,13199
46,86 488,794229
46,87 624,275931
46,88 496,261483
46,89 157,313716
46,9 47,642857
46,91 168,151153
46,92 675,785533
----------------------------BID
46,81 53,20172
46,8 289,996619
46,79 245,536642
46,78 426,929041
46,77 598,40292
46,76 57,175228
46,75 413,836755
46,74 129,868983
46,73 86,981426
46,72 192,129003
-------------------------------
31.05.2020 00:05:59 okex LTC:
----------------------------ASK
46,83 0,342662
46,84 353,638035
46,85 11,13199
46,86 488,794229
46,87 624,275931
46,88 496,261483
46,89 157,313716
46,9 47,642857
46,91 168,151153
46,92 675,785533
----------------------------BID
46,81 53,20172
46,8 289,996619
46,79 245,536642
46,78 426,929041
46,77 598,40292
46,76 57,175228
46,75 413,836755
46,74 129,868983
46,73 86,981426
46,72 192,129003
-------------------------------
31.05.2020 00:05:59 okex LTC:
----------------------------ASK
46,83 0,342662
46,84 353,638035
46,85 11,13199
46,86 488,794229
46,87 624,275931
46,88 496,261483
46,89 157,313716
46,9 47,642857
46,91 168,151153
46,92 675,785533
----------------------------BID
46,81 53,20172
46,8 289,996619
46,79 245,536642
46,78 426,929041
46,77 598,40292
46,76 57,175228
46,75 413,836755
46,74 129,868983
46,73 86,981426
46,72 192,129003
-------------------------------
31.05.2020 00:05:59 okex LTC:
----------------------------ASK
46,83 0,342662
46,84 353,638035
46,85 11,13199
46,86 488,794229
46,87 624,275931
46,88 496,261483
46,89 157,313716
46,9 47,642857
46,91 168,151153
46,92 675,785533
----------------------------BID
46,81 53,20172
46,8 289,996619
46,79 245,536642
46,78 426,929041
46,77 598,40292
46,76 57,175228
46,75 413,836755
46,74 129,868983
46,73 86,981426
46,72 192,129003
-------------------------------
31.05.2020 00:05:59 okex LTC:
----------------------------ASK
46,83 0,342662
46,84 353,638035
46,85 11,13199
46,86 488,794229
46,87 624,275931
46,88 496,261483
46,89 157,313716
46,9 47,642857
46,91 168,151153
46,92 675,785533
----------------------------BID
46,81 53,20172
46,8 289,996619
46,79 245,536642
46,78 426,929041
46,77 564,987461
46,76 57,175228
46,75 413,836755
46,74 129,868983
46,73 86,981426
46,72 192,129003
-------------------------------
31.05.2020 00:05:59 okex LTC:
----------------------------ASK
46,83 0,724642
46,84 353,638035
46,85 11,13199
46,86 488,794229
46,87 624,275931
46,88 496,261483
46,89 157,313716
46,9 47,642857
46,91 168,151153
46,92 675,785533
----------------------------BID
46,81 53,20172
46,8 289,996619
46,79 245,536642
46,78 426,929041
46,77 598,401813
46,76 57,175228
46,75 413,836755
46,74 129,868983
46,73 86,981426
46,72 192,129003
-------------------------------
31.05.2020 00:05:59 okex LTC:
----------------------------ASK
46,83 0,724642
46,84 353,638035
46,85 11,13199
46,86 488,794229
46,87 624,275931
46,88 496,261483
46,89 157,313716
46,9 47,642857
46,91 168,151153
46,92 675,785533
----------------------------BID
46,81 53,20172
46,8 289,996619
46,79 245,536642
46,78 426,929041
46,77 573,33378
46,76 57,175228
46,75 413,836755
46,74 129,868983
46,73 86,981426
46,72 192,129003
-------------------------------
31.05.2020 00:05:59 okex LTC:
----------------------------ASK
46,83 0,724642
46,84 353,638035
46,85 11,13199
46,86 488,794229
46,87 624,275931
46,88 496,261483
46,89 157,313716
46,9 47,642857
46,91 168,151153
46,92 675,785533
----------------------------BID
46,81 53,20172
46,8 289,996619
46,79 245,536642
46,78 426,929041
46,77 584,010697
46,76 57,175228
46,75 413,836755
46,74 129,868983
46,73 86,981426
46,72 192,129003
-------------------------------
31.05.2020 00:05:59 okex LTC:
----------------------------ASK
46,83 0,724642
46,84 353,638035
46,85 11,13199
46,86 488,794229
46,87 624,275931
46,88 496,261483
46,89 157,313716
46,9 47,642857
46,91 168,151153
46,92 675,785533
----------------------------BID
46,81 53,20172
46,8 289,996619
46,79 245,536642
46,78 437,605957
46,77 587,727147
46,76 57,175228
46,75 413,836755
46,74 129,868983
46,73 86,981426
46,72 192,129003
-------------------------------
31.05.2020 00:05:59 okex LTC:
----------------------------ASK
46,83 0,724642
46,84 353,638035
46,85 11,13199
46,86 488,794229
46,87 624,275931
46,88 496,261483
46,89 157,313716
46,9 47,642857
46,91 168,151153
46,92 675,785533
----------------------------BID
46,81 28,92272
46,8 289,996619
46,79 245,536642
46,78 437,605957
46,77 587,727147
46,76 57,175228
46,75 413,836755
46,74 129,868983
46,73 86,981426
46,72 192,129003
-------------------------------
31.05.2020 00:06:00 okex LTC:
----------------------------ASK
46,83 0,724642
46,84 353,638035
46,85 11,13199
46,86 488,794229
46,87 624,275931
46,88 496,261483
46,89 157,313716
46,9 47,642857
46,91 168,151153
46,92 675,785533
----------------------------BID
46,81 23,808113
46,8 289,996619
46,79 245,536642
46,78 437,605957
46,77 587,727147
46,76 57,175228
46,75 413,836755
46,74 129,868983
46,73 86,981426
46,72 192,129003
-------------------------------
31.05.2020 00:06:00 okex LTC:
----------------------------ASK
46,83 0,724642
46,84 353,638035
46,85 11,13199
46,86 488,794229
46,87 624,275931
46,88 496,261483
46,89 157,313716
46,9 47,642857
46,91 168,151153
46,92 675,785533
----------------------------BID
46,81 23,808113
46,8 289,996619
46,79 245,536642
46,78 437,605957
46,77 587,727147
46,76 57,175228
46,75 413,836755
46,74 129,868983
46,73 86,981426
46,72 192,129003
-------------------------------
31.05.2020 00:06:00 okex LTC:
----------------------------ASK
46,83 0,724642
46,84 353,638035
46,85 11,13199
46,86 488,794229
46,87 624,275931
46,88 496,261483
46,89 157,313716
46,9 47,642857
46,91 168,151153
46,92 675,785533
----------------------------BID
46,81 23,808113
46,8 289,996619
46,79 245,536642
46,78 426,929041
46,77 587,727147
46,76 57,175228
46,75 413,836755
46,74 129,868983
46,73 86,981426
46,72 192,129003
-------------------------------
31.05.2020 00:06:00 okex LTC:
----------------------------ASK
46,83 0,724642
46,84 353,638035
46,85 11,13199
46,86 488,794229
46,87 624,275931
46,88 496,261483
46,89 157,313716
46,9 47,642857
46,91 168,151153
46,92 675,785533
----------------------------BID
46,81 23,808113
46,8 289,996619
46,79 245,536642
46,78 426,929041
46,77 598,405203
46,76 57,175228
46,75 413,836755
46,74 129,868983
46,73 86,981426
46,72 192,129003
-------------------------------
31.05.2020 00:06:00 okex LTC:
----------------------------ASK
46,83 0,724642
46,84 353,638035
46,85 11,13199
46,86 488,794229
46,87 624,275931
46,88 496,261483
46,89 157,313716
46,9 47,642857
46,91 168,151153
46,92 675,785533
----------------------------BID
46,81 23,808113
46,8 289,996619
46,79 245,536642
46,78 426,929041
46,77 598,405203
46,76 57,175228
46,75 413,836755
46,74 129,868983
46,73 86,981426
46,72 192,129003
-------------------------------
31.05.2020 00:06:00 okex LTC:
----------------------------ASK
46,83 0,342662
46,84 353,638035
46,85 11,13199
46,86 488,794229
46,87 624,275931
46,88 496,261483
46,89 157,313716
46,9 47,642857
46,91 168,151153
46,92 675,785533
----------------------------BID
46,81 23,808113
46,8 289,996619
46,79 245,536642
46,78 426,929041
46,77 598,405203
46,76 57,175228
46,75 413,836755
46,74 129,868983
46,73 86,981426
46,72 192,129003
-------------------------------
31.05.2020 00:06:00 okex LTC:
----------------------------ASK
46,83 0,342662
46,84 353,638035
46,85 21,880183
46,86 488,794229
46,87 624,275931
46,88 496,261483
46,89 157,313716
46,9 47,642857
46,91 168,151153
46,92 675,785533
----------------------------BID
46,81 23,808113
46,8 289,996619
46,79 245,536642
46,78 426,929041
46,77 594,688753
46,76 57,175228
46,75 413,836755
46,74 129,868983
46,73 86,981426
46,72 192,129003
-------------------------------
31.05.2020 00:06:00 okex LTC:
----------------------------ASK
46,83 0,724642
46,84 353,638035
46,85 21,880183
46,86 488,794229
46,87 624,275931
46,88 496,261483
46,89 157,313716
46,9 47,642857
46,91 168,151153
46,92 675,785533
----------------------------BID
46,81 23,808113
46,8 289,996619
46,79 245,536642
46,78 426,929041
46,77 598,405367
46,76 57,175228
46,75 413,836755
46,74 129,868983
46,73 86,981426
46,72 192,129003
-------------------------------
31.05.2020 00:06:01 okex LTC:
----------------------------ASK
46,83 0,724642
46,84 353,638035
46,85 21,880183
46,86 488,794229
46,87 624,275931
46,88 496,261483
46,89 157,313716
46,9 47,642857
46,91 168,151153
46,92 675,785533
----------------------------BID
46,81 23,808113
46,8 289,996619
46,79 245,536642
46,78 426,929041
46,77 598,405367
46,76 57,175228
46,75 413,836755
46,74 129,868983
46,73 86,981426
46,72 192,129003
-------------------------------
31.05.2020 00:06:01 okex LTC:
----------------------------ASK
46,83 0,724642
46,84 353,638035
46,85 21,880183
46,86 488,794229
46,87 624,275931
46,88 496,261483
46,89 157,313716
46,9 47,642857
46,91 168,151153
46,92 675,785533
----------------------------BID
46,81 23,808113
46,8 289,996619
46,79 245,536642
46,78 426,929041
46,77 587,727311
46,76 57,175228
46,75 413,836755
46,74 129,868983
46,73 86,981426
46,72 192,129003
-------------------------------