
03.06.2020 02:10:46 gate.io EOS:
----------------------------ASK
2,66 611,196333
2,6607 385
2,6608 385
2,661 304,4
2,6611 184,348
2,6614 60
2,6622 151,07854668
2,6624 212,91
2,6633 200
2,6639 1315,432
----------------------------BID
2,6593 30,67370054
2,6583 1543
2,6581 304,4
2,6579 1314,905
2,6575 65,283
2,6573 150
2,6572 70,35313344
2,6571 654,93
2,657 84,772
2,6569 77,1228962
-------------------------------
03.06.2020 02:10:47 gate.io EOS:
----------------------------ASK
2,6602 500,949
2,6607 385
2,6608 385
2,661 304,4
2,6611 184,348
2,6614 60
2,6622 151,07854668
2,6624 212,91
2,6633 200
2,6639 1315,432
----------------------------BID
2,6593 30,67370054
2,6586 500,949
2,6583 1543
2,6581 304,4
2,6579 1314,905
2,6575 65,283
2,6573 150
2,6572 70,35313344
2,6571 654,93
2,657 84,772
-------------------------------
03.06.2020 02:10:48 gate.io EOS:
----------------------------ASK
2,6607 385
2,6608 385
2,661 304,4
2,6611 184,348
2,6614 60
2,6622 151,07854668
2,6624 212,91
2,6633 200
2,6639 1315,432
2,665 149,07127466
----------------------------BID
2,6593 30,67370054
2,6583 1543
2,6581 304,4
2,6579 1314,905
2,6575 65,283
2,6573 150
2,6572 70,35313344
2,6571 654,93
2,657 84,772
2,6569 77,1228962
-------------------------------
03.06.2020 02:10:49 gate.io EOS:
----------------------------ASK
2,6597 13,83301541
2,6602 500,949
2,6607 385
2,6608 385
2,661 304,4
2,6611 184,348
2,6614 60
2,6622 151,07854668
2,6624 212,91
2,6633 200
----------------------------BID
2,6593 30,67370054
2,6586 500,949
2,6583 1543
2,6581 304,4
2,6579 1314,905
2,6575 65,283
2,6573 150
2,6572 70,35313344
2,6571 654,93
2,657 84,772
-------------------------------
03.06.2020 02:10:49 gate.io EOS:
----------------------------ASK
2,6602 500,949
2,6607 385
2,6608 385
2,661 304,4
2,6611 184,348
2,6614 60
2,6622 151,07854668
2,6624 212,91
2,6633 200
2,6639 1315,432
----------------------------BID
2,6593 30,67370054
2,6586 500,949
2,6583 1543
2,6581 304,4
2,6579 1314,905
2,6575 65,283
2,6573 150
2,6572 70,35313344
2,6571 654,93
2,657 84,772
-------------------------------
03.06.2020 02:10:50 gate.io EOS:
----------------------------ASK
2,6602 500,949
2,6607 385
2,6608 385
2,661 304,4
2,6611 184,348
2,6614 60
2,6622 151,07854668
2,6624 212,91
2,6633 200
2,6639 1315,432
----------------------------BID
2,6593 30,67370054
2,6586 500,949
2,6583 1543
2,6581 304,4
2,6579 1314,905
2,6575 65,283
2,6573 150
2,6572 70,35313344
2,6571 654,93
2,657 84,772
-------------------------------
03.06.2020 02:10:50 gate.io EOS:
----------------------------ASK
2,6602 500,949
2,6607 385
2,6608 385
2,661 304,4
2,6611 184,348
2,6614 60
2,6622 151,07854668
2,6624 212,91
2,6633 200
2,6639 1315,432
----------------------------BID
2,6593 30,67370054
2,6586 500,949
2,6583 1543
2,6581 304,4
2,6579 1314,905
2,6575 65,283
2,6573 150
2,6572 70,35313344
2,6571 654,93
2,657 84,772
-------------------------------
03.06.2020 02:10:51 gate.io EOS:
----------------------------ASK
2,6602 500,949
2,6607 385
2,6608 385
2,661 304,4
2,6611 184,348
2,6614 60
2,6622 151,07854668
2,6624 212,91
2,6633 200
2,6639 1315,432
----------------------------BID
2,6593 30,67370054
2,6586 500,949
2,6583 1543
2,6581 304,4
2,6579 1314,905
2,6575 65,283
2,6573 150
2,6572 70,35313344
2,6571 654,93
2,657 84,772
-------------------------------
03.06.2020 02:10:52 gate.io EOS:
----------------------------ASK
2,6602 500,949
2,6607 385
2,6608 385
2,661 304,4
2,6611 184,348
2,6614 60
2,6622 151,07854668
2,6624 212,91
2,6633 200
2,6639 1315,432
----------------------------BID
2,6593 30,67370054
2,6586 500,949
2,6583 1543
2,6581 304,4
2,6579 1314,905
2,6575 65,283
2,6573 150
2,6572 70,35313344
2,6571 654,93
2,657 84,772
-------------------------------
03.06.2020 02:10:52 gate.io EOS:
----------------------------ASK
2,6607 385
2,6608 385
2,661 304,4
2,6611 184,348
2,6614 60
2,6618 588,471
2,6622 151,07854668
2,6624 212,91
2,6633 200
2,6639 1315,432
----------------------------BID
2,6593 30,67370054
2,6583 1543
2,6581 304,4
2,6579 1314,905
2,6575 65,283
2,6573 150
2,6572 70,35313344
2,6571 654,93
2,657 84,772
2,6569 77,1228962
-------------------------------
03.06.2020 02:10:53 gate.io EOS:
----------------------------ASK
2,6607 385
2,6608 385
2,661 304,4
2,6611 184,348
2,6614 60
2,6622 73,24654668
2,6624 212,91
2,6639 1315,432
2,665 149,07127466
2,6658 385
----------------------------BID
2,6593 30,67370054
2,6583 1543
2,6581 304,4
2,6579 1314,905
2,6575 65,283
2,6572 70,35313344
2,6571 654,93
2,657 84,772
2,6569 77,1228962
2,6568 326,411
-------------------------------
03.06.2020 02:10:53 gate.io EOS:
----------------------------ASK
2,6604 500,949
2,6607 385
2,6608 385
2,661 304,4
2,6611 184,348
2,6614 60
2,6622 73,24654668
2,6623 77,832
2,6624 212,91
2,6638 200
----------------------------BID
2,6593 30,67370054
2,6588 500,949
2,6583 1543
2,6581 304,4
2,6579 1314,905
2,6575 215,283
2,6572 70,35313344
2,6571 654,93
2,657 84,772
2,6569 77,1228962
-------------------------------
03.06.2020 02:10:54 gate.io EOS:
----------------------------ASK
2,6607 385
2,6608 385
2,661 304,4
2,6611 184,348
2,6614 60
2,6622 73,24654668
2,6623 77,832
2,6624 212,91
2,6638 200
2,6639 1315,432
----------------------------BID
2,6593 30,67370054
2,6583 1543
2,6581 304,4
2,6579 1314,905
2,6575 215,283
2,6572 70,35313344
2,6571 654,93
2,657 84,772
2,6569 77,1228962
2,6568 326,411
-------------------------------
03.06.2020 02:10:55 gate.io EOS:
----------------------------ASK
2,6607 385
2,6608 385
2,661 304,4
2,6611 184,348
2,6614 60
2,6622 73,24654668
2,6623 77,832
2,6624 212,91
2,6638 200
2,6639 1315,432
----------------------------BID
2,6593 30,67370054
2,6583 1543
2,6581 304,4
2,6579 1314,905
2,6575 215,283
2,6572 70,35313344
2,6571 654,93
2,657 84,772
2,6569 77,1228962
2,6568 326,411
-------------------------------
03.06.2020 02:10:55 gate.io EOS:
----------------------------ASK
2,6604 500,949
2,6607 385
2,6608 385
2,661 304,4
2,6611 184,348
2,6614 60
2,6622 73,24654668
2,6623 77,832
2,6624 212,91
2,6638 200
----------------------------BID
2,6593 30,67370054
2,6588 500,949
2,6583 1543
2,6581 304,4
2,6579 1314,905
2,6575 215,283
2,6572 70,35313344
2,6571 654,93
2,657 84,772
2,6569 77,1228962
-------------------------------
03.06.2020 02:10:56 gate.io EOS:
----------------------------ASK
2,6607 385
2,6608 385
2,661 304,4
2,6611 184,348
2,6614 60
2,6622 73,24654668
2,6623 77,832
2,6624 212,91
2,6638 200
2,6639 1315,432
----------------------------BID
2,6593 30,67370054
2,6583 1543
2,6581 304,4
2,6579 1314,905
2,6575 215,283
2,6572 70,35313344
2,6571 654,93
2,657 84,772
2,6569 77,1228962
2,6568 326,411
-------------------------------
03.06.2020 02:10:56 gate.io EOS:
----------------------------ASK
2,6604 500,949
2,6607 385
2,6608 385
2,661 304,4
2,6611 184,348
2,6614 60
2,6622 73,24654668
2,6623 77,832
2,6624 212,91
2,6638 200
----------------------------BID
2,6593 30,67370054
2,6586 500,949
2,6583 1543
2,6581 304,4
2,6579 1314,905
2,6575 215,283
2,6572 70,35313344
2,6571 654,93
2,657 84,772
2,6569 77,1228962
-------------------------------
03.06.2020 02:10:57 gate.io EOS:
----------------------------ASK
2,6607 385
2,6608 385
2,661 304,4
2,6611 184,348
2,6614 60
2,6622 73,24654668
2,6623 77,832
2,6624 212,91
2,6638 200
2,6639 1315,432
----------------------------BID
2,6593 30,67370054
2,6583 1543
2,6581 304,4
2,6579 1314,905
2,6575 215,283
2,6572 70,35313344
2,6571 654,93
2,657 84,772
2,6569 77,1228962
2,6568 326,411
-------------------------------
03.06.2020 02:10:57 gate.io EOS:
----------------------------ASK
2,6604 500,949
2,6607 385
2,6608 385
2,661 304,4
2,6611 184,348
2,6614 60
2,6622 73,24654668
2,6623 77,832
2,6624 212,91
2,6638 200
----------------------------BID
2,6593 30,67370054
2,6589 500,949
2,6583 1543
2,6581 304,4
2,6579 1314,905
2,6575 215,283
2,6572 70,35313344
2,6571 654,93
2,657 84,772
2,6569 77,1228962
-------------------------------
03.06.2020 02:12:56 gate.io EOS:
----------------------------ASK
2,658 385
2,6584 210
2,6585 500,949
2,659 65,324
2,6592 304,4
2,6595 73,24654668
2,6612 200
2,6613 1316,786
2,663 148,45362999
2,6636 385
----------------------------BID
2,6566 1896
2,6558 226,346
2,6557 205,405
2,6555 304,4
2,6552 133,04092618
2,655 77,23326403
2,6549 1316,82
2,6548 326,101
2,6547 65,331
2,6544 91,1479
-------------------------------
03.06.2020 02:12:56 gate.io EOS:
----------------------------ASK
2,658 385
2,6584 210
2,6585 500,949
2,659 65,324
2,6592 304,4
2,6595 73,24654668
2,6612 200
2,6613 1316,786
2,663 148,45362999
2,6636 385
----------------------------BID
2,6566 1896
2,6565 500,949
2,6558 226,346
2,6557 205,405
2,6555 304,4
2,6552 133,04092618
2,655 77,23326403
2,6549 1316,82
2,6548 326,101
2,6547 65,331
-------------------------------
03.06.2020 02:12:56 gate.io EOS:
----------------------------ASK
2,658 385
2,6584 210
2,6585 500,949
2,659 65,324
2,6592 304,4
2,6595 73,24654668
2,6612 200
2,6613 1316,786
2,663 148,45362999
2,6636 385
----------------------------BID
2,6566 1896
2,6565 500,949
2,6558 226,346
2,6557 205,405
2,6555 304,4
2,6552 133,04092618
2,655 77,23326403
2,6549 1316,82
2,6548 326,101
2,6547 65,331
-------------------------------
03.06.2020 02:12:57 gate.io EOS:
----------------------------ASK
2,658 385
2,6584 210
2,6585 500,949
2,659 65,324
2,6592 304,4
2,6595 73,24654668
2,6612 200
2,6613 1316,786
2,663 148,45362999
2,6636 385
----------------------------BID
2,6566 1896
2,6565 500,949
2,6558 226,346
2,6557 205,405
2,6555 304,4
2,6552 133,04092618
2,655 77,23326403
2,6549 1316,82
2,6548 326,101
2,6547 65,331
-------------------------------
03.06.2020 02:12:57 gate.io EOS:
----------------------------ASK
2,658 385
2,6584 210
2,6585 500,949
2,659 65,324
2,6592 304,4
2,6595 73,24654668
2,6612 200
2,6613 1316,786
2,663 148,45362999
2,6636 385
----------------------------BID
2,6566 1896
2,6565 500,949
2,6558 226,346
2,6557 205,405
2,6555 304,4
2,6552 133,04092618
2,655 77,23326403
2,6549 1316,82
2,6548 326,101
2,6547 65,331
-------------------------------
03.06.2020 02:12:58 gate.io EOS:
----------------------------ASK
2,658 385
2,6584 210
2,6585 500,949
2,659 65,324
2,6592 304,4
2,6595 73,24654668
2,6612 200
2,6613 1316,786
2,6624 148,474
2,663 148,45362999
----------------------------BID
2,6566 1896
2,6565 500,949
2,6558 226,346
2,6557 205,405
2,6555 304,4
2,6552 133,04092618
2,655 77,23326403
2,6549 1316,82
2,6548 326,101
2,6547 65,331
-------------------------------
03.06.2020 02:12:58 gate.io EOS:
----------------------------ASK
2,658 385
2,6584 210
2,6585 500,949
2,659 65,324
2,6592 304,4
2,6595 73,24654668
2,6612 200
2,6613 1316,786
2,6624 148,474
2,663 148,45362999
----------------------------BID
2,6566 1896
2,6565 500,949
2,6558 226,346
2,6557 205,405
2,6555 304,4
2,6552 133,04092618
2,655 77,23326403
2,6549 1316,82
2,6548 326,101
2,6547 65,331
-------------------------------
03.06.2020 02:12:59 gate.io EOS:
----------------------------ASK
2,658 385
2,6584 210
2,6585 500,949
2,659 65,324
2,6592 304,4
2,6595 73,24654668
2,6612 200
2,6613 1316,786
2,6624 148,474
2,663 148,45362999
----------------------------BID
2,6566 1896
2,6565 500,949
2,6558 226,346
2,6557 205,405
2,6555 304,4
2,6552 133,04092618
2,655 77,23326403
2,6549 1316,82
2,6548 326,101
2,6547 65,331
-------------------------------
03.06.2020 02:12:59 gate.io EOS:
----------------------------ASK
2,658 385
2,6584 210
2,6585 500,949
2,659 65,324
2,6592 304,4
2,6595 73,24654668
2,6612 200
2,6613 1316,786
2,6624 148,474
2,663 148,45362999
----------------------------BID
2,6566 1896
2,6565 500,949
2,6558 226,346
2,6557 205,405
2,6555 304,4
2,6552 133,04092618
2,655 77,23326403
2,6549 1316,82
2,6548 326,101
2,6547 65,331
-------------------------------
03.06.2020 02:14:31 gate.io EOS:
----------------------------ASK
2,6573 410
2,6575 194,249
2,6576 500,949
2,6577 335,4
2,6586 273,24654668
2,6599 1317,412
2,6605 196,336
2,6609 76,18682183
2,6614 462,3763023
2,6631 2258,081
----------------------------BID
2,6558 60
2,6555 500,949
2,6554 1886
2,6548 304,4
2,654 65,216
2,6538 65,336
2,6537 326,109
2,6536 1317,412
2,6533 168,4582541
2,6528 1162,419
-------------------------------
03.06.2020 02:14:32 gate.io EOS:
----------------------------ASK
2,6573 410
2,6575 194,249
2,6576 500,949
2,6577 335,4
2,6586 273,24654668
2,6587 65,337
2,6599 1317,412
2,6605 196,336
2,6609 76,18682183
2,6614 462,3763023
----------------------------BID
2,6558 60
2,6555 500,949
2,6554 1886
2,6548 304,4
2,6542 65,215
2,6538 65,336
2,6537 326,109
2,6536 1317,412
2,6533 168,4582541
2,6528 1162,419
-------------------------------
03.06.2020 02:14:32 gate.io EOS:
----------------------------ASK
2,6573 410
2,6575 194,249
2,6576 500,949
2,6577 335,4
2,6586 273,24654668
2,6587 65,337
2,6599 1317,412
2,6605 196,336
2,6609 76,18682183
2,6614 462,3763023
----------------------------BID
2,6558 60
2,6555 500,949
2,6554 1886
2,6548 304,4
2,6542 65,215
2,6538 65,336
2,6537 326,109
2,6536 1317,412
2,6533 168,4582541
2,6528 1162,419
-------------------------------
03.06.2020 02:14:33 gate.io EOS:
----------------------------ASK
2,6573 410
2,6575 194,249
2,6576 500,949
2,6577 335,4
2,6586 273,24654668
2,6587 65,337
2,6599 1317,412
2,6605 196,336
2,6609 76,18682183
2,6614 462,3763023
----------------------------BID
2,6558 60
2,6555 500,949
2,6554 1886
2,6548 304,4
2,6542 65,215
2,6538 65,336
2,6537 326,109
2,6536 1317,412
2,6533 168,4582541
2,6528 379,815
-------------------------------
03.06.2020 02:14:34 gate.io EOS:
----------------------------ASK
2,6573 410
2,6575 194,249
2,6576 500,949
2,6577 335,4
2,6586 273,24654668
2,6587 65,337
2,6599 1317,412
2,6605 196,336
2,6609 76,18682183
2,6614 462,3763023
----------------------------BID
2,6558 60
2,6555 500,949
2,6554 1886
2,6548 304,4
2,6543 65,213
2,6538 65,336
2,6537 326,109
2,6536 1317,412
2,6533 168,4582541
2,6528 379,815
-------------------------------
03.06.2020 02:14:34 gate.io EOS:
----------------------------ASK
2,6573 410
2,6575 194,249
2,6577 335,4
2,6586 273,24654668
2,6587 65,337
2,6594 196,336
2,6599 1317,412
2,6609 76,18682183
2,6614 462,3763023
2,6631 2258,081
----------------------------BID
2,6558 60
2,6554 1886
2,6548 304,4
2,6543 65,213
2,6538 65,336
2,6537 326,109
2,6536 1317,412
2,6533 168,4582541
2,6528 379,815
2,6527 406,18686621
-------------------------------
03.06.2020 02:14:35 gate.io EOS:
----------------------------ASK
2,6573 410
2,6575 194,249
2,6577 335,4
2,6586 273,24654668
2,6587 65,337
2,6594 196,336
2,6599 1317,412
2,6609 76,18682183
2,6614 462,3763023
2,6631 2258,081
----------------------------BID
2,6558 60
2,6554 1886
2,6548 304,4
2,6543 65,213
2,6538 65,336
2,6537 326,109
2,6536 1317,412
2,6533 168,4582541
2,6528 379,815
2,6527 406,18686621
-------------------------------
03.06.2020 02:14:35 gate.io EOS:
----------------------------ASK
2,6573 410
2,6575 695,198
2,6577 335,4
2,6586 273,24654668
2,6587 65,337
2,6594 196,336
2,6599 1317,412
2,6609 76,18682183
2,6614 462,3763023
2,6631 2258,081
----------------------------BID
2,6558 60
2,6554 2386,949
2,6548 304,4
2,6543 65,213
2,6538 65,336
2,6537 326,109
2,6536 1317,412
2,6533 168,4582541
2,6528 379,815
2,6527 406,18686621
-------------------------------
03.06.2020 02:14:36 gate.io EOS:
----------------------------ASK
2,6572 194,249
2,6573 410
2,6577 335,4
2,6586 273,24654668
2,6587 65,337
2,6594 196,336
2,6599 1317,412
2,6609 76,18682183
2,6614 462,3763023
2,6631 2258,081
----------------------------BID
2,6558 60
2,6554 1886
2,6548 304,4
2,6543 65,213
2,6539 65,343
2,6538 326,102
2,6536 1317,412
2,6533 168,4582541
2,6528 379,815
2,6527 406,18686621
-------------------------------
03.06.2020 02:15:42 gate.io EOS:
----------------------------ASK
2,6601 59
2,6603 236
2,6608 454,4
2,6618 64,483
2,6619 200
2,6626 81,02066889
2,6629 1315,99
2,6632 106,02
2,6636 385
2,6637 73,358711868
----------------------------BID
2,6598 39,77345332
2,6587 60
2,6586 1884
2,6576 208,078
2,6573 304,4
2,657 64,48
2,6567 361,2789
2,6563 200
2,6562 1316,094
2,6561 77,16174109
-------------------------------
03.06.2020 02:15:42 gate.io EOS:
----------------------------ASK
2,6601 59
2,6603 236
2,6607 500,949
2,6608 454,4
2,6618 64,483
2,6619 200
2,6626 81,02066889
2,6629 1315,99
2,6632 106,02
2,6636 385
----------------------------BID
2,6598 39,77345332
2,6587 60
2,6586 2384,949
2,6576 208,078
2,6573 304,4
2,657 64,48
2,6567 361,2789
2,6563 200
2,6562 1316,094
2,6561 77,16174109
-------------------------------
03.06.2020 02:15:43 gate.io EOS:
----------------------------ASK
2,6601 59
2,6603 236
2,6608 454,4
2,6618 64,483
2,6619 200
2,6626 81,02066889
2,6629 1315,99
2,6632 106,02
2,6636 385
2,6637 73,358711868
----------------------------BID
2,6598 39,77345332
2,6587 60
2,6586 1884
2,6576 208,078
2,6573 304,4
2,657 64,48
2,6567 361,2789
2,6563 200
2,6562 1316,094
2,6561 77,16174109
-------------------------------
03.06.2020 02:15:43 gate.io EOS:
----------------------------ASK
2,6601 59
2,6603 236
2,6607 500,949
2,6608 454,4
2,6618 64,483
2,6619 200
2,6626 81,02066889
2,6629 1315,99
2,6632 106,02
2,6636 385
----------------------------BID
2,6598 39,77345332
2,6587 60
2,6586 2384,949
2,6576 208,078
2,6573 304,4
2,657 64,48
2,6567 361,2789
2,6563 200
2,6562 1316,094
2,6561 77,16174109
-------------------------------
03.06.2020 02:15:44 gate.io EOS:
----------------------------ASK
2,6601 59
2,6603 236
2,6607 500,949
2,6608 454,4
2,6618 64,483
2,6619 200
2,6626 81,02066889
2,6629 1315,99
2,6632 106,02
2,6636 385
----------------------------BID
2,6598 39,77345332
2,6587 60
2,6586 2384,949
2,6576 208,078
2,6573 304,4
2,657 64,48
2,6567 361,2789
2,6563 200
2,6562 1316,094
2,6561 77,16174109
-------------------------------
03.06.2020 02:15:44 gate.io EOS:
----------------------------ASK
2,6601 59
2,6603 236
2,6607 500,949
2,6608 454,4
2,6618 64,483
2,6619 200
2,6626 81,02066889
2,6629 1315,99
2,6632 106,02
2,6636 385
----------------------------BID
2,6598 39,77345332
2,6587 60
2,6586 2384,949
2,6576 208,078
2,6573 304,4
2,657 64,48
2,6567 361,2789
2,6563 200
2,6562 1316,094
2,6561 77,16174109
-------------------------------
03.06.2020 02:15:45 gate.io EOS:
----------------------------ASK
2,6601 59
2,6603 236
2,6607 500,949
2,6608 454,4
2,6618 64,483
2,6619 200
2,6626 81,02066889
2,6629 1315,99
2,6631 167,663
2,6632 106,02
----------------------------BID
2,6598 39,77345332
2,6587 60
2,6586 2384,949
2,6576 208,078
2,6573 304,4
2,657 64,48
2,6567 361,2789
2,6563 200
2,6562 1316,094
2,6561 77,16174109
-------------------------------
03.06.2020 02:15:45 gate.io EOS:
----------------------------ASK
2,6601 59
2,6603 236
2,6608 454,4
2,6618 64,483
2,6619 200
2,6626 81,02066889
2,6629 1315,99
2,6631 167,663
2,6632 106,02
2,6636 385
----------------------------BID
2,6598 39,77345332
2,6587 60
2,6586 1884
2,6576 208,078
2,6573 304,4
2,657 64,48
2,6567 361,2789
2,6563 200
2,6562 1316,094
2,6561 77,16174109
-------------------------------
03.06.2020 02:15:46 gate.io EOS:
----------------------------ASK
2,6601 59
2,6603 236
2,6608 454,4
2,6618 64,483
2,6619 200
2,6626 81,02066889
2,6629 1315,99
2,6631 167,663
2,6632 106,02
2,6636 385
----------------------------BID
2,6598 39,77345332
2,6587 60
2,6586 1884
2,6576 208,078
2,6573 304,4
2,657 64,48
2,6567 361,2789
2,6563 200
2,6562 1316,094
2,6561 77,16174109
-------------------------------
03.06.2020 02:15:46 gate.io EOS:
----------------------------ASK
2,6601 59
2,6603 236
2,6607 500,949
2,6608 454,4
2,6618 64,483
2,6619 200
2,6626 81,02066889
2,6629 1315,99
2,6631 167,663
2,6632 106,02
----------------------------BID
2,6598 39,77345332
2,6587 60
2,6586 2384,949
2,6576 208,078
2,6573 304,4
2,657 64,48
2,6567 361,2789
2,6563 200
2,6562 1316,094
2,6561 77,16174109
-------------------------------
03.06.2020 02:15:47 gate.io EOS:
----------------------------ASK
2,6601 59
2,6603 236
2,6607 500,949
2,6608 454,4
2,6618 64,483
2,6619 200
2,6626 81,02066889
2,6629 1315,99
2,6631 167,663
2,6632 106,02
----------------------------BID
2,6598 39,77345332
2,6587 60
2,6586 2384,949
2,6576 208,078
2,6573 304,4
2,657 64,48
2,6567 361,2789
2,6563 200
2,6562 1316,094
2,6561 77,16174109
-------------------------------
03.06.2020 02:15:47 gate.io EOS:
----------------------------ASK
2,6601 59
2,6603 236
2,6607 500,949
2,6608 454,4
2,6618 64,483
2,6619 200
2,6626 81,02066889
2,6629 1315,99
2,6631 167,663
2,6632 106,02
----------------------------BID
2,6598 39,77345332
2,6587 60
2,6586 2384,949
2,6576 208,078
2,6573 304,4
2,657 64,48
2,6567 361,2789
2,6563 200
2,6562 1316,094
2,6561 77,16174109
-------------------------------
03.06.2020 02:15:48 gate.io EOS:
----------------------------ASK
2,6601 59
2,6603 236
2,6608 454,4
2,6618 64,483
2,6619 200
2,6626 81,02066889
2,6629 1315,99
2,6631 167,663
2,6632 106,02
2,6636 385
----------------------------BID
2,6598 39,77345332
2,6587 60
2,6586 1884
2,6576 208,078
2,6573 304,4
2,657 64,48
2,6567 361,2789
2,6563 200
2,6562 1316,094
2,6561 77,16174109
-------------------------------
03.06.2020 02:15:48 gate.io EOS:
----------------------------ASK
2,6601 59
2,6603 236
2,6606 500,949
2,6608 454,4
2,6618 64,483
2,6619 200
2,6626 81,02066889
2,6629 1315,99
2,6631 167,663
2,6632 106,02
----------------------------BID
2,6598 39,77345332
2,6587 60
2,6586 1884
2,6585 500,949
2,6576 208,078
2,6573 304,4
2,657 64,48
2,6567 361,2789
2,6563 200
2,6562 1316,094
-------------------------------
03.06.2020 02:15:49 gate.io EOS:
----------------------------ASK
2,6601 59
2,6603 236
2,6606 500,949
2,6608 454,4
2,6618 64,483
2,6619 200
2,6626 81,02066889
2,6629 1315,99
2,6631 167,663
2,6632 106,02
----------------------------BID
2,6598 39,77345332
2,6587 60
2,6586 1884
2,6585 500,949
2,6576 208,078
2,6573 304,4
2,657 64,48
2,6567 361,2789
2,6563 200
2,6562 1316,094
-------------------------------
03.06.2020 02:15:49 gate.io EOS:
----------------------------ASK
2,6601 59
2,6603 236
2,6606 500,949
2,6608 454,4
2,6619 200
2,6626 81,02066889
2,6629 1315,99
2,6631 167,663
2,6632 106,02
2,6636 385
----------------------------BID
2,6598 39,77345332
2,6587 60
2,6586 1884
2,6585 500,949
2,6576 208,078
2,6573 304,4
2,657 64,48
2,6567 361,2789
2,6563 200
2,6562 1316,094
-------------------------------
03.06.2020 02:15:50 gate.io EOS:
----------------------------ASK
2,6601 59
2,6603 236
2,6606 500,949
2,6608 454,4
2,6619 264,481
2,6626 81,02066889
2,6629 1315,99
2,6631 167,663
2,6632 106,02
2,6636 385
----------------------------BID
2,6598 39,77345332
2,6587 60
2,6586 1884
2,6585 500,949
2,6576 208,078
2,6573 304,4
2,657 64,48
2,6567 361,2789
2,6563 200
2,6562 1316,094
-------------------------------
03.06.2020 02:15:50 gate.io EOS:
----------------------------ASK
2,6601 59
2,6603 236
2,6606 500,949
2,6608 454,4
2,6619 264,481
2,6626 81,02066889
2,6629 1315,99
2,6631 167,663
2,6632 106,02
2,6636 385
----------------------------BID
2,6598 39,77345332
2,6587 60
2,6586 1884
2,6585 500,949
2,6576 208,078
2,6573 304,4
2,657 64,48
2,6567 361,2789
2,6563 200
2,6562 1316,094
-------------------------------
03.06.2020 02:15:51 gate.io EOS:
----------------------------ASK
2,6601 59
2,6603 236
2,6606 500,949
2,6608 454,4
2,6619 264,481
2,6626 81,02066889
2,6629 1315,99
2,6631 167,663
2,6632 106,02
2,6636 385
----------------------------BID
2,6598 39,77345332
2,6587 60
2,6586 1884
2,6585 500,949
2,6576 208,078
2,6573 304,4
2,657 64,48
2,6567 361,2789
2,6563 200
2,6562 1316,094
-------------------------------
03.06.2020 02:15:51 gate.io EOS:
----------------------------ASK
2,6601 59
2,6603 236
2,6606 500,949
2,6608 454,4
2,6619 264,481
2,6626 81,02066889
2,6629 1315,99
2,6632 106,02
2,6636 385
2,6637 73,358711868
----------------------------BID
2,6598 39,77345332
2,6587 60
2,6586 1884
2,6585 500,949
2,6576 208,078
2,6573 304,4
2,657 64,48
2,6567 361,2789
2,6563 200
2,6562 1316,094
-------------------------------
03.06.2020 02:15:52 gate.io EOS:
----------------------------ASK
2,6601 59
2,6603 236
2,6608 454,4
2,6609 500,949
2,6619 200
2,6626 81,02066889
2,6627 167,663
2,6629 1315,99
2,6636 385
2,664 20
----------------------------BID
2,6598 39,77345332
2,6587 60
2,6586 1884
2,6585 500,949
2,6576 208,078
2,6573 368,878
2,6567 361,2789
2,6563 200
2,6562 1316,094
2,6558 322,395
-------------------------------
03.06.2020 02:15:53 gate.io EOS:
----------------------------ASK
2,6601 59
2,6603 236
2,6608 304,4
2,6609 500,949
2,6621 150
2,6622 64,477
2,6626 81,02066889
2,6629 1315,99
2,6636 385
2,664 20
----------------------------BID
2,6598 39,77345332
2,6591 208,078
2,6587 60
2,6586 1884
2,6585 500,949
2,6577 304,4
2,6576 91,1479
2,6573 64,478
2,6569 82,59988857
2,6567 270,131
-------------------------------
03.06.2020 02:15:53 gate.io EOS:
----------------------------ASK
2,6601 59
2,6603 236
2,6608 304,4
2,6609 500,949
2,6621 150
2,6622 64,477
2,6626 281,02066889
2,6629 1315,99
2,6636 385
2,664 20
----------------------------BID
2,6598 39,77345332
2,6591 208,078
2,6587 60
2,6586 1884
2,6585 500,949
2,6577 304,4
2,6576 155,6209
2,6569 282,59988857
2,6567 270,131
2,6562 1316,094
-------------------------------
03.06.2020 02:15:54 gate.io EOS:
----------------------------ASK
2,6601 59
2,6603 236
2,6608 304,4
2,6609 500,949
2,6621 150
2,6622 64,477
2,6626 281,02066889
2,6629 1315,99
2,6636 385
2,664 20
----------------------------BID
2,6598 39,77345332
2,6591 208,078
2,6587 60
2,6586 1884
2,6585 500,949
2,6577 304,4
2,6576 155,6209
2,6572 1315,685
2,6569 282,59988857
2,6567 270,131
-------------------------------
03.06.2020 02:15:54 gate.io EOS:
----------------------------ASK
2,6601 59
2,6603 236
2,6608 304,4
2,6621 150
2,6622 64,477
2,6626 200
2,6629 1315,99
2,6636 385
2,664 20
2,6642 106,02
----------------------------BID
2,6598 39,77345332
2,6587 60
2,6586 1884
2,6579 208,078
2,6578 270,131
2,6577 304,4
2,6576 155,6209
2,6572 1315,685
2,6569 282,59988857
2,6565 322,368
-------------------------------
03.06.2020 02:15:55 gate.io EOS:
----------------------------ASK
2,6601 59
2,6603 236
2,6611 500,949
2,6621 454,4
2,6622 64,477
2,6626 200
2,6629 1315,99
2,6636 385
2,664 20
2,6642 273,683
----------------------------BID
2,6598 39,77345332
2,6592 500,949
2,6587 60
2,6586 1884
2,658 304,4
2,6579 208,078
2,6578 270,131
2,6577 64,467
2,6576 91,1479
2,6572 1315,685
-------------------------------
03.06.2020 02:15:57 gate.io EOS:
----------------------------ASK
2,6601 59
2,6603 236
2,6611 500,949
2,6621 454,4
2,6622 64,477
2,6626 200
2,6629 1315,99
2,6636 385
2,664 20
2,6642 273,683
----------------------------BID
2,6598 39,77345332
2,6595 500,949
2,6587 60
2,6586 1884
2,658 304,4
2,6578 270,131
2,6577 64,467
2,6576 91,1479
2,6572 1315,685
2,6569 282,59988857
-------------------------------
03.06.2020 02:15:57 gate.io EOS:
----------------------------ASK
2,6601 59
2,6603 236
2,6611 500,949
2,6621 454,4
2,6622 64,477
2,6626 200
2,6629 1315,99
2,6636 385
2,664 20
2,6642 273,683
----------------------------BID
2,6598 39,77345332
2,6595 500,949
2,659 208,078
2,6587 60
2,6586 1884
2,658 304,4
2,6578 270,131
2,6577 64,467
2,6576 91,1479
2,6572 1315,685
-------------------------------
03.06.2020 02:15:58 gate.io EOS:
----------------------------ASK
2,6601 59
2,6603 236
2,6611 500,949
2,6621 454,4
2,6622 64,477
2,6626 200
2,6629 1315,99
2,664 20
2,6642 273,683
2,6644 74,24242668
----------------------------BID
2,6598 39,77345332
2,6595 500,949
2,659 208,078
2,6587 60
2,6586 1884
2,658 304,4
2,6578 270,131
2,6577 64,467
2,6576 91,1479
2,6572 1315,685
-------------------------------
03.06.2020 02:15:58 gate.io EOS:
----------------------------ASK
2,6601 59
2,6603 236
2,6611 500,949
2,6621 454,4
2,6622 64,477
2,6626 200
2,6629 1315,99
2,664 20
2,6642 106,02
2,6644 74,24242668
----------------------------BID
2,6598 39,77345332
2,659 208,078
2,6587 60
2,6586 1884
2,658 304,4
2,6578 270,131
2,6577 64,467
2,6576 91,1479
2,6572 1315,685
2,6569 282,59988857
-------------------------------
03.06.2020 02:15:59 gate.io EOS:
----------------------------ASK
2,6601 59
2,6603 236
2,6611 500,949
2,6621 454,4
2,6622 64,477
2,6626 200
2,6629 1315,99
2,664 20
2,6642 106,02
2,6644 74,24242668
----------------------------BID
2,6598 39,77345332
2,659 208,078
2,6587 60
2,6586 1884
2,658 304,4
2,6578 270,131
2,6577 64,467
2,6576 91,1479
2,6572 1315,685
2,6569 282,59988857
-------------------------------
03.06.2020 02:15:59 gate.io EOS:
----------------------------ASK
2,6601 59
2,6603 236
2,6611 500,949
2,6621 454,4
2,6622 64,477
2,6626 200
2,6629 1315,99
2,664 20
2,6642 106,02
2,6644 74,24242668
----------------------------BID
2,6598 39,77345332
2,659 208,078
2,6587 60
2,6586 1884
2,658 304,4
2,6578 270,131
2,6577 64,467
2,6576 91,1479
2,6572 1315,685
2,6569 282,59988857
-------------------------------
03.06.2020 02:16:00 gate.io EOS:
----------------------------ASK
2,6601 59
2,6603 236
2,6611 500,949
2,6621 454,4
2,6622 64,477
2,6626 200
2,6629 1315,99
2,664 20
2,6642 106,02
2,6644 74,24242668
----------------------------BID
2,6598 39,77345332
2,659 208,078
2,6587 60
2,6586 1884
2,658 304,4
2,6578 270,131
2,6577 64,467
2,6576 91,1479
2,6572 1315,685
2,6569 282,59988857
-------------------------------
03.06.2020 02:16:00 gate.io EOS:
----------------------------ASK
2,6601 59
2,6603 236
2,6621 454,4
2,6622 64,477
2,6626 200
2,6629 1315,99
2,664 20
2,6642 106,02
2,6644 74,24242668
2,6646 70,7159501
----------------------------BID
2,6598 39,77345332
2,659 208,078
2,6587 60
2,6586 1884
2,658 304,4
2,6578 270,131
2,6577 64,467
2,6576 91,1479
2,6572 1315,685
2,6569 282,59988857
-------------------------------
03.06.2020 02:16:01 gate.io EOS:
----------------------------ASK
2,6601 59
2,6603 236
2,6611 500,949
2,6621 454,4
2,6622 64,477
2,6626 200
2,6629 1315,99
2,664 20
2,6642 106,02
2,6644 74,24242668
----------------------------BID
2,6598 39,77345332
2,659 709,027
2,6587 60
2,6586 1884
2,658 304,4
2,6578 270,131
2,6577 64,467
2,6576 91,1479
2,6572 1315,685
2,6569 282,59988857
-------------------------------
03.06.2020 02:16:02 gate.io EOS:
----------------------------ASK
2,6601 59
2,6603 236
2,662 64,464
2,6621 454,4
2,6626 200
2,6629 1315,99
2,664 20
2,6642 106,02
2,6644 74,24242668
2,6646 70,7159501
----------------------------BID
2,6598 39,77345332
2,659 208,078
2,6587 60
2,6586 1884
2,658 304,4
2,6578 270,131
2,6577 64,467
2,6576 91,1479
2,6572 1315,685
2,6569 282,59988857
-------------------------------
03.06.2020 02:16:02 gate.io EOS:
----------------------------ASK
2,6601 59
2,6603 236
2,6611 500,949
2,6619 304,4
2,662 64,464
2,6621 150
2,6626 200
2,6629 1315,99
2,664 20
2,6642 106,02
----------------------------BID
2,6598 39,77345332
2,659 709,027
2,6587 60
2,6586 1884
2,658 304,4
2,6578 270,131
2,6577 64,467
2,6576 91,1479
2,6572 1315,685
2,6569 282,59988857
-------------------------------
03.06.2020 02:16:03 gate.io EOS:
----------------------------ASK
2,6601 59
2,6603 236
2,6619 304,4
2,662 64,464
2,6626 200
2,6629 1315,99
2,664 20
2,6642 106,02
2,6644 74,24242668
2,6646 70,7159501
----------------------------BID
2,6598 39,77345332
2,659 208,078
2,6587 60
2,6586 1884
2,658 304,4
2,6578 270,131
2,6577 64,467
2,6572 1315,685
2,6569 282,59988857
2,6565 392,57648347
-------------------------------
03.06.2020 02:16:03 gate.io EOS:
----------------------------ASK
2,6601 59
2,6603 236
2,6619 454,4
2,662 64,464
2,6626 200
2,6629 1315,99
2,664 20
2,6642 106,02
2,6644 74,24242668
2,6646 70,7159501
----------------------------BID
2,6598 39,77345332
2,659 208,078
2,6587 60
2,6586 1884
2,658 304,4
2,6578 270,131
2,6577 64,467
2,6573 91,1479
2,6572 1315,685
2,6569 282,59988857
-------------------------------
03.06.2020 02:16:04 gate.io EOS:
----------------------------ASK
2,6601 59
2,6603 236
2,6611 500,949
2,6619 454,4
2,662 64,464
2,6626 200
2,6629 1315,99
2,664 20
2,6642 106,02
2,6644 74,24242668
----------------------------BID
2,6598 39,77345332
2,659 709,027
2,6587 60
2,6586 1884
2,658 304,4
2,6578 270,131
2,6577 64,467
2,6573 91,1479
2,6572 1315,685
2,6569 282,59988857
-------------------------------
03.06.2020 02:16:04 gate.io EOS:
----------------------------ASK
2,6601 59
2,6603 236
2,6611 500,949
2,6619 454,4
2,662 64,464
2,6626 200
2,6629 1315,99
2,664 20
2,6641 167,663
2,6642 106,02
----------------------------BID
2,6598 39,77345332
2,659 709,027
2,6587 60
2,6586 1884
2,658 304,4
2,6578 270,131
2,6577 64,467
2,6573 91,1479
2,6572 1315,685
2,6569 282,59988857
-------------------------------
03.06.2020 02:16:05 gate.io EOS:
----------------------------ASK
2,6601 59
2,6603 236
2,6611 500,949
2,6619 454,4
2,662 64,464
2,6626 200
2,6629 1315,99
2,664 20
2,6641 167,663
2,6642 106,02
----------------------------BID
2,6598 39,77345332
2,659 709,027
2,6587 60
2,6586 1884
2,658 304,4
2,6578 270,131
2,6577 64,467
2,6573 91,1479
2,6572 1315,685
2,6569 282,59988857
-------------------------------
03.06.2020 02:16:05 gate.io EOS:
----------------------------ASK
2,6601 59
2,6603 236
2,6619 304,4
2,662 64,464
2,6629 1315,99
2,664 20
2,6641 167,663
2,6642 106,02
2,6644 74,24242668
2,6646 70,7159501
----------------------------BID
2,6598 39,77345332
2,659 208,078
2,6587 60
2,6586 1884
2,658 304,4
2,6578 270,131
2,6577 64,467
2,6572 1315,685
2,6569 82,59988857
2,6565 70,20848347
-------------------------------
03.06.2020 02:16:06 gate.io EOS:
----------------------------ASK
2,6601 59
2,6603 236
2,6611 500,949
2,6616 150
2,6619 504,4
2,662 64,464
2,6629 1315,99
2,664 20
2,6641 167,663
2,6642 106,02
----------------------------BID
2,6598 39,77345332
2,659 709,027
2,6587 60
2,6586 1884
2,658 304,4
2,6578 270,131
2,6577 64,467
2,6572 1315,685
2,6569 82,59988857
2,6565 270,20848347
-------------------------------
03.06.2020 02:16:06 gate.io EOS:
----------------------------ASK
2,6601 59
2,6603 236
2,6611 500,949
2,6616 150
2,6619 504,4
2,6629 1315,99
2,664 20
2,6641 167,663
2,6642 106,02
2,6644 74,24242668
----------------------------BID
2,6598 39,77345332
2,659 709,027
2,6587 60
2,6586 1884
2,658 304,4
2,6578 270,131
2,6577 64,467
2,6572 1315,685
2,6569 82,59988857
2,6565 270,20848347
-------------------------------
03.06.2020 02:16:07 gate.io EOS:
----------------------------ASK
2,6601 59
2,6603 236
2,6611 500,949
2,6615 304,4
2,6616 150
2,6618 64,469
2,6619 200
2,6629 1315,99
2,6637 75,581119098
2,664 20
----------------------------BID
2,6598 39,77345332
2,659 208,078
2,6587 60
2,6586 1884
2,658 304,4
2,6566 71,61075461
2,6565 200
2,6564 322,33
2,6563 91,1479
2,6556 80,48852424
-------------------------------
03.06.2020 02:16:07 gate.io EOS:
----------------------------ASK
2,6601 59
2,6602 167,663
2,6603 236
2,6611 500,949
2,6615 304,4
2,6618 170,489
2,6619 200
2,6629 1315,99
2,6637 75,581119098
2,664 20
----------------------------BID
2,6598 39,77345332
2,6587 60
2,6586 1884
2,658 304,4
2,6569 64,61
2,6566 71,61075461
2,6565 1515,953
2,6564 322,33
2,6562 80,21518269
2,6556 80,48852424
-------------------------------
03.06.2020 02:16:08 gate.io EOS:
----------------------------ASK
2,6601 59
2,6602 167,663
2,6603 236
2,6605 500,949
2,661 150
2,6615 304,4
2,6618 106,02
2,6619 200
2,6629 1315,99
2,6637 75,581119098
----------------------------BID
2,6598 39,77345332
2,6587 60
2,6586 1884
2,6584 500,949
2,658 304,4
2,657 64,471
2,6566 162,75865461
2,6565 1515,953
2,6564 322,33
2,6562 80,21518269
-------------------------------
03.06.2020 02:16:08 gate.io EOS:
----------------------------ASK
2,6601 59
2,6603 236
2,6605 500,949
2,661 150
2,6615 304,4
2,6617 64,471
2,6619 200
2,6623 167,663
2,6629 1315,99
2,663 106,02
----------------------------BID
2,6598 39,77345332
2,6587 60
2,6586 1884
2,6584 500,949
2,658 304,4
2,657 64,471
2,6566 162,75865461
2,6565 1786,084
2,6564 322,33
2,6562 80,21518269
-------------------------------
03.06.2020 02:16:09 gate.io EOS:
----------------------------ASK
2,6601 59
2,6603 236
2,6605 500,949
2,661 150
2,6615 304,4
2,6617 64,471
2,6619 200
2,6623 167,663
2,6629 1315,99
2,663 106,02
----------------------------BID
2,6598 39,77345332
2,6587 60
2,6586 1884
2,6584 500,949
2,658 304,4
2,657 272,549
2,6566 162,75865461
2,6565 1786,084
2,6564 322,33
2,6562 80,21518269
-------------------------------
03.06.2020 02:16:10 gate.io EOS:
----------------------------ASK
2,6601 59
2,6603 236
2,6605 500,949
2,661 150
2,6615 304,4
2,6617 64,471
2,6619 200
2,6623 167,663
2,6629 1315,99
2,663 106,02
----------------------------BID
2,6598 39,77345332
2,6587 60
2,6586 1884
2,6584 500,949
2,658 304,4
2,657 272,549
2,6566 162,75865461
2,6565 1786,084
2,6564 322,33
2,6562 80,21518269
-------------------------------
03.06.2020 02:16:10 gate.io EOS:
----------------------------ASK
2,6601 59
2,6603 236
2,6605 500,949
2,661 150
2,6615 304,4
2,6619 200
2,6623 167,663
2,6629 1315,99
2,663 106,02
2,6636 385
----------------------------BID
2,6598 39,77345332
2,6587 60
2,6586 1884
2,6584 500,949
2,658 304,4
2,657 272,549
2,6566 162,75865461
2,6565 2108,455
2,6562 80,21518269
2,6556 80,48852424
-------------------------------
03.06.2020 02:16:11 gate.io EOS:
----------------------------ASK
2,6601 59
2,6603 236
2,6605 500,949
2,661 150
2,6615 304,4
2,6616 64,475
2,6619 200
2,6623 167,663
2,6629 1315,99
2,663 106,02
----------------------------BID
2,6598 39,77345332
2,6587 60
2,6586 1884
2,6584 500,949
2,658 304,4
2,657 272,549
2,6566 162,75865461
2,6565 2108,455
2,6562 80,21518269
2,6556 80,48852424
-------------------------------
03.06.2020 02:16:11 gate.io EOS:
----------------------------ASK
2,6601 59
2,6603 236
2,6605 500,949
2,661 150
2,6615 304,4
2,6619 200
2,6623 167,663
2,6629 1315,99
2,663 106,02
2,6636 385
----------------------------BID
2,6598 39,77345332
2,6587 60
2,6586 1884
2,6584 500,949
2,658 304,4
2,657 272,549
2,6566 162,75865461
2,6565 1786,084
2,6562 80,21518269
2,656 322,363
-------------------------------
03.06.2020 02:16:12 gate.io EOS:
----------------------------ASK
2,6601 59
2,6602 500,949
2,6603 236
2,661 150
2,6613 304,4
2,6614 64,474
2,6619 200
2,6623 167,663
2,6629 1315,99
2,663 106,02
----------------------------BID
2,6598 39,77345332
2,6587 60
2,6586 1884
2,6584 500,949
2,658 304,4
2,657 272,549
2,6566 162,75865461
2,6565 1786,084
2,6562 80,21518269
2,656 322,363
-------------------------------
03.06.2020 02:16:12 gate.io EOS:
----------------------------ASK
2,6601 59
2,6602 500,949
2,6603 236
2,6613 304,4
2,6614 64,474
2,6619 200
2,6623 167,663
2,6629 1315,99
2,663 106,02
2,6636 385
----------------------------BID
2,6598 39,77345332
2,6587 60
2,6586 1884
2,6584 500,949
2,658 304,4
2,657 272,549
2,6566 71,61075461
2,6565 1786,084
2,6562 80,21518269
2,656 322,363
-------------------------------
03.06.2020 02:16:13 gate.io EOS:
----------------------------ASK
2,6601 209
2,6602 500,949
2,6603 236
2,6613 304,4
2,6614 64,474
2,6619 200
2,6629 1315,99
2,663 106,02
2,6635 167,663
2,6636 385
----------------------------BID
2,6598 39,77345332
2,6587 60
2,6586 1884
2,6584 500,949
2,6582 208,078
2,658 304,4
2,657 64,471
2,6566 71,61075461
2,6565 1786,084
2,6562 171,36308269
-------------------------------
03.06.2020 02:16:13 gate.io EOS:
----------------------------ASK
2,6601 209
2,6603 236
2,6613 304,4
2,6614 64,474
2,6619 200
2,6629 1315,99
2,663 106,02
2,6635 167,663
2,6636 385
2,6637 75,581119098
----------------------------BID
2,6598 39,77345332
2,6587 60
2,6586 1884
2,6582 208,078
2,658 304,4
2,657 64,471
2,6566 71,61075461
2,6565 1786,084
2,6562 171,36308269
2,656 322,363
-------------------------------
03.06.2020 02:16:14 gate.io EOS:
----------------------------ASK
2,6601 209
2,6603 236
2,6613 304,4
2,6614 64,474
2,6619 200
2,6629 1315,99
2,663 106,02
2,6635 167,663
2,6636 385
2,6637 75,581119098
----------------------------BID
2,6598 39,77345332
2,6587 60
2,6586 1884
2,6582 208,078
2,658 304,4
2,657 64,471
2,6566 71,61075461
2,6565 1786,084
2,6562 171,36308269
2,656 322,363
-------------------------------
03.06.2020 02:16:14 gate.io EOS:
----------------------------ASK
2,6601 209
2,6603 236
2,6613 304,4
2,6614 64,474
2,6619 200
2,6629 1315,99
2,663 106,02
2,6635 167,663
2,6636 385
2,6637 75,581119098
----------------------------BID
2,6598 39,77345332
2,6587 60
2,6586 1884
2,658 304,4
2,6575 208,078
2,657 64,471
2,6566 71,61075461
2,6565 1786,084
2,6562 171,36308269
2,656 322,363
-------------------------------
03.06.2020 02:16:15 gate.io EOS:
----------------------------ASK
2,6601 209
2,6603 236
2,6604 500,949
2,6613 304,4
2,6614 64,474
2,6619 200
2,6629 1315,99
2,663 106,02
2,6635 167,663
2,6636 385
----------------------------BID
2,6598 39,77345332
2,6587 60
2,6586 1884
2,6583 500,949
2,658 304,4
2,6575 208,078
2,657 64,471
2,6566 71,61075461
2,6565 1786,084
2,6562 171,36308269
-------------------------------
03.06.2020 02:17:15 gate.io EOS:
----------------------------ASK
2,6619 27,558
2,6624 237
2,6634 500,949
2,6637 304,4
2,6638 64,426
2,664 20
2,6643 150
2,6649 200
2,665 385
2,6656 1314,689
----------------------------BID
2,6615 500,949
2,661 60
2,6607 180,421
2,6606 1883
2,6602 304,4
2,6601 16,27997788
2,6598 49,77345332
2,6597 64,426
2,6595 91,1479
2,659 273,7337054
-------------------------------
03.06.2020 02:17:15 gate.io EOS:
----------------------------ASK
2,6619 27,558
2,6624 237
2,6634 500,949
2,6637 304,4
2,6638 64,426
2,664 20
2,6643 150
2,6649 200
2,665 385
2,6656 1314,689
----------------------------BID
2,6615 500,949
2,661 60
2,6607 180,421
2,6606 1883
2,6602 304,4
2,6601 16,27997788
2,6598 49,77345332
2,6597 64,426
2,6595 91,1479
2,659 273,7337054
-------------------------------
03.06.2020 02:17:16 gate.io EOS:
----------------------------ASK
2,6619 27,558
2,6624 237
2,6634 500,949
2,6637 304,4
2,6638 64,426
2,664 20
2,6649 200
2,665 385
2,6656 1314,689
2,6657 145,524
----------------------------BID
2,6615 500,949
2,661 60
2,6607 180,421
2,6606 1883
2,6602 304,4
2,6601 16,27997788
2,6598 49,77345332
2,6597 64,426
2,659 273,7337054
2,6586 1314,95
-------------------------------
03.06.2020 02:17:16 gate.io EOS:
----------------------------ASK
2,6619 27,558
2,6624 237
2,6633 150
2,6634 500,949
2,6637 304,4
2,6638 64,426
2,664 20
2,6649 200
2,665 385
2,6656 1314,689
----------------------------BID
2,6615 500,949
2,661 60
2,6607 180,421
2,6606 1883
2,6602 304,4
2,6601 16,27997788
2,6598 49,77345332
2,6597 64,426
2,659 364,8816054
2,6586 1314,95
-------------------------------
03.06.2020 02:17:17 gate.io EOS:
----------------------------ASK
2,6619 27,558
2,6624 237
2,6633 150
2,6634 500,949
2,6637 304,4
2,6638 64,426
2,664 20
2,6649 200
2,665 385
2,6656 1314,689
----------------------------BID
2,6615 500,949
2,661 60
2,6607 180,421
2,6606 1883
2,6602 304,4
2,6601 16,27997788
2,6598 49,77345332
2,6597 64,426
2,659 364,8816054
2,6586 1314,95
-------------------------------
03.06.2020 02:17:17 gate.io EOS:
----------------------------ASK
2,6619 27,558
2,6624 237
2,6633 150
2,6634 500,949
2,6637 304,4
2,664 20
2,6642 64,424
2,6649 200
2,665 385
2,6656 1314,689
----------------------------BID
2,6615 500,949
2,661 60
2,6607 180,421
2,6606 1883
2,6602 304,4
2,6601 16,27997788
2,6598 49,77345332
2,6597 64,426
2,659 364,8816054
2,6586 1314,95
-------------------------------
03.06.2020 02:17:18 gate.io EOS:
----------------------------ASK
2,6619 27,558
2,6624 237
2,6633 150
2,6634 500,949
2,6637 304,4
2,664 20
2,6642 64,424
2,6649 200
2,665 385
2,6656 1314,689
----------------------------BID
2,661 60
2,6607 180,421
2,6606 1883
2,6602 304,4
2,6601 16,27997788
2,6598 49,77345332
2,6597 64,426
2,659 364,8816054
2,6586 1314,95
2,6585 230,627
-------------------------------
03.06.2020 02:17:18 gate.io EOS:
----------------------------ASK
2,6619 27,558
2,6624 237
2,6633 150
2,6634 500,949
2,6637 304,4
2,664 20
2,6642 64,424
2,6649 200
2,665 385
2,6656 1314,689
----------------------------BID
2,661 60
2,6607 180,421
2,6606 1883
2,6602 304,4
2,6601 16,27997788
2,6598 49,77345332
2,6593 64,426
2,659 364,8816054
2,6586 1314,95
2,6585 230,627
-------------------------------
03.06.2020 02:17:19 gate.io EOS:
----------------------------ASK
2,6619 27,558
2,6624 237
2,6633 150
2,6634 500,949
2,6637 304,4
2,664 20
2,6642 64,424
2,6649 200
2,665 385
2,6656 1314,689
----------------------------BID
2,661 60
2,6606 1883
2,6602 304,4
2,6601 16,27997788
2,66 180,421
2,6598 49,77345332
2,6593 64,426
2,659 364,8816054
2,6586 1314,95
2,6585 230,627
-------------------------------
03.06.2020 02:17:19 gate.io EOS:
----------------------------ASK
2,6619 27,558
2,6624 237
2,6633 150
2,6634 500,949
2,6637 304,4
2,664 20
2,6642 64,424
2,6649 395,321
2,665 385
2,6656 1314,689
----------------------------BID
2,661 60
2,6606 1883
2,6602 304,4
2,6601 16,27997788
2,6598 49,77345332
2,6593 244,847
2,659 364,8816054
2,6586 1314,95
2,6585 230,627
2,6584 401,5935172
-------------------------------
03.06.2020 02:17:20 gate.io EOS:
----------------------------ASK
2,6619 27,558
2,6624 237
2,6633 150
2,6634 500,949
2,6637 304,4
2,664 20
2,6642 64,424
2,6649 200
2,665 385
2,6656 1314,689
----------------------------BID
2,6611 180,421
2,661 60
2,6609 500,949
2,6606 1883
2,6602 304,4
2,6601 16,27997788
2,6598 49,77345332
2,6593 64,426
2,659 364,8816054
2,6586 1314,95
-------------------------------
03.06.2020 02:17:21 gate.io EOS:
----------------------------ASK
2,6619 27,558
2,6624 237
2,6633 150
2,6634 500,949
2,6637 304,4
2,664 20
2,6642 64,424
2,6649 200
2,665 385
2,6656 1314,689
----------------------------BID
2,6611 180,421
2,661 60
2,6609 500,949
2,6606 1883
2,6602 304,4
2,6601 16,27997788
2,6598 49,77345332
2,6596 64,424
2,659 364,8816054
2,6586 1314,95
-------------------------------
03.06.2020 02:17:21 gate.io EOS:
----------------------------ASK
2,6624 237
2,6633 150
2,6634 500,949
2,6637 304,4
2,6639 31
2,664 20
2,6642 64,424
2,6649 200
2,665 385
2,6656 1314,689
----------------------------BID
2,6611 180,421
2,661 60
2,6609 500,949
2,6606 1883
2,6602 304,4
2,6601 16,27997788
2,6598 49,77345332
2,659 364,8816054
2,6586 1314,95
2,6585 230,627
-------------------------------
03.06.2020 02:17:22 gate.io EOS:
----------------------------ASK
2,6624 237
2,6633 150
2,6634 500,949
2,6637 304,4
2,6639 31
2,664 20
2,6642 64,424
2,6649 200
2,665 385
2,6652 195,321
----------------------------BID
2,6616 500,949
2,661 60
2,6606 1883
2,6602 304,4
2,6601 16,27997788
2,6598 114,19745332
2,6597 180,421
2,659 364,8816054
2,6586 1314,95
2,6585 230,627
-------------------------------
03.06.2020 02:17:22 gate.io EOS:
----------------------------ASK
2,6624 237
2,6633 150
2,6634 500,949
2,6637 304,4
2,6639 31
2,664 20
2,6642 64,424
2,6649 200
2,665 385
2,6652 195,321
----------------------------BID
2,661 60
2,6606 1883
2,6602 304,4
2,6601 16,27997788
2,6598 114,19745332
2,6597 180,421
2,659 364,8816054
2,6586 1314,95
2,6585 230,627
2,6584 79,4755172
-------------------------------
03.06.2020 02:17:23 gate.io EOS:
----------------------------ASK
2,6624 237
2,6632 27
2,6633 150
2,6634 500,949
2,6637 368,824
2,664 20
2,6645 145,791
2,6647 1314,877
2,6649 200
2,665 385
----------------------------BID
2,661 60
2,6606 1883
2,6602 304,4
2,6601 16,27997788
2,6599 64,424
2,6598 49,77345332
2,6597 180,421
2,659 364,8816054
2,6586 1314,95
2,6585 230,627
-------------------------------
03.06.2020 02:17:23 gate.io EOS:
----------------------------ASK
2,6624 237
2,6631 608,8
2,6632 27
2,6634 500,949
2,6637 64,424
2,664 20
2,6647 1314,877
2,665 385
2,6652 176,458
2,6657 80,59665183
----------------------------BID
2,6601 16,27997788
2,6598 49,77345332
2,6597 60
2,6596 1883
2,659 180,421
2,6587 304,4
2,6586 1314,95
2,6584 79,4755172
2,6581 322,174
2,6577 71,40555032
-------------------------------
03.06.2020 02:17:24 gate.io EOS:
----------------------------ASK
2,6614 237
2,6616 500,949
2,6623 335,4
2,6624 150
2,663 200
2,6631 368,836
2,664 20
2,6641 176,458
2,6647 1314,877
2,665 385
----------------------------BID
2,6601 16,27997788
2,6598 49,77345332
2,6597 60
2,6596 1883
2,6591 304,4
2,659 180,421
2,6583 64,436
2,6581 413,3219
2,6579 69,30659583
2,6577 200
-------------------------------
03.06.2020 02:17:24 gate.io EOS:
----------------------------ASK
2,6614 237
2,6616 500,949
2,6623 335,4
2,6624 150
2,663 200
2,6631 368,836
2,6636 1315,68
2,664 20
2,6641 176,458
2,6644 245,902
----------------------------BID
2,6601 16,27997788
2,6598 49,77345332
2,6597 60
2,6596 1883
2,6591 304,4
2,6583 64,436
2,6581 91,1479
2,6577 200
2,6576 579,794
2,6575 78,38239568
-------------------------------
03.06.2020 02:17:25 gate.io EOS:
----------------------------ASK
2,6614 264
2,6616 500,949
2,662 64,455
2,6622 304,4
2,6623 304,4
2,6624 150
2,663 200
2,6631 304,4
2,6636 1315,68
2,664 20
----------------------------BID
2,6601 16,27997788
2,6598 49,77345332
2,6597 60
2,6596 1883
2,6591 304,4
2,6583 64,436
2,6582 304,4
2,6581 91,1479
2,6577 200
2,6575 78,38239568
-------------------------------
03.06.2020 02:17:25 gate.io EOS:
----------------------------ASK
2,6613 245,902
2,6614 277,83301541
2,6616 500,949
2,6619 304,4
2,662 64,455
2,6623 304,4
2,6631 304,4
2,6636 1315,68
2,664 20
2,6641 176,458
----------------------------BID
2,6601 16,27997788
2,6598 49,77345332
2,6597 60
2,6596 1883
2,6591 304,4
2,6583 64,436
2,6582 304,4
2,6575 78,38239568
2,6574 1315,303
2,6572 69,83630615
-------------------------------
03.06.2020 02:17:26 gate.io EOS:
----------------------------ASK
2,6609 500,949
2,6613 395,902
2,6614 264
2,6619 304,4
2,662 64,455
2,6623 200
2,6636 1315,68
2,664 20
2,6641 176,458
2,6645 80,03656668
----------------------------BID
2,6601 16,27997788
2,6598 49,77345332
2,6597 60
2,6596 1883
2,6591 500,949
2,6583 64,436
2,6582 304,4
2,6575 169,53029568
2,6574 1315,303
2,6572 69,83630615
-------------------------------
03.06.2020 02:17:26 gate.io EOS:
----------------------------ASK
2,6609 500,949
2,6613 150
2,6614 264
2,6619 304,4
2,662 64,455
2,6623 200
2,6633 245,902
2,6636 1315,68
2,664 20
2,6645 80,03656668
----------------------------BID
2,6601 16,27997788
2,6598 49,77345332
2,6597 60
2,6596 1883
2,6591 500,949
2,6583 64,436
2,6582 504,093
2,6575 169,53029568
2,6574 1315,303
2,6572 69,83630615
-------------------------------
03.06.2020 02:17:27 gate.io EOS:
----------------------------ASK
2,6613 150
2,6614 264
2,6619 304,4
2,662 64,455
2,6623 200
2,6633 245,902
2,6636 1315,68
2,664 20
2,6645 80,03656668
2,6648 176,458
----------------------------BID
2,6601 16,27997788
2,6598 49,77345332
2,6597 60
2,6596 1883
2,6591 500,949
2,6583 64,436
2,6582 504,093
2,6575 169,53029568
2,6574 1315,303
2,6572 69,83630615
-------------------------------