
31.05.2020 00:05:57 okex ETH:
----------------------------ASK
236,46 0,24898
236,49 41,038987
236,5 1,023081
236,51 4,347
236,52 6,044346
236,53 3
236,54 18,330122
236,55 21,605308
236,56 8,170759
236,57 12,246537
----------------------------BID
236,45 10,188545
236,44 4,292059
236,43 0,263
236,42 0,286
236,41 9,140568
236,4 27,588788
236,39 24,272287
236,38 38,576522
236,37 35,635385
236,36 40,078089
-------------------------------
31.05.2020 00:05:57 okex ETH:
----------------------------ASK
236,46 0,24898
236,49 42,577923
236,5 1,016
236,51 4,347
236,52 6,044346
236,53 3
236,54 18,330122
236,55 21,605308
236,56 8,170759
236,57 10,668614
----------------------------BID
236,45 1,792545
236,43 0,263
236,42 0,286
236,41 8,341568
236,4 28,387788
236,39 24,272287
236,38 38,576522
236,37 42,515385
236,36 40,078089
236,35 44,676985
-------------------------------
31.05.2020 00:05:57 okex ETH:
----------------------------ASK
236,46 73,251223
236,49 42,577923
236,5 1,016
236,51 4,347
236,52 6,044346
236,53 3
236,54 18,330122
236,55 21,605308
236,56 18,982611
236,57 10,668614
----------------------------BID
236,45 1,785333
236,43 0,263
236,42 0,318301
236,41 8,341568
236,4 28,387788
236,39 24,272287
236,38 36,576522
236,37 42,515385
236,36 40,078089
236,35 44,676985
-------------------------------
31.05.2020 00:05:57 okex ETH:
----------------------------ASK
236,46 13,238223
236,49 42,577923
236,5 1,016
236,51 6,947
236,52 6,044346
236,53 3
236,54 15,730122
236,55 21,605308
236,56 18,982611
236,57 10,668614
----------------------------BID
236,45 1,785333
236,43 0,263
236,42 0,318301
236,41 5,741568
236,4 17,575936
236,39 26,872287
236,38 47,388374
236,37 42,515385
236,36 40,078089
236,35 44,676985
-------------------------------
31.05.2020 00:05:57 okex ETH:
----------------------------ASK
236,46 2,124223
236,49 42,577923
236,5 1,016
236,51 6,947
236,52 6,044346
236,53 3
236,54 15,730122
236,55 21,605308
236,56 18,982611
236,57 10,668614
----------------------------BID
236,45 1,785333
236,43 0,263
236,42 0,318301
236,41 5,741568
236,4 17,575936
236,39 26,872287
236,38 47,388374
236,37 42,515385
236,36 40,078089
236,35 44,676985
-------------------------------
31.05.2020 00:05:58 okex ETH:
----------------------------ASK
236,46 0,124223
236,49 42,743107
236,5 1,016
236,51 6,947
236,53 3
236,54 15,730122
236,55 23,183231
236,56 8,170759
236,57 10,668614
236,58 36,650073
----------------------------BID
236,45 48,509333
236,43 0,263
236,42 0,318301
236,41 5,741568
236,4 17,575936
236,39 26,872287
236,38 47,388374
236,37 42,515385
236,36 40,078089
236,35 44,676985
-------------------------------
31.05.2020 00:05:58 okex ETH:
----------------------------ASK
236,46 0,124223
236,49 1,782094
236,5 1,016
236,51 2,601
236,52 4,391631
236,53 3
236,54 15,730122
236,55 23,183231
236,56 8,170759
236,57 10,668614
----------------------------BID
236,45 48,763333
236,44 6,187985
236,43 0,263
236,42 0,807212
236,41 16,55342
236,4 16,776936
236,39 26,872287
236,38 36,576522
236,37 35,635385
236,36 40,078089
-------------------------------
31.05.2020 00:05:58 okex ETH:
----------------------------ASK
236,46 0,130483
236,49 1,782094
236,5 1,016
236,51 2,601
236,52 4,391631
236,53 3
236,54 15,730122
236,55 23,183231
236,56 8,170759
236,57 10,668614
----------------------------BID
236,45 57,435912
236,44 0,285
236,43 0,263
236,42 0,8
236,41 16,689865
236,4 16,776936
236,39 33,479397
236,38 36,576522
236,37 35,635385
236,36 40,078089
-------------------------------
31.05.2020 00:05:58 okex ETH:
----------------------------ASK
236,46 0,130483
236,49 1,782094
236,5 1,016
236,51 2,601
236,52 4,391631
236,53 8,998715
236,54 15,730122
236,55 23,183231
236,56 8,170759
236,57 10,668614
----------------------------BID
236,45 57,1747
236,44 0,285
236,43 0,270212
236,42 0,8
236,41 16,689865
236,4 16,002936
236,39 33,479397
236,38 36,576522
236,37 47,940385
236,36 40,078089
-------------------------------
31.05.2020 00:05:58 okex ETH:
----------------------------ASK
236,46 0,130483
236,49 1,782094
236,5 1,016
236,51 2,601
236,52 4,391631
236,53 8,998715
236,54 14,533122
236,55 23,183231
236,56 8,170759
236,57 10,668614
----------------------------BID
236,45 57,4287
236,44 0,285
236,43 0,270212
236,42 1,574
236,41 16,689865
236,4 16,002936
236,39 33,479397
236,38 36,576522
236,37 47,940385
236,36 40,078089
-------------------------------
31.05.2020 00:05:58 okex ETH:
----------------------------ASK
236,46 0,130483
236,49 1,782094
236,5 1,016
236,51 2,601
236,52 4,391631
236,53 8,998715
236,54 14,533122
236,55 24,380231
236,56 8,170759
236,57 10,668614
----------------------------BID
236,45 57,1747
236,44 0,285
236,43 0,270212
236,42 0,8
236,41 16,55342
236,4 16,002936
236,39 33,615842
236,38 36,576522
236,37 47,940385
236,36 42,078089
-------------------------------
31.05.2020 00:05:58 okex ETH:
----------------------------ASK
236,46 0,130483
236,49 1,782094
236,5 1,016
236,51 2,601
236,52 4,391631
236,53 8,998715
236,54 14,533122
236,55 24,380231
236,56 8,170759
236,57 10,668614
----------------------------BID
236,45 57,1747
236,44 0,285
236,43 0,270212
236,42 0,8
236,41 17,32742
236,4 16,002936
236,39 33,615842
236,38 36,576522
236,37 47,940385
236,36 42,078089
-------------------------------
31.05.2020 00:05:58 okex ETH:
----------------------------ASK
236,46 0,130483
236,49 1,782094
236,5 1,016
236,51 2,601
236,52 4,391631
236,53 8,998715
236,54 14,533122
236,55 24,380231
236,56 8,170759
236,57 10,668614
----------------------------BID
236,45 54,2347
236,44 0,285
236,43 0,270212
236,42 0,8
236,41 17,32742
236,4 16,002936
236,39 33,615842
236,38 36,576522
236,37 35,635385
236,36 42,078089
-------------------------------
31.05.2020 00:05:58 okex ETH:
----------------------------ASK
236,46 0,130483
236,49 1,782094
236,5 1,016
236,51 2,601
236,52 4,391631
236,53 8,998715
236,54 14,533122
236,55 24,380231
236,56 8,170759
236,57 10,668614
----------------------------BID
236,45 54,2347
236,44 0,285
236,43 0,270212
236,42 0,8
236,41 17,463865
236,4 16,002936
236,39 33,479397
236,38 36,576522
236,37 35,635385
236,36 54,383089
-------------------------------
31.05.2020 00:05:58 okex ETH:
----------------------------ASK
236,46 0,130483
236,49 1,782094
236,5 1,016
236,51 2,601
236,52 4,391631
236,53 8,998715
236,54 14,533122
236,55 24,380231
236,56 8,170759
236,57 10,668614
----------------------------BID
236,45 54,2347
236,44 0,285
236,43 0,270212
236,42 0,8
236,41 17,32742
236,4 16,002936
236,39 33,479397
236,38 36,576522
236,37 35,635385
236,36 54,383089
-------------------------------
31.05.2020 00:05:59 okex ETH:
----------------------------ASK
236,46 0,130483
236,49 1,782094
236,5 1,016
236,51 2,601
236,52 4,391631
236,53 8,998715
236,54 14,533122
236,55 24,380231
236,56 8,170759
236,57 10,668614
----------------------------BID
236,45 54,2347
236,44 0,285
236,43 0,270212
236,42 0,8
236,41 17,32742
236,4 16,002936
236,39 33,479397
236,38 36,576522
236,37 35,635385
236,36 54,383089
-------------------------------
31.05.2020 00:05:59 okex ETH:
----------------------------ASK
236,46 0,130483
236,49 1,782094
236,5 1,016
236,51 2,601
236,52 4,391631
236,53 8,998715
236,54 14,533122
236,55 24,380231
236,56 8,170759
236,57 10,668614
----------------------------BID
236,45 54,2347
236,44 0,285
236,43 0,270212
236,42 0,8
236,41 17,32742
236,4 16,002936
236,39 33,479397
236,38 36,576522
236,37 35,635385
236,36 54,383089
-------------------------------
31.05.2020 00:05:59 okex ETH:
----------------------------ASK
236,46 0,130483
236,49 1,782094
236,5 1,016
236,51 2,601
236,52 4,391631
236,53 8,998715
236,54 14,533122
236,55 24,380231
236,56 8,170759
236,57 10,668614
----------------------------BID
236,45 54,2347
236,44 0,285
236,43 0,270212
236,42 0,8
236,41 17,32742
236,4 16,002936
236,39 33,479397
236,38 36,576522
236,37 35,635385
236,36 54,383089
-------------------------------
31.05.2020 00:05:59 okex ETH:
----------------------------ASK
236,46 0,130483
236,49 1,782094
236,5 1,016
236,51 2,601
236,52 4,391631
236,53 8,998715
236,54 14,533122
236,55 24,380231
236,56 8,170759
236,57 10,668614
----------------------------BID
236,45 54,2347
236,44 0,285
236,43 0,270212
236,42 0,8
236,41 17,463865
236,4 16,002936
236,39 33,479397
236,38 36,576522
236,37 35,635385
236,36 54,383089
-------------------------------
31.05.2020 00:05:59 okex ETH:
----------------------------ASK
236,46 0,130483
236,49 1,782094
236,5 1,016
236,51 2,601
236,52 4,391631
236,53 8,998715
236,54 14,533122
236,55 24,507899
236,56 8,170759
236,57 10,668614
----------------------------BID
236,45 54,2347
236,44 0,285
236,43 0,270212
236,42 0,8
236,41 17,463865
236,4 16,002936
236,39 33,479397
236,38 36,576522
236,37 35,635385
236,36 54,383089
-------------------------------
31.05.2020 00:05:59 okex ETH:
----------------------------ASK
236,49 1,782094
236,5 1,016
236,51 2,601
236,52 4,391631
236,53 8,998715
236,54 14,533122
236,55 24,507899
236,56 8,170759
236,57 10,668614
236,58 19,839506
----------------------------BID
236,46 2,929366
236,45 56,2347
236,44 0,285
236,43 0,270212
236,42 0,8
236,41 17,463865
236,4 16,002936
236,39 33,479397
236,38 36,576522
236,37 35,635385
-------------------------------
31.05.2020 00:05:59 okex ETH:
----------------------------ASK
236,47 0,138
236,49 1,782094
236,5 1,016
236,51 2,601
236,53 8,998715
236,54 14,533122
236,55 24,507899
236,56 8,170759
236,57 10,668614
236,58 19,839506
----------------------------BID
236,46 21,348188
236,45 48,472997
236,44 0,285
236,43 0,297212
236,42 11,611852
236,41 6,652013
236,4 16,002936
236,39 33,479397
236,38 36,576522
236,37 35,635385
-------------------------------
31.05.2020 00:05:59 okex ETH:
----------------------------ASK
236,47 0,138
236,49 1,782094
236,5 1,054987
236,51 2,601
236,53 13,344715
236,54 14,533122
236,55 24,507899
236,56 8,170759
236,57 10,668614
236,58 19,839506
----------------------------BID
236,46 21,348188
236,45 46,832058
236,44 0,669
236,43 0,29
236,42 11,227852
236,41 6,652013
236,4 16,002936
236,39 33,479397
236,38 36,576522
236,37 35,635385
-------------------------------
31.05.2020 00:05:59 okex ETH:
----------------------------ASK
236,47 0,138
236,49 1,782094
236,5 1,054987
236,51 2,601
236,53 13,344715
236,54 14,533122
236,55 24,507899
236,56 8,170759
236,57 10,668614
236,58 19,839506
----------------------------BID
236,46 21,348188
236,45 46,832058
236,44 0,669
236,43 0,29
236,42 11,227852
236,41 6,652013
236,4 16,002936
236,39 33,479397
236,38 36,576522
236,37 35,635385
-------------------------------
31.05.2020 00:05:59 okex ETH:
----------------------------ASK
236,47 0,138
236,49 1,782094
236,5 1,054987
236,51 2,601
236,53 13,344715
236,54 14,533122
236,55 24,507899
236,56 8,170759
236,57 10,668614
236,58 19,839506
----------------------------BID
236,46 21,348188
236,45 46,832058
236,44 0,669
236,43 0,29
236,42 11,227852
236,41 6,652013
236,4 16,002936
236,39 33,479397
236,38 36,576522
236,37 35,635385
-------------------------------
31.05.2020 00:06:00 okex ETH:
----------------------------ASK
236,47 0,138
236,5 1,054987
236,51 2,601
236,53 13,344715
236,54 14,533122
236,55 24,507899
236,56 9,913866
236,57 10,668614
236,58 19,839506
236,59 18,566005
----------------------------BID
236,46 21,348188
236,45 46,832058
236,44 0,669
236,43 0,29
236,42 11,227852
236,41 6,652013
236,4 16,002936
236,39 33,479397
236,38 36,576522
236,37 35,635385
-------------------------------
31.05.2020 00:06:00 okex ETH:
----------------------------ASK
236,47 0,138
236,49 54,538987
236,5 1,054987
236,51 2,601
236,53 13,344715
236,54 14,533122
236,55 24,507899
236,56 9,913866
236,57 10,668614
236,58 19,839506
----------------------------BID
236,46 21,348188
236,45 46,832058
236,44 0,285
236,43 0,674
236,42 11,227852
236,41 6,515568
236,4 16,002936
236,39 33,615837
236,38 36,576522
236,37 35,635385
-------------------------------
31.05.2020 00:06:00 okex ETH:
----------------------------ASK
236,47 0,138
236,49 54,538987
236,5 1,054987
236,51 2,601
236,53 13,344715
236,54 14,533122
236,55 24,507899
236,56 9,913866
236,57 10,668614
236,58 19,839506
----------------------------BID
236,46 17,377063
236,45 46,832058
236,44 0,285
236,43 0,674
236,42 11,227852
236,41 6,515568
236,4 16,002936
236,39 33,479397
236,38 36,576522
236,37 35,635385
-------------------------------
31.05.2020 00:06:00 okex ETH:
----------------------------ASK
236,47 0,138
236,49 54,538987
236,5 1,054987
236,51 2,601
236,53 13,344715
236,54 14,533122
236,55 24,507899
236,56 9,913866
236,57 10,668614
236,58 19,839506
----------------------------BID
236,46 17,377063
236,45 46,832058
236,44 0,285
236,43 0,674
236,42 11,227852
236,41 6,515568
236,4 16,002936
236,39 33,479397
236,38 36,576522
236,37 35,635385
-------------------------------
31.05.2020 00:06:00 okex ETH:
----------------------------ASK
236,47 0,138
236,5 1,054987
236,51 2,601
236,53 13,344715
236,54 14,533122
236,55 24,507899
236,56 9,913866
236,57 10,668614
236,58 19,839506
236,59 29,377857
----------------------------BID
236,46 17,377063
236,45 46,832058
236,44 0,285
236,43 0,674
236,42 11,227852
236,41 6,515568
236,4 16,002936
236,39 33,479397
236,38 36,576522
236,37 35,635385
-------------------------------
31.05.2020 00:06:00 okex ETH:
----------------------------ASK
236,47 0,138
236,5 1,054987
236,51 2,601
236,53 13,344715
236,54 14,533122
236,55 24,507899
236,56 9,913866
236,57 10,668614
236,58 19,839506
236,59 29,377857
----------------------------BID
236,46 17,377063
236,45 46,832058
236,44 0,285
236,43 0,674
236,42 11,227852
236,41 6,515568
236,4 16,002936
236,39 33,479397
236,38 36,576522
236,37 35,635385
-------------------------------
31.05.2020 00:06:00 okex ETH:
----------------------------ASK
236,47 0,138
236,5 1,054987
236,51 2,601
236,53 13,344715
236,54 14,533122
236,55 24,507899
236,56 9,913866
236,57 10,668614
236,58 19,839506
236,59 29,377857
----------------------------BID
236,46 17,377063
236,45 46,832058
236,44 0,285
236,43 0,674
236,42 11,227852
236,41 6,515568
236,4 16,002936
236,39 33,615837
236,38 36,576522
236,37 35,635385
-------------------------------
31.05.2020 00:06:00 okex ETH:
----------------------------ASK
236,47 0,138
236,5 1,054987
236,51 2,601
236,53 13,344715
236,54 14,533122
236,55 24,507899
236,56 9,913866
236,57 10,668614
236,58 19,839506
236,59 29,377857
----------------------------BID
236,46 17,377063
236,45 46,832058
236,44 0,285
236,43 0,674
236,42 11,227852
236,41 6,515568
236,4 16,002936
236,39 33,479397
236,38 36,576522
236,37 35,635385
-------------------------------
31.05.2020 00:06:00 okex ETH:
----------------------------ASK
236,47 0,138
236,5 1,054987
236,51 2,601
236,53 13,344715
236,54 14,533122
236,55 24,507899
236,56 9,913866
236,57 10,668614
236,58 19,839506
236,59 29,377857
----------------------------BID
236,46 17,377063
236,45 46,832058
236,44 0,285
236,43 0,674
236,42 11,227852
236,41 6,515568
236,4 16,002936
236,39 33,479397
236,38 36,576522
236,37 35,635385
-------------------------------
31.05.2020 00:06:00 okex ETH:
----------------------------ASK
236,47 0,138
236,49 43,538987
236,5 1,054987
236,51 2,601
236,53 13,344715
236,54 14,533122
236,55 23,310899
236,56 9,913866
236,57 10,668614
236,58 19,839506
----------------------------BID
236,46 17,377063
236,45 46,832058
236,44 0,285
236,43 0,674
236,42 11,227852
236,41 6,515568
236,4 16,002936
236,39 26,599397
236,38 36,576522
236,37 35,635385
-------------------------------
31.05.2020 00:06:01 okex ETH:
----------------------------ASK
236,47 0,138
236,49 43,538987
236,5 1,016
236,51 2,601
236,53 13,344715
236,54 14,533122
236,55 23,310899
236,56 9,913866
236,57 10,668614
236,58 19,839506
----------------------------BID
236,46 2,958241
236,45 49,411013
236,44 0,285
236,43 0,674
236,42 11,227852
236,41 6,515568
236,4 16,002936
236,39 26,599397
236,38 43,456522
236,37 35,635385
-------------------------------
31.05.2020 00:06:01 okex ETH:
----------------------------ASK
236,47 0,138
236,49 43,538987
236,5 1,016
236,51 2,601
236,53 13,344715
236,54 15,730122
236,55 23,310899
236,56 9,913866
236,57 10,668614
236,58 19,839506
----------------------------BID
236,46 2,958241
236,45 49,411013
236,44 0,285
236,43 0,674
236,42 11,227852
236,41 6,515568
236,4 16,002936
236,39 26,735837
236,38 43,456522
236,37 35,635385
-------------------------------
31.05.2020 00:06:01 okex ETH:
----------------------------ASK
236,47 0,138
236,49 43,538987
236,5 1,016
236,51 2,601
236,53 13,344715
236,54 15,730122
236,55 23,310899
236,56 9,913866
236,57 10,668614
236,58 19,839506
----------------------------BID
236,46 2,958241
236,45 49,411013
236,44 0,285
236,43 0,674
236,42 11,227852
236,41 6,515568
236,4 16,002936
236,39 26,735837
236,38 43,456522
236,37 35,635385
-------------------------------
31.05.2020 00:06:01 okex ETH:
----------------------------ASK
236,47 0,138
236,49 43,538987
236,5 1,016
236,51 2,601
236,53 13,344715
236,54 15,730122
236,55 23,310899
236,56 9,913866
236,57 10,668614
236,58 19,839506
----------------------------BID
236,46 2,958241
236,45 49,411013
236,44 0,285
236,43 0,674
236,42 11,227852
236,41 6,515568
236,4 16,002936
236,39 26,735837
236,38 43,456522
236,37 35,635385
-------------------------------