
03.06.2020 01:43:02 gate.io BTC:
----------------------------ASK
9532,07 0,2808
9532,3 0,1033
9532,5 0,7506
9532,79 0,15
9534,32 0,25
9536,11 0,1034
9536,12 0,118
9536,96 0,144
9537,16 2,02
9539,65 0,1969
----------------------------BID
9530,07 0,15
9528,9 0,7506
9527,61 0,1033
9525,84 0,3
9525,53 0,1143
9525,52 0,18
9524,79 0,25
9521,21 0,144
9521,2 0,4
9520,34 3,71
-------------------------------
03.06.2020 01:43:02 gate.io BTC:
----------------------------ASK
9532,07 0,2808
9532,3 0,1033
9532,5 0,7506
9532,79 0,15
9534,32 0,25
9536,11 0,1034
9536,12 0,118
9536,96 0,144
9537,16 2,02
9539,65 0,1969
----------------------------BID
9530,07 0,15
9528,9 0,7506
9527,61 0,1033
9525,84 0,3
9525,53 0,1143
9525,52 0,18
9524,79 0,25
9521,21 0,144
9521,2 0,4
9520,34 3,71
-------------------------------
03.06.2020 01:43:03 gate.io BTC:
----------------------------ASK
9532,07 0,2808
9532,3 0,1033
9532,5 0,7506
9532,79 0,15
9534,32 0,25
9536,11 0,1034
9536,12 0,118
9536,96 0,144
9537,16 2,02
9539,65 0,1969
----------------------------BID
9530,07 0,15
9528,9 0,7506
9527,61 0,1033
9525,84 0,3
9525,53 0,1143
9525,52 0,18
9524,79 0,25
9521,21 0,144
9521,2 0,4
9520,34 3,71
-------------------------------
03.06.2020 01:43:03 gate.io BTC:
----------------------------ASK
9532,07 0,2808
9532,3 0,1033
9532,5 0,7506
9532,79 0,15
9535,25 0,25
9536,11 0,1034
9536,12 0,118
9536,96 0,144
9537,16 2,02
9538,65 0,1642
----------------------------BID
9530,07 0,15
9528,9 0,7506
9527,61 0,1033
9525,84 0,3
9525,52 0,18
9524,79 0,25
9522,44 0,1143
9521,21 0,144
9521,2 0,4
9520,34 3,71
-------------------------------
03.06.2020 01:43:04 gate.io BTC:
----------------------------ASK
9532,07 0,2808
9532,3 0,1033
9532,5 0,7506
9532,79 0,15
9535,25 0,25
9536,11 0,1034
9536,12 0,118
9536,96 0,144
9537,16 2,02
9538,65 0,1642
----------------------------BID
9530,07 0,15
9528,9 0,7506
9527,61 0,1033
9525,84 0,3
9525,52 0,18
9524,79 0,25
9522,44 0,1143
9521,21 0,144
9521,2 0,4
9520,34 3,71
-------------------------------
03.06.2020 01:43:05 gate.io BTC:
----------------------------ASK
9532,07 0,2808
9532,5 0,7506
9532,53 0,1033
9532,79 0,15
9535,25 0,25
9536,11 0,1034
9536,12 0,118
9536,96 0,144
9537,16 2,02
9538,65 0,1642
----------------------------BID
9530,07 0,15
9528,9 0,7506
9527,47 0,1033
9525,84 0,3
9525,52 0,18
9524,79 0,25
9522,44 0,1143
9521,21 0,144
9521,2 0,4
9520,34 3,71
-------------------------------
03.06.2020 01:43:05 gate.io BTC:
----------------------------ASK
9532,07 0,2808
9532,5 0,7506
9532,53 0,1033
9532,79 0,15
9535,25 0,25
9536,06 0,1778
9536,11 0,1034
9536,12 0,118
9536,96 0,144
9537,16 2,02
----------------------------BID
9530,07 0,15
9528,9 0,7506
9527,47 0,1033
9525,84 0,3
9525,52 0,18
9524,79 0,25
9521,21 0,144
9521,2 0,4
9520,34 3,71
9520,33 0,5245
-------------------------------
03.06.2020 01:43:06 gate.io BTC:
----------------------------ASK
9532,07 0,2808
9532,5 0,7506
9532,53 0,1033
9532,79 0,15
9535,25 0,25
9536,06 0,1778
9536,11 0,1034
9536,12 0,118
9536,96 0,144
9537,16 2,02
----------------------------BID
9530,07 0,15
9528,9 0,7506
9527,47 0,1033
9525,84 0,3
9525,52 0,18
9525,22 0,25
9521,21 0,144
9520,34 3,71
9520,33 0,5245
9520,32 0,1642
-------------------------------
03.06.2020 01:43:06 gate.io BTC:
----------------------------ASK
9532,07 0,2808
9532,5 0,7506
9532,53 0,1033
9532,79 0,15
9535,25 0,25
9536,06 0,1778
9536,11 0,1034
9536,12 0,118
9536,96 0,144
9537,16 2,02
----------------------------BID
9530,07 0,15
9528,9 0,7506
9527,47 0,1033
9525,84 0,3
9525,52 0,18
9525,22 0,25
9521,22 0,4
9521,21 0,144
9520,34 3,71
9520,33 0,5245
-------------------------------
03.06.2020 01:43:07 gate.io BTC:
----------------------------ASK
9532,07 0,2808
9532,5 0,7506
9532,53 0,1033
9532,79 0,15
9535,25 0,25
9536,06 0,1778
9536,11 0,1034
9536,12 0,118
9536,96 0,144
9537,16 2,02
----------------------------BID
9530,07 0,15
9528,9 0,7506
9527,47 0,1033
9525,84 0,3
9525,52 0,18
9525,22 0,25
9521,23 0,144
9521,22 0,4
9520,34 3,71
9520,33 0,5245
-------------------------------
03.06.2020 01:43:07 gate.io BTC:
----------------------------ASK
9532,07 0,2808
9532,5 0,7506
9532,53 0,1033
9532,79 0,15
9535,25 0,25
9536,06 0,1778
9536,11 0,1034
9536,12 0,118
9536,96 0,144
9537,16 2,02
----------------------------BID
9530,07 0,15
9528,9 0,7506
9527,47 0,1033
9525,84 0,3
9525,52 0,18
9525,22 0,25
9521,23 0,144
9521,22 0,4
9520,34 3,71
9520,33 0,5245
-------------------------------
03.06.2020 01:43:08 gate.io BTC:
----------------------------ASK
9532,07 0,2808
9532,53 0,1033
9532,79 0,15
9535,25 0,25
9536,06 0,1778
9536,11 0,1034
9536,12 0,118
9536,96 0,144
9537,16 2,02
9538,65 0,1642
----------------------------BID
9530,07 0,15
9527,47 0,1033
9525,84 0,3
9525,52 0,18
9525,22 0,25
9521,23 0,144
9521,22 0,4
9520,34 3,71
9520,33 0,5245
9520,32 0,1642
-------------------------------
03.06.2020 01:43:08 gate.io BTC:
----------------------------ASK
9532,53 0,1033
9532,79 0,15
9535,25 0,25
9536,06 0,1778
9536,11 0,1034
9536,12 0,118
9536,96 0,144
9537,16 2,02
9538,65 0,1642
9540,13 0,3
----------------------------BID
9530,07 0,15
9527,47 0,1033
9525,84 0,3
9525,52 0,18
9525,22 0,25
9521,23 0,144
9521,22 0,4
9520,34 3,71
9520,33 0,5245
9520,32 0,1642
-------------------------------
03.06.2020 01:43:09 gate.io BTC:
----------------------------ASK
9532,5 0,7506
9532,53 0,1033
9532,79 0,15
9535,25 0,25
9536,06 0,1778
9536,11 0,1034
9536,12 0,118
9536,96 0,144
9537,16 2,02
9538,65 0,1642
----------------------------BID
9530,07 0,15
9528,67 0,7506
9527,47 0,1033
9525,84 0,3
9525,52 0,18
9525,22 0,25
9521,23 0,144
9521,22 0,4
9520,34 3,71
9520,33 0,5245
-------------------------------
03.06.2020 01:43:09 gate.io BTC:
----------------------------ASK
9532,5 0,7506
9532,53 0,1033
9532,79 0,15
9533,19 0,1732
9536,09 0,25
9536,11 0,1034
9536,12 0,118
9536,96 0,144
9537,16 2,02
9538,65 0,1642
----------------------------BID
9530,07 0,15
9528,67 0,7506
9527,47 0,1033
9525,84 0,3
9525,59 0,25
9525,52 0,18
9521,23 0,144
9521,22 0,4
9520,34 3,71
9520,33 0,5245
-------------------------------
03.06.2020 01:43:10 gate.io BTC:
----------------------------ASK
9532,23 0,2808
9532,5 0,7506
9532,53 0,1033
9532,79 0,15
9533,19 0,1732
9536,09 0,25
9536,11 0,1034
9536,12 0,118
9536,96 0,144
9537,16 2,02
----------------------------BID
9530,07 0,15
9528,67 0,7506
9527,47 0,1033
9525,84 0,3
9525,59 0,25
9525,52 0,18
9521,23 0,144
9521,22 0,4
9520,34 3,71
9520,33 0,5245
-------------------------------
03.06.2020 01:43:10 gate.io BTC:
----------------------------ASK
9532,23 0,2808
9532,5 0,7506
9533,19 0,1732
9536,09 0,25
9536,11 0,1034
9536,12 0,118
9536,96 0,144
9537,16 2,02
9538,65 0,1642
9540,13 0,3
----------------------------BID
9530,07 0,15
9528,67 0,7506
9527,47 0,1033
9526,47 0,25
9525,84 0,3
9525,52 0,18
9521,23 0,144
9521,22 0,4
9520,34 3,71
9520,33 0,5245
-------------------------------
03.06.2020 01:43:11 gate.io BTC:
----------------------------ASK
9533,19 0,1732
9533,49 0,7506
9536,09 0,25
9536,11 0,1034
9536,12 0,118
9536,96 0,144
9537,16 2,02
9538,65 0,1642
9540,13 0,3
9540,53 0,4
----------------------------BID
9530,07 0,15
9528,67 0,7506
9527,47 0,1033
9526,47 0,25
9525,84 0,3
9525,52 0,18
9522,43 0,288
9521,22 0,4
9520,34 3,71
9520,33 0,5245
-------------------------------
03.06.2020 01:43:11 gate.io BTC:
----------------------------ASK
9532,49 0,19
9533,19 0,1732
9533,49 0,7506
9536,11 0,1034
9536,12 0,118
9536,96 0,144
9537,16 2,02
9537,36 0,25
9538,65 0,1642
9540,13 0,3
----------------------------BID
9530,07 0,15
9528,67 0,7506
9527,47 0,1033
9526,73 0,25
9525,84 0,3
9525,52 0,18
9522,43 0,288
9521,22 0,4
9520,34 3,71
9520,33 0,5245
-------------------------------
03.06.2020 01:43:12 gate.io BTC:
----------------------------ASK
9532,43 0,2808
9532,48 0,1732
9533,49 0,7506
9535,73 0,25
9536,11 0,1034
9536,12 0,118
9536,96 0,144
9537,16 2,02
9538,65 0,1642
9540,13 0,3
----------------------------BID
9530,07 0,15
9528,67 0,7506
9527,47 0,1033
9525,84 0,3
9525,52 0,18
9522,43 0,144
9520,34 3,71
9520,33 0,5245
9520,32 0,1642
9514,7 0,75
-------------------------------
03.06.2020 01:43:12 gate.io BTC:
----------------------------ASK
9532,43 0,2808
9532,48 0,1732
9533,49 0,7506
9535,73 0,25
9536,11 0,1034
9536,12 0,118
9536,96 0,144
9537,16 2,02
9538,65 0,1642
9540,13 0,3
----------------------------BID
9532,07 0,1664
9530,07 0,145
9528,67 0,7506
9527,47 0,1033
9525,84 0,3
9525,52 0,18
9525,46 0,25
9523,03 0,4
9522,43 0,144
9520,34 3,71
-------------------------------
03.06.2020 01:43:13 gate.io BTC:
----------------------------ASK
9532,08 0,1033
9532,37 0,7506
9532,48 0,1732
9535,73 0,25
9536,11 0,1034
9536,12 0,118
9536,96 0,144
9537,16 2,02
9538,65 0,1642
9540,13 0,3
----------------------------BID
9532,07 0,1664
9528,67 0,7506
9525,84 0,3
9525,52 0,18
9525,46 0,25
9523,03 0,4
9522,43 0,144
9520,34 3,71
9520,33 0,5245
9520,32 0,1642
-------------------------------
03.06.2020 01:51:35 gate.io BTC:
----------------------------ASK
9519,01 0,1133
9519,24 0,7506
9520,88 0,0183
9522,22 0,0183
9522,58 0,2093
9522,85 0,144
9523,1 0,25
9523,35 0,2191
9524,01 0,18
9524,71 0,1685
----------------------------BID
9514,91 0,7506
9513,38 0,0183
9513,06 0,48
9513,04 0,25
9513 0,6169
9512,47 0,1133
9510,64 0,144
9510,5 0,0183
9509,62 0,0913
9508,98 0,2191
-------------------------------
03.06.2020 01:51:36 gate.io BTC:
----------------------------ASK
9519,01 0,1133
9519,24 0,7506
9520,88 0,0183
9522,22 0,0183
9522,58 0,2093
9522,85 0,144
9523,1 0,25
9523,35 0,2191
9524,01 0,18
9524,71 0,1685
----------------------------BID
9514,91 0,7506
9513,47 0,1133
9513,38 0,0183
9513,06 0,48
9513,04 0,25
9513 0,6169
9510,64 0,144
9510,5 0,0183
9509,36 0,2191
9507,67 0,0913
-------------------------------
03.06.2020 01:51:36 gate.io BTC:
----------------------------ASK
9519,01 0,2305
9519,24 0,7506
9519,52 0,1469
9520,88 0,0183
9522,22 0,0183
9522,58 0,2093
9522,85 0,144
9523,35 0,2191
9524,01 0,18
9524,46 0,25
----------------------------BID
9518,69 0,15
9514,91 0,7506
9513,98 0,25
9513,47 0,1133
9513,38 0,0183
9513,06 0,48
9513 0,6169
9510,64 0,144
9510,02 0,0913
9509,36 0,2191
-------------------------------
03.06.2020 01:51:37 gate.io BTC:
----------------------------ASK
9519,01 0,2305
9519,24 0,7506
9519,52 0,1469
9520,88 0,0183
9522,22 0,0183
9522,58 0,2093
9522,85 0,144
9523,35 0,2191
9524,01 0,18
9524,46 0,25
----------------------------BID
9518,69 0,15
9514,91 0,7506
9513,98 0,25
9513,47 0,1133
9513,38 0,0183
9513,06 0,48
9513 0,6169
9511,61 0,0183
9511,12 0,0913
9510,64 0,144
-------------------------------
03.06.2020 01:51:37 gate.io BTC:
----------------------------ASK
9519,01 0,1172
9519,24 0,7506
9519,52 0,1469
9520,88 0,0183
9522,22 0,0183
9522,58 0,2093
9522,85 0,144
9523,35 0,2191
9524,01 0,18
9524,46 0,25
----------------------------BID
9518,69 0,15
9514,91 0,7506
9513,98 0,25
9513,47 0,1133
9513,38 0,0183
9513,06 0,48
9513 0,6169
9512,28 0,0183
9511,78 0,0913
9510,64 0,144
-------------------------------
03.06.2020 01:51:38 gate.io BTC:
----------------------------ASK
9518,7 0,1033
9519,52 0,1469
9521,62 0,1024
9522,21 0,0183
9522,22 0,0183
9522,58 0,2093
9522,85 0,144
9523,35 0,2191
9524,01 0,18
9524,46 0,25
----------------------------BID
9518,69 0,15
9513,98 0,25
9513,51 0,1133
9513,38 0,0183
9513,06 0,48
9513 0,6169
9512,68 0,0183
9511,78 0,0913
9510,64 0,144
9509,85 0,2191
-------------------------------
03.06.2020 01:51:38 gate.io BTC:
----------------------------ASK
9518,7 0,0991
9519,52 0,1469
9520,39 0,7506
9521,62 0,1024
9522,21 0,0183
9522,22 0,0183
9522,58 0,2093
9522,85 0,144
9523,35 0,2191
9524,01 0,18
----------------------------BID
9518,69 0,15
9515,9 0,7506
9513,98 0,25
9513,51 0,1133
9513,38 0,0183
9513,06 0,48
9513 0,6169
9512,68 0,0183
9512,18 0,0913
9510,64 0,144
-------------------------------
03.06.2020 01:51:39 gate.io BTC:
----------------------------ASK
9518,7 0,0907
9519,52 0,1469
9520,39 0,7506
9521,62 0,1024
9522,21 0,0183
9522,22 0,0183
9522,58 0,2093
9522,85 0,144
9523,35 0,2191
9524,01 0,18
----------------------------BID
9518,69 0,15
9515,9 0,7506
9513,98 0,25
9513,51 0,1133
9513,38 0,0183
9513,06 0,48
9513 0,6169
9512,68 0,0183
9512,18 0,0913
9510,64 0,144
-------------------------------
03.06.2020 01:51:39 gate.io BTC:
----------------------------ASK
9518,7 0,0907
9520,39 0,7506
9521,62 0,1024
9522,21 0,0183
9522,22 0,0183
9522,58 0,2093
9522,85 0,144
9523,35 0,2191
9523,96 0,0871
9524,01 0,18
----------------------------BID
9518,69 0,15
9518,21 0,15
9515,9 0,7506
9513,98 0,25
9513,51 0,1133
9513,38 0,0183
9513,06 0,48
9513 0,6169
9512,68 0,0183
9512,19 0,4
-------------------------------
03.06.2020 01:51:40 gate.io BTC:
----------------------------ASK
9518,7 0,0907
9520,39 0,7506
9521,62 0,1024
9522,21 0,0183
9522,22 0,0183
9522,58 0,2093
9522,85 0,144
9523,35 0,2191
9523,96 0,0871
9524,01 0,18
----------------------------BID
9518,69 0,15
9515,9 0,7506
9513,98 0,25
9513,51 0,1133
9513,38 0,0183
9513,06 0,48
9513 0,6169
9512,68 0,0183
9512,19 0,4
9512,18 0,0913
-------------------------------
03.06.2020 01:51:40 gate.io BTC:
----------------------------ASK
9520,39 0,7506
9521,62 0,1024
9522,21 0,0183
9522,22 0,0183
9522,58 0,2093
9522,85 0,144
9523,35 0,2191
9524,01 0,18
9524,13 0,25
9526,32 0,3
----------------------------BID
9518,69 0,15
9515,9 0,7506
9513,98 0,3433
9513,38 0,0183
9513,06 0,48
9513 0,6169
9512,68 0,0183
9512,19 0,4
9512,18 0,0913
9510,64 0,144
-------------------------------
03.06.2020 01:51:41 gate.io BTC:
----------------------------ASK
9520,39 0,7506
9520,84 0,15
9521,62 0,1024
9522,21 0,0183
9522,22 0,0183
9522,58 0,2093
9522,85 0,144
9523,35 0,2191
9524,01 0,18
9524,13 0,25
----------------------------BID
9518,69 0,15
9515,9 0,7506
9513,98 0,3433
9513,38 0,0183
9513,06 0,48
9513 0,6169
9512,68 0,0183
9512,19 0,4
9512,18 0,0913
9510,64 0,144
-------------------------------
03.06.2020 01:51:41 gate.io BTC:
----------------------------ASK
9518,7 0,0933
9520,39 0,7506
9520,49 0,15
9521,01 0,0183
9521,53 0,0913
9521,62 0,1024
9522,22 0,0183
9522,58 0,118
9522,85 0,144
9523,35 0,2191
----------------------------BID
9518,62 0,15
9513,38 0,0183
9513,16 0,25
9513,06 0,48
9513 0,6169
9512,99 0,0933
9512,68 0,0183
9512,19 0,4
9512,18 0,0913
9511,19 0,2191
-------------------------------
03.06.2020 01:51:42 gate.io BTC:
----------------------------ASK
9518,7 0,0933
9520,39 0,7506
9520,49 0,15
9521,01 0,0183
9521,53 0,0913
9521,62 0,1024
9522,22 0,0183
9522,58 0,118
9522,85 0,144
9523,35 0,2191
----------------------------BID
9518,53 0,15
9513,38 0,0183
9513,16 0,25
9513,06 0,48
9513 0,6169
9512,99 0,0933
9512,68 0,0183
9512,19 0,4
9512,18 0,0913
9510,64 0,144
-------------------------------
03.06.2020 01:51:42 gate.io BTC:
----------------------------ASK
9518,7 0,0933
9518,79 0,7506
9520,49 0,15
9521,01 0,0183
9522,22 0,0183
9522,58 0,118
9522,66 0,0913
9522,85 0,144
9523,35 0,2191
9523,65 0,25
----------------------------BID
9518,53 0,15
9514,96 0,7506
9513,38 0,0183
9513,16 0,25
9513,06 0,48
9513 0,6169
9512,99 0,0933
9512,68 0,0183
9512,19 0,4
9512,18 0,0913
-------------------------------
03.06.2020 01:51:43 gate.io BTC:
----------------------------ASK
9518,7 0,0933
9518,79 0,7506
9521,01 0,0183
9522,02 0,0981
9522,22 0,0183
9522,58 0,118
9522,66 0,0913
9522,85 0,144
9523,35 0,2191
9523,65 0,25
----------------------------BID
9514,96 0,7506
9513,38 0,0183
9513,16 0,25
9513,06 0,48
9513 0,6169
9512,99 0,0933
9512,68 0,0183
9512,19 0,4
9512,18 0,0913
9510,64 0,144
-------------------------------
03.06.2020 01:51:43 gate.io BTC:
----------------------------ASK
9518,7 0,0933
9518,79 0,7506
9521,01 0,0183
9522,02 0,0981
9522,13 0,25
9522,22 0,0183
9522,58 0,118
9522,66 0,0913
9522,85 0,144
9523,35 0,2191
----------------------------BID
9517,33 0,15
9515,77 3,6641
9514,97 0,15
9514,96 0,7506
9513,38 0,0183
9513,06 0,48
9513 0,6169
9512,99 0,0933
9512,68 0,0183
9512,19 0,4
-------------------------------
03.06.2020 01:51:44 gate.io BTC:
----------------------------ASK
9518,7 0,0933
9518,79 0,7506
9521,01 0,0183
9522,02 0,0981
9522,22 0,0183
9522,58 0,118
9522,66 0,0913
9522,85 0,144
9523,35 0,2191
9523,42 0,25
----------------------------BID
9517,53 0,15
9517,34 0,15
9514,96 0,7506
9513,38 0,0183
9513,06 0,48
9513 0,6169
9512,99 0,0933
9512,94 0,25
9512,68 0,0183
9512,19 0,4
-------------------------------
03.06.2020 01:51:44 gate.io BTC:
----------------------------ASK
9518,79 0,7506
9521,01 0,0183
9522,02 0,0981
9522,22 0,0183
9522,58 0,118
9522,66 0,0913
9522,85 0,144
9523,35 0,2191
9523,42 0,25
9524,01 0,18
----------------------------BID
9517,57 0,15
9517,56 0,15
9517,53 0,15
9514,96 0,7506
9513,38 0,0183
9513,06 0,48
9513 0,6169
9512,99 0,0933
9512,94 0,25
9512,68 0,0183
-------------------------------
03.06.2020 01:51:45 gate.io BTC:
----------------------------ASK
9518,79 0,7506
9521,01 0,0183
9522,02 0,0981
9522,22 0,0183
9522,58 0,118
9522,66 0,0913
9522,85 0,144
9523,35 0,2191
9523,42 0,25
9524,01 0,18
----------------------------BID
9517,57 0,15
9517,56 0,15
9517,53 0,15
9514,96 0,7506
9513,38 0,0183
9513,06 0,48
9513 0,6169
9512,99 0,0933
9512,94 0,25
9512,68 0,0183
-------------------------------
03.06.2020 01:51:45 gate.io BTC:
----------------------------ASK
9518,05 0,1133
9518,79 0,7506
9521,01 0,0183
9522,02 0,0981
9522,22 0,0183
9522,58 0,118
9522,66 0,0913
9522,85 0,144
9523,35 0,2191
9523,42 0,25
----------------------------BID
9517,57 0,15
9517,56 0,15
9517,53 0,15
9514,96 0,7506
9513,38 0,0183
9513,06 0,48
9513 0,6169
9512,99 0,0933
9512,94 0,25
9512,68 0,0183
-------------------------------
03.06.2020 01:51:46 gate.io BTC:
----------------------------ASK
9518,05 0,1133
9518,79 0,7506
9521,01 0,0183
9522,02 0,0981
9522,22 0,0183
9522,58 0,118
9522,66 0,0913
9522,85 0,144
9523,35 0,2191
9523,42 0,25
----------------------------BID
9517,57 0,15
9517,56 0,15
9517,53 0,15
9514,96 0,7506
9513,38 0,0183
9513,06 0,48
9513 0,6169
9512,99 0,0933
9512,94 0,25
9512,68 0,0183
-------------------------------
03.06.2020 02:10:46 gate.io BTC:
----------------------------ASK
9482,53 0,75878
9482,94 0,15
9483,88 0,0183
9484,39 0,0916
9484,51 0,2197
9485,11 0,144
9485,36 0,1804
9486,22 0,118
9486,26 0,6
9487,24 0,18
----------------------------BID
9478,01 0,7506
9477,86 0,1
9476,52 0,18
9476,01 0,1133
9475,1 0,3
9474,81 0,144
9474,5 0,0183
9473,99 0,0916
9472,31 0,0946
9471,6 0,2197
-------------------------------
03.06.2020 02:10:47 gate.io BTC:
----------------------------ASK
9482,53 0,75878
9482,94 0,15
9483,88 0,0183
9484,39 0,0916
9484,51 0,2197
9485,11 0,144
9486,22 0,118
9487,24 0,18
9487,5 0,6
9488,9 0,1804
----------------------------BID
9479,41 0,7506
9477,86 0,1
9476,52 0,18
9475,1 0,3
9474,81 0,144
9474,5 0,0183
9473,99 0,0916
9472,31 0,0946
9471,13 0,2197
9470,87 0,5273
-------------------------------
03.06.2020 02:10:47 gate.io BTC:
----------------------------ASK
9481,43 0,1133
9482,53 0,75878
9482,94 0,15
9483,88 0,0183
9484,39 0,0916
9484,51 0,2197
9485,11 0,144
9486,22 0,118
9487,02 0,6
9487,24 0,18
----------------------------BID
9479,41 0,7506
9477,86 0,1
9476,52 0,18
9476,39 0,1133
9475,1 0,3
9474,81 0,144
9474,5 0,0183
9473,99 0,0916
9472,31 0,0946
9471,13 0,2197
-------------------------------
03.06.2020 02:10:48 gate.io BTC:
----------------------------ASK
9481,35 0,1133
9482,53 0,75878
9482,94 0,15
9483,88 0,0183
9484,39 0,0916
9484,51 0,2197
9485,11 0,144
9486,22 0,118
9487,02 0,6
9487,24 0,18
----------------------------BID
9479,41 0,7506
9476,52 0,18
9476,31 0,1133
9475,1 0,3
9474,81 0,144
9474,5 0,0183
9473,99 0,0916
9472,31 0,0946
9471,13 0,2197
9470,87 0,5273
-------------------------------
03.06.2020 02:10:48 gate.io BTC:
----------------------------ASK
9482,53 0,75878
9482,94 0,15
9483,88 0,0183
9484,39 0,0916
9484,51 0,2197
9485,11 0,144
9486,22 0,118
9487,02 0,6
9487,24 0,18
9488,9 0,1804
----------------------------BID
9479,41 0,7506
9476,52 0,18
9475,1 0,3
9474,81 0,144
9474,5 0,0183
9473,99 0,0916
9472,31 0,0946
9471,13 0,2197
9470,87 0,5273
9470,73 0,1361
-------------------------------
03.06.2020 02:10:49 gate.io BTC:
----------------------------ASK
9480,67 0,1133
9482,53 0,75878
9483,88 0,0183
9484,39 0,0916
9484,51 0,2197
9485,11 0,144
9486,22 0,118
9487,02 0,6
9487,24 0,18
9488,9 0,1804
----------------------------BID
9478,73 0,7506
9476,52 0,18
9475,63 0,1133
9475,1 0,3
9474,81 0,144
9474,5 0,0183
9473,99 0,0916
9472,31 0,0946
9471,13 0,2197
9470,87 0,5273
-------------------------------
03.06.2020 02:10:49 gate.io BTC:
----------------------------ASK
9480,67 0,1133
9482,53 0,75878
9482,76 0,0183
9483,27 0,0916
9484,51 0,2197
9485,11 0,144
9486,16 0,6
9486,22 0,118
9487,24 0,18
9488,9 0,1804
----------------------------BID
9478,73 0,7506
9476,52 0,18
9475,63 0,1133
9475,1 0,3
9474,81 0,144
9474,5 0,0183
9473,99 0,0916
9472,31 0,0946
9470,87 0,5273
9470,73 0,1361
-------------------------------
03.06.2020 02:10:50 gate.io BTC:
----------------------------ASK
9480,67 0,1133
9482,53 0,75878
9482,76 0,0183
9483,27 0,0916
9484,51 0,2197
9485,11 0,144
9486,16 0,6
9486,22 0,118
9487,24 0,18
9488,9 0,1804
----------------------------BID
9476,52 0,18
9475,63 0,1133
9475,1 0,3
9474,81 0,144
9474,5 0,0183
9473,99 0,0916
9472,31 0,0946
9470,87 0,5273
9470,73 0,1361
9470,58 0,2197
-------------------------------
03.06.2020 02:10:50 gate.io BTC:
----------------------------ASK
9480,67 0,1133
9482,53 0,75878
9482,76 0,0183
9483,27 0,0916
9484,51 0,2197
9485,11 0,144
9486,16 0,6
9486,22 0,118
9487,24 0,18
9488,9 0,1804
----------------------------BID
9476,52 0,18
9475,63 0,1133
9475,1 0,3
9474,81 0,144
9474,5 0,0183
9473,99 0,0916
9472,31 0,0946
9470,87 0,5273
9470,73 0,1361
9470,58 0,2197
-------------------------------
03.06.2020 02:10:51 gate.io BTC:
----------------------------ASK
9480,67 0,1133
9482,53 0,75878
9482,76 0,0183
9483,27 0,0916
9484,51 0,2197
9485,11 0,144
9486,16 0,6
9486,22 0,118
9487,24 0,18
9488,9 0,1804
----------------------------BID
9476,52 0,18
9475,63 0,1133
9475,1 0,3
9474,81 0,144
9474,5 0,0183
9473,99 0,0916
9472,31 0,0946
9470,87 0,5273
9470,73 0,1361
9470,3 0,05842
-------------------------------
03.06.2020 02:10:51 gate.io BTC:
----------------------------ASK
9480,67 0,1133
9482,53 0,75878
9482,76 0,0183
9483,27 0,0916
9484,51 0,2197
9485,11 0,144
9486,16 0,6
9486,22 0,118
9487,24 0,18
9488,9 0,1804
----------------------------BID
9478,58 0,7506
9476,52 0,18
9475,63 0,1133
9475,1 0,3
9474,81 0,144
9474,5 0,0183
9473,99 0,0916
9472,31 0,0946
9471,26 0,2197
9470,87 0,5273
-------------------------------
03.06.2020 02:10:52 gate.io BTC:
----------------------------ASK
9482,53 0,75878
9482,76 0,0183
9483,27 0,0916
9484,51 0,2197
9485,11 0,144
9486,16 0,6
9486,22 0,118
9487,24 0,18
9488,9 0,1804
9489,31 0,3
----------------------------BID
9478,58 0,7506
9476,52 0,18
9475,1 0,3
9474,81 0,144
9474,5 0,0183
9473,99 0,0916
9472,31 0,0946
9471,67 0,2197
9470,87 0,5273
9470,73 0,1361
-------------------------------
03.06.2020 02:10:52 gate.io BTC:
----------------------------ASK
9482,53 0,75878
9482,76 0,0183
9483 0,15
9483,27 0,0916
9484,51 0,2197
9485,11 0,144
9486,16 0,6
9486,22 0,118
9487,08 0,165
9487,24 0,18
----------------------------BID
9480,66 0,0505
9478,58 0,7506
9476,52 0,18
9475,1 0,3
9475,01 0,1033
9474,81 0,144
9474,5 0,0183
9473,99 0,0916
9472,31 0,0946
9470,87 0,5273
-------------------------------
03.06.2020 02:10:53 gate.io BTC:
----------------------------ASK
9480,67 0,1133
9482,53 0,75878
9482,76 0,0183
9483 0,15
9483,27 0,0916
9484,51 0,2197
9485,11 0,144
9486,22 0,118
9486,6 0,0917
9487,08 0,165
----------------------------BID
9478,58 0,7506
9476,52 0,18
9475,43 0,1133
9475,1 0,3
9474,81 0,144
9474,5 0,0183
9473,99 0,0916
9472,31 0,0946
9471,4 0,0917
9470,92 0,165
-------------------------------
03.06.2020 02:10:53 gate.io BTC:
----------------------------ASK
9480,67 0,1133
9482,53 0,75878
9482,76 0,0183
9483 0,15
9483,27 0,0916
9484,51 0,2197
9485,11 0,144
9485,64 0,0183
9486,22 0,118
9486,6 0,0917
----------------------------BID
9478,58 0,7506
9476,52 0,18
9475,43 0,1133
9475,1 0,3
9474,81 0,144
9474,5 0,0183
9473,99 0,0916
9472,43 0,0183
9472,31 0,0946
9471,4 0,0917
-------------------------------
03.06.2020 02:10:54 gate.io BTC:
----------------------------ASK
9480,67 0,1133
9482,53 0,75878
9482,76 0,0183
9483 0,15
9483,27 0,0916
9484,51 0,2197
9485,11 0,144
9485,64 0,0183
9486,22 0,118
9486,6 0,0917
----------------------------BID
9478,58 0,7506
9476,52 0,18
9475,43 0,1133
9475,1 0,3
9474,81 0,144
9474,5 0,0183
9473,99 0,0916
9472,43 0,0183
9472,31 0,0946
9471,4 0,0917
-------------------------------
03.06.2020 02:10:54 gate.io BTC:
----------------------------ASK
9480,67 0,1133
9482,53 0,75878
9482,76 0,0183
9483 0,15
9483,27 0,0916
9484,51 0,2197
9485,11 0,144
9485,64 0,0183
9486,22 0,118
9486,6 0,0917
----------------------------BID
9478,58 0,7506
9476,52 0,18
9475,43 0,1133
9475,1 0,3
9474,81 0,144
9474,5 0,0183
9473,99 0,0916
9472,43 0,0183
9472,31 0,0946
9471,4 0,0917
-------------------------------
03.06.2020 02:10:55 gate.io BTC:
----------------------------ASK
9480,67 0,1133
9482,53 0,75878
9482,76 0,0183
9483 0,15
9483,27 0,0916
9484,51 0,2197
9485,11 0,144
9485,64 0,0183
9486,22 0,118
9486,6 0,0917
----------------------------BID
9478,58 0,7506
9476,52 0,18
9475,43 0,1133
9475,1 0,3
9474,81 0,144
9474,5 0,0183
9473,99 0,0916
9472,43 0,0183
9471,57 0,2197
9471,4 0,0917
-------------------------------
03.06.2020 02:10:55 gate.io BTC:
----------------------------ASK
9480,67 0,1133
9482,53 0,75878
9482,76 0,0183
9483 0,15
9483,27 0,0916
9484,51 0,2197
9485,11 0,144
9485,64 0,0183
9486,22 0,118
9486,6 0,0917
----------------------------BID
9478,58 0,7506
9476,52 0,18
9475,43 0,1133
9475,1 0,3
9474,81 0,144
9474,5 0,0183
9473,99 0,0916
9473,38 0,1
9472,43 0,0183
9471,57 0,2197
-------------------------------
03.06.2020 02:10:56 gate.io BTC:
----------------------------ASK
9480,67 0,1133
9482,53 0,75878
9482,76 0,0183
9483 0,15
9483,27 0,0916
9484,51 0,2197
9485,11 0,144
9485,64 0,0183
9486,22 0,118
9486,6 0,0917
----------------------------BID
9478,58 0,7506
9476,52 0,18
9475,43 0,1133
9475,1 0,3
9474,81 0,144
9474,5 0,0183
9473,99 0,0916
9473,38 0,1
9472,43 0,0183
9471,58 0,4
-------------------------------
03.06.2020 02:10:56 gate.io BTC:
----------------------------ASK
9480,67 0,1133
9482,53 0,75878
9482,76 0,0183
9483,27 0,0916
9484,51 0,2197
9485,11 0,144
9485,64 0,0183
9486,22 0,118
9486,6 0,0917
9486,77 0,6
----------------------------BID
9480,66 0,0505
9478,58 0,7506
9476,52 0,18
9475,43 0,1133
9475,1 0,3
9474,81 0,144
9474,5 0,0183
9473,99 0,0916
9473,38 0,1
9472,43 0,0183
-------------------------------
03.06.2020 02:10:57 gate.io BTC:
----------------------------ASK
9480,67 0,1133
9482,53 0,75878
9482,76 0,0183
9483,27 0,0916
9484,51 0,2197
9485,11 0,144
9485,12 0,1822
9485,64 0,0183
9486,22 0,118
9486,6 0,0917
----------------------------BID
9480,66 0,0505
9478,58 0,7506
9476,52 0,18
9475,43 0,1133
9475,1 0,3
9474,81 0,144
9474,5 0,0183
9473,99 0,0916
9473,38 0,1
9472,43 0,0183
-------------------------------
03.06.2020 02:10:57 gate.io BTC:
----------------------------ASK
9480,67 0,1133
9482,53 0,75878
9482,76 0,0183
9483,27 0,0916
9484,51 0,2197
9485,11 0,144
9485,12 0,1822
9485,64 0,0183
9486,22 0,118
9486,6 0,0917
----------------------------BID
9480,66 0,0505
9478,58 0,7506
9476,52 0,18
9475,43 0,1133
9475,1 0,3
9474,81 0,144
9474,5 0,0183
9473,99 0,0916
9473,38 0,1
9472,43 0,0183
-------------------------------
03.06.2020 02:12:56 gate.io BTC:
----------------------------ASK
9479 0,0182
9479,74 0,0183
9479,77 0,1133
9480,96 0,7506
9482,22 0,0183
9482,74 0,0914
9483,75 0,144
9483,82 0,2195
9484,05 0,6
9484,21 0,18
----------------------------BID
9476,22 3,6623
9475,83 1,3282
9475,49 0,7506
9474,73 0,1133
9473,82 0,0183
9472,84 0,18
9472,37 0,0914
9471,66 0,3
9470,13 0,144
9470,12 0,5273
-------------------------------
03.06.2020 02:12:56 gate.io BTC:
----------------------------ASK
9479 0,0182
9479,74 0,0183
9480,96 0,7506
9482,22 0,0183
9482,74 0,0914
9483,01 0,6
9483,75 0,144
9483,82 0,2195
9484,21 0,18
9484,3 0,0521498
----------------------------BID
9476,22 3,6623
9475,83 1,3282
9475,49 0,7506
9472,84 0,18
9471,66 0,3
9471,19 0,0183
9470,67 0,0914
9470,13 0,144
9470,12 0,5273
9469,36 0,0183
-------------------------------
03.06.2020 02:12:56 gate.io BTC:
----------------------------ASK
9478,3 0,0933
9478,75 0,0182
9479,31 0,7506
9480,65 0,0183
9481,17 0,0914
9482,06 0,2194
9483,01 0,6
9483,75 0,144
9483,86 0,0183
9484,3 0,0521498
----------------------------BID
9476,05 3,6623
9475,83 1,3282
9475,49 0,7506
9473,26 0,0933
9471,66 0,3
9471,19 0,0183
9470,67 0,0914
9470,13 0,144
9470,12 0,5273
9469,36 0,0183
-------------------------------
03.06.2020 02:12:57 gate.io BTC:
----------------------------ASK
9478,29 0,0933
9480,65 0,0183
9481,17 0,0914
9482,06 0,2194
9482,52 0,144
9483 0,18
9483,86 0,0183
9484,3 0,0521498
9484,39 0,6
9484,81 0,0916
----------------------------BID
9476,27 3,6623
9475,83 1,3282
9473,48 0,0933
9472,29 0,18
9471,66 0,3
9471,19 0,0183
9470,67 0,0914
9470,13 0,144
9469,36 0,0183
9468,98 0,1356
-------------------------------
03.06.2020 02:12:57 gate.io BTC:
----------------------------ASK
9480,65 0,0183
9481,17 0,0914
9482,06 0,2194
9482,52 0,144
9483 0,18
9483,86 0,0183
9484,19 0,1124
9484,3 0,0521498
9484,81 0,0916
9485,21 0,05272237
----------------------------BID
9476,69 3,6621
9475,83 1,3282
9472,29 0,18
9471,66 0,3
9471,19 0,0183
9470,67 0,0914
9470,13 0,144
9469,47 0,2194
9469,36 0,0183
9468,13 0,5274
-------------------------------
03.06.2020 02:12:58 gate.io BTC:
----------------------------ASK
9479,58 0,1033
9480,94 0,15
9481,1 0,15
9482,06 0,2194
9482,52 0,144
9483 0,18
9483,86 0,0183
9484,19 0,1124
9484,3 0,0521498
9484,81 0,0916
----------------------------BID
9475,83 1,3282
9474,54 0,1033
9472,29 0,18
9471,66 0,3
9471,19 0,0183
9470,67 0,0914
9470,13 0,144
9469,47 0,2194
9469,36 0,0183
9468,13 0,5274
-------------------------------
03.06.2020 02:12:58 gate.io BTC:
----------------------------ASK
9479,2 0,0182
9480,38 0,7506
9482,17 0,0183
9482,52 0,144
9482,69 0,0914
9483,86 0,0183
9484,19 0,1124
9484,26 0,6
9484,36 0,2194
9484,56 0,05178253
----------------------------BID
9476,45 0,7506
9475,83 1,3282
9471,66 0,3
9471,19 0,0183
9470,67 0,0914
9470,13 0,144
9469,47 0,2194
9469,36 0,0183
9468,13 0,5274
9468,12 0,0916
-------------------------------
03.06.2020 02:12:59 gate.io BTC:
----------------------------ASK
9481,37 0,0183
9482,17 0,0183
9482,52 0,144
9482,69 0,0914
9483,62 0,6
9483,85 0,18
9484,19 0,1124
9484,36 0,2194
9484,56 0,05178253
9484,81 0,0916
----------------------------BID
9476,47 3,6622
9475,83 1,3282
9473,08 0,18
9471,66 0,3
9471,62 0,1
9471,19 0,0183
9470,67 0,0914
9470,13 0,144
9470 0,2194
9469,36 0,0183
-------------------------------
03.06.2020 02:12:59 gate.io BTC:
----------------------------ASK
9478,35 0,1033
9480,58 0,15
9480,99 0,0183
9481,36 0,15
9481,37 0,0183
9481,51 0,0914
9482,52 0,144
9482,83 0,6
9483,85 0,18
9484,36 0,2194
----------------------------BID
9476,3 3,6622
9475,83 1,3282
9473,31 0,1033
9473,08 0,18
9471,66 0,3
9471,62 0,1
9471,19 0,0183
9470,67 0,0914
9470,13 0,144
9470 0,2194
-------------------------------
03.06.2020 02:14:31 gate.io BTC:
----------------------------ASK
9485 0,15
9485,42 0,0183
9486,49 0,7506
9487,37 0,0915
9487,54 0,6
9488,75 0,144
9488,76 0,118
9488,87 0,18
9490,01 0,1648
9491,23 0,3
----------------------------BID
9481,99 1,0135
9479,72 0,1
9477,49 0,18
9477,02 0,3
9475,62 0,1457
9474,45 0,4
9474,44 0,144
9474,04 0,0183
9473,91 0,5271
9472,49 0,0915
-------------------------------
03.06.2020 02:14:32 gate.io BTC:
----------------------------ASK
9483,43 0,0933
9485 0,15
9485,42 0,0183
9486,49 0,7506
9487,37 0,0915
9487,54 0,6
9488,75 0,144
9488,76 0,118
9488,87 0,18
9490,01 0,1648
----------------------------BID
9481,99 1,0135
9479,72 0,1
9478,39 0,0933
9477,49 0,18
9477,02 0,3
9475,62 0,1457
9474,45 0,4
9474,44 0,144
9474,04 0,0183
9473,91 0,5271
-------------------------------
03.06.2020 02:14:32 gate.io BTC:
----------------------------ASK
9484,08 0,1033
9485 0,15
9485,42 0,0183
9485,45 0,15
9486,49 0,7506
9487,54 0,6
9487,98 0,0915
9488,75 0,144
9488,76 0,118
9488,87 0,18
----------------------------BID
9481,99 1,0135
9479,72 0,1
9479,04 0,1033
9477,49 0,18
9477,02 0,3
9475,62 0,1457
9474,45 0,4
9474,44 0,144
9474,04 0,0183
9473,91 0,5271
-------------------------------
03.06.2020 02:14:33 gate.io BTC:
----------------------------ASK
9484,08 0,1033
9485,42 0,0183
9486,49 0,7506
9487,54 0,6
9487,98 0,0915
9488,75 0,144
9488,76 0,118
9488,87 0,18
9490,01 0,1648
9491,23 0,3
----------------------------BID
9481,99 0,9866
9479,72 0,1
9479,04 0,1033
9477,49 0,18
9477,02 0,3
9474,45 0,4
9474,44 0,144
9474,04 0,0183
9473,91 0,5271
9472,49 0,0915
-------------------------------
03.06.2020 02:14:33 gate.io BTC:
----------------------------ASK
9484,08 0,1033
9485,42 0,0183
9486,49 0,7506
9487,98 0,0915
9488,31 0,6
9488,75 0,144
9488,76 0,118
9488,87 0,18
9490,01 0,1648
9491,23 0,3
----------------------------BID
9481,99 0,9866
9479,72 0,1
9479,04 0,1033
9477,49 0,18
9477,02 0,3
9474,45 0,4
9474,44 0,144
9474,04 0,0183
9473,91 0,5271
9472,93 0,1457
-------------------------------
03.06.2020 02:14:34 gate.io BTC:
----------------------------ASK
9484,08 0,1033
9485,42 0,0183
9486,49 0,7506
9487,8 0,6
9487,98 0,0915
9488,75 0,144
9488,76 0,118
9488,87 0,18
9490,01 0,1648
9491,23 0,3
----------------------------BID
9481,99 0,9866
9479,72 0,1
9479,04 0,1033
9477,49 0,18
9477,02 0,3
9474,45 0,4
9474,44 0,144
9474,04 0,0183
9473,91 0,5271
9472,93 0,1457
-------------------------------
03.06.2020 02:14:34 gate.io BTC:
----------------------------ASK
9484,08 0,1033
9486,49 0,7506
9487,8 0,6
9488,75 0,144
9488,76 0,118
9488,87 0,18
9490,01 0,1648
9491,23 0,3
9491,64 0,05082175
9491,94 0,1708
----------------------------BID
9481,99 0,9866
9479,72 0,1
9479,04 0,1033
9477,49 0,18
9477,02 0,3
9474,45 0,4
9474,44 0,144
9474,04 0,0183
9473,91 0,5271
9472,93 0,1457
-------------------------------
03.06.2020 02:14:35 gate.io BTC:
----------------------------ASK
9486,49 0,7506
9487,02 0,0183
9487,8 0,6
9488,75 0,144
9488,76 0,118
9488,87 0,18
9489,18 0,0915
9490,01 0,1648
9491,23 0,3
9491,64 0,05082175
----------------------------BID
9481,99 0,9866
9479,72 0,1
9477,49 0,18
9477,02 0,3
9474,45 0,4
9474,44 0,144
9474,04 0,0183
9473,91 0,5271
9472,93 0,1457
9472,49 0,0915
-------------------------------
03.06.2020 02:14:35 gate.io BTC:
----------------------------ASK
9484,03 0,1133
9486,49 0,7506
9487,02 0,0183
9487,8 0,6
9488,75 0,144
9488,76 0,118
9488,87 0,18
9489,18 0,0915
9490,01 0,1648
9491,23 0,3
----------------------------BID
9481,99 0,9866
9479,72 0,1
9478,99 0,1133
9477,49 0,18
9477,02 0,3
9474,45 0,4
9474,44 0,144
9474,04 0,0183
9473,91 0,5271
9472,93 0,1457
-------------------------------
03.06.2020 02:15:42 gate.io BTC:
----------------------------ASK
9492,52 0,0933
9494,19 0,1914
9494,39 0,15
9495,04 0,118
9495,17 0,7506
9496,87 0,144
9496,91 0,6
9498,07 0,0181
9498,79 0,0903
9499,84 0,0988
----------------------------BID
9490,81 3,6671
9487,89 0,15
9487,71 0,15
9487,48 0,0933
9486,88 0,3
9486,42 0,1702
9485,54 0,144
9484,92 0,1
9483 0,0181
9481,99 0,21049
-------------------------------
03.06.2020 02:15:43 gate.io BTC:
----------------------------ASK
9492,52 0,0933
9495,04 0,118
9495,17 0,7506
9496,87 0,144
9496,91 0,6
9498,07 0,0181
9498,32 0,18
9498,79 0,0903
9499,84 0,0988
9500 0,136
----------------------------BID
9490,62 3,6672
9490,42 0,7506
9487,89 0,15
9487,48 0,0933
9486,93 0,18
9486,88 0,3
9486,42 0,1702
9485,54 0,144
9484,92 0,1
9483 0,0181
-------------------------------
03.06.2020 02:15:43 gate.io BTC:
----------------------------ASK
9492,52 0,0933
9495,04 0,118
9495,17 0,7506
9496,87 0,144
9496,91 0,6
9498,07 0,0181
9498,32 0,18
9498,79 0,0903
9499,84 0,0988
9500 0,136
----------------------------BID
9490,62 3,6672
9490,42 0,7506
9487,48 0,0933
9486,93 0,18
9486,88 0,3
9486,42 0,1702
9485,54 0,144
9484,92 0,1
9483 0,0181
9481,99 0,21049
-------------------------------
03.06.2020 02:15:44 gate.io BTC:
----------------------------ASK
9492,52 0,0933
9495,04 0,118
9495,17 0,7506
9496,87 0,144
9496,91 0,6
9498,07 0,0181
9498,32 0,18
9498,79 0,0903
9499,84 0,0988
9500 0,136
----------------------------BID
9490,42 0,7506
9487,48 0,0933
9486,93 0,18
9486,88 0,3
9486,42 0,1702
9485,54 0,144
9484,92 0,1
9483 0,0181
9481,99 0,21049
9481,7 0,1252
-------------------------------
03.06.2020 02:15:44 gate.io BTC:
----------------------------ASK
9492,52 0,0933
9495,04 0,118
9495,17 0,7506
9496,87 0,144
9496,91 0,6
9498,07 0,0181
9498,32 0,18
9498,79 0,0903
9499,84 0,0988
9500 0,136
----------------------------BID
9490,56 3,6672
9490,42 0,7506
9487,48 0,0933
9486,93 0,18
9486,42 0,1702
9485,54 0,144
9484,92 0,1
9483 0,0181
9481,99 0,21049
9481,7 0,1252
-------------------------------
03.06.2020 02:15:45 gate.io BTC:
----------------------------ASK
9492,52 0,0933
9493,97 0,15
9495,04 0,118
9495,12 0,3
9495,17 0,7506
9496,87 0,144
9496,91 0,6
9498,07 0,0181
9498,32 0,18
9498,79 0,0903
----------------------------BID
9490,52 3,6673
9490,42 0,7506
9487,48 0,0933
9486,93 0,18
9486,42 0,1702
9485,57 0,3
9485,54 0,144
9484,92 0,1
9483 0,0181
9481,99 0,21049
-------------------------------
03.06.2020 02:15:45 gate.io BTC:
----------------------------ASK
9492,52 0,0933
9493,97 0,15
9495,04 0,118
9495,12 0,3
9495,17 0,7506
9496,87 0,144
9498,07 0,0181
9498,32 0,18
9498,79 0,0903
9499,79 0,3
----------------------------BID
9490,52 3,6673
9490,42 0,7506
9487,48 0,0933
9486,93 0,18
9486,42 0,1702
9485,57 0,3
9485,54 0,144
9484,92 0,1
9483 0,0181
9481,99 0,21049
-------------------------------
03.06.2020 02:15:46 gate.io BTC:
----------------------------ASK
9492,52 0,0933
9493,97 0,15
9495,04 0,118
9495,12 0,15
9495,17 0,7506
9495,55 0,0988
9496,87 0,144
9497,53 0,6
9498,07 0,0181
9498,32 0,18
----------------------------BID
9490,42 0,7506
9490,4 3,6673
9487,48 0,0933
9486,93 0,18
9486,42 0,1702
9485,57 0,3
9485,54 0,144
9484,92 0,1
9483 0,0181
9481,99 0,21049
-------------------------------
03.06.2020 02:15:46 gate.io BTC:
----------------------------ASK
9492,52 0,0933
9493,97 0,15
9495,04 0,118
9495,17 0,7506
9495,55 0,0988
9496,87 0,144
9497,53 0,6
9498,07 0,0181
9498,32 0,18
9498,79 0,0903
----------------------------BID
9491,2 0,2626
9490,42 0,7506
9490,4 3,6673
9487,48 0,0933
9486,93 0,18
9486,42 0,1702
9485,57 0,3
9485,54 0,144
9484,92 0,1
9483 0,0181
-------------------------------
03.06.2020 02:15:47 gate.io BTC:
----------------------------ASK
9492,52 0,0933
9493,97 0,15
9495,04 0,118
9495,17 0,7506
9495,55 0,0988
9496,87 0,144
9497,53 0,6
9498,07 0,0181
9498,32 0,18
9498,79 0,0903
----------------------------BID
9491,2 0,2626
9490,42 0,7506
9490,4 3,6673
9487,48 0,0933
9486,93 0,18
9486,42 0,1702
9485,57 0,3
9485,54 0,144
9484,92 0,1
9483 0,0181
-------------------------------
03.06.2020 02:15:47 gate.io BTC:
----------------------------ASK
9492,52 0,0933
9493,97 0,15
9495,04 0,118
9495,17 0,7506
9495,55 0,0988
9496,87 0,144
9497,53 0,6
9498,07 0,0181
9498,32 0,18
9498,79 0,0903
----------------------------BID
9491,2 0,2626
9490,42 0,7506
9487,48 0,0933
9486,93 0,18
9486,42 0,1702
9485,57 0,3
9485,54 0,144
9484,92 0,1
9483 0,0181
9481,99 0,21049
-------------------------------
03.06.2020 02:15:49 gate.io BTC:
----------------------------ASK
9492,52 0,0933
9493,97 0,15
9495,04 0,118
9495,17 0,7506
9495,55 0,0988
9496,87 0,144
9497,53 0,6
9498,07 0,0181
9498,32 0,18
9498,79 0,0903
----------------------------BID
9491,2 0,2626
9490,42 0,7506
9487,48 0,0933
9486,93 0,18
9486,42 0,1702
9485,57 0,3
9485,54 0,144
9484,92 0,1
9483 0,0181
9481,99 0,21049
-------------------------------
03.06.2020 02:15:49 gate.io BTC:
----------------------------ASK
9492,52 0,0933
9493,97 0,15
9495,04 0,118
9495,17 0,7506
9495,55 0,0988
9496,87 0,144
9497,53 0,6
9497,66 0,1914
9498,07 0,0181
9498,32 0,18
----------------------------BID
9491,2 0,2626
9490,42 0,7506
9487,48 0,0933
9486,93 0,18
9486,42 0,1702
9485,57 0,3
9485,54 0,144
9484,92 0,1
9483 0,0181
9481,99 0,21049
-------------------------------
03.06.2020 02:15:50 gate.io BTC:
----------------------------ASK
9492,51 0,0988
9492,52 0,0933
9493,97 0,15
9495,04 0,118
9495,17 0,7506
9496,87 0,144
9497,53 0,6
9497,66 0,1914
9498,07 0,0181
9498,32 0,18
----------------------------BID
9491,2 0,2626
9490,42 0,7506
9487,48 0,0933
9486,93 0,18
9486,42 0,1702
9485,57 0,3
9485,54 0,144
9484,92 0,1
9483 0,0181
9481,99 0,21049
-------------------------------
03.06.2020 02:15:50 gate.io BTC:
----------------------------ASK
9492,51 0,0988
9492,52 0,0933
9495,04 0,118
9495,17 0,7506
9496,87 0,144
9497,53 0,6
9497,66 0,1914
9498,07 0,0181
9498,32 0,18
9498,79 0,0903
----------------------------BID
9491,2 0,2626
9490,42 0,7506
9487,48 0,0933
9486,93 0,18
9486,42 0,1702
9485,57 0,3
9485,54 0,144
9484,92 0,1
9483 0,0181
9481,99 0,21049
-------------------------------
03.06.2020 02:15:51 gate.io BTC:
----------------------------ASK
9492,51 0,0988
9495,04 0,118
9495,17 0,7506
9496,87 0,144
9497,53 0,6
9497,66 0,1914
9498,07 0,0181
9498,32 0,18
9498,79 0,0903
9499,79 0,3
----------------------------BID
9491,2 0,2626
9490,42 0,7506
9486,93 0,18
9486,42 0,1702
9485,57 0,3
9485,54 0,144
9484,92 0,1
9483 0,0181
9481,99 0,21049
9481,57 0,0903
-------------------------------
03.06.2020 02:15:51 gate.io BTC:
----------------------------ASK
9493,5 0,1033
9495,04 0,118
9495,17 0,7506
9496,87 0,144
9497,46 0,0861
9497,66 0,1914
9498,07 0,0181
9498,32 0,18
9498,79 0,0903
9499,68 0,1914
----------------------------BID
9491,46 3,6669
9491,2 0,2615
9490,42 0,7506
9488,46 0,1033
9486,93 0,18
9486,42 0,1702
9485,57 0,3
9485,54 0,144
9484,92 0,1
9483 0,0181
-------------------------------
03.06.2020 02:15:52 gate.io BTC:
----------------------------ASK
9494,6 0,15
9495,04 0,118
9495,17 0,7506
9496,87 0,144
9497,56 0,6
9498,07 0,0181
9498,32 0,18
9498,79 0,0903
9499,68 0,1914
9499,79 0,3
----------------------------BID
9491,2 0,2615
9491,13 3,667
9490,42 0,7506
9486,93 0,18
9486,52 0,1
9486,42 0,1702
9485,57 0,3
9485,54 0,144
9483,34 0,0181
9482,1 0,0903
-------------------------------
03.06.2020 02:15:52 gate.io BTC:
----------------------------ASK
9494,6 0,15
9495,04 0,118
9495,17 0,7506
9496,87 0,144
9498,07 0,0181
9498,32 0,18
9498,79 0,0903
9499,54 0,6
9499,68 0,1914
9499,79 0,3
----------------------------BID
9491,2 0,2615
9490,42 0,7506
9486,93 0,18
9486,52 0,1
9486,42 0,1702
9485,57 0,3
9485,54 0,144
9483,34 0,0181
9482,41 0,1249
9482,1 0,0903
-------------------------------
03.06.2020 02:15:53 gate.io BTC:
----------------------------ASK
9495,04 0,118
9495,17 0,7506
9496,34 0,1875
9496,87 0,144
9498,07 0,0181
9498,79 0,0903
9499,54 0,6
9499,89 0,1626
9500 0,136
9501,17 0,05359414
----------------------------BID
9491,98 0,7506
9491,43 3,6669
9491,2 0,2615
9486,52 0,1
9486,42 0,1702
9485,54 0,144
9483,83 0,0181
9483,4 0,1252
9482,41 0,1249
9482,1 0,0903
-------------------------------
03.06.2020 02:15:53 gate.io BTC:
----------------------------ASK
9494,19 0,0933
9495,04 0,118
9495,17 0,7506
9496,87 0,144
9498,07 0,0181
9498,78 0,18
9498,79 0,0903
9499,53 0,3
9499,89 0,1626
9500 0,136
----------------------------BID
9491,98 0,7506
9491,43 3,6669
9491,2 0,2615
9489,15 0,0933
9487,85 0,18
9486,68 0,3
9486,52 0,1
9486,42 0,1702
9485,54 0,144
9483,83 0,0181
-------------------------------
03.06.2020 02:15:54 gate.io BTC:
----------------------------ASK
9494,19 0,0933
9494,51 0,15
9495,04 0,118
9495,17 0,7506
9496,87 0,144
9498,07 0,0181
9498,56 0,6
9498,78 0,18
9498,79 0,0903
9499,53 0,3
----------------------------BID
9491,98 0,7506
9491,2 0,2615
9489,15 0,0933
9487,85 0,18
9486,82 0,129
9486,68 0,3
9486,52 0,1
9486,42 0,1702
9485,54 0,144
9483,83 0,0181
-------------------------------
03.06.2020 02:15:54 gate.io BTC:
----------------------------ASK
9494,51 0,15
9495,04 0,118
9495,17 0,7506
9496,87 0,144
9498,07 0,0181
9498,56 0,6
9498,78 0,18
9498,79 0,0903
9499,53 0,3
9499,74 0,0861
----------------------------BID
9491,98 0,7506
9491,2 0,2615
9489,15 0,0933
9487,85 0,18
9486,82 0,129
9486,68 0,3
9486,42 0,1702
9485,54 0,144
9483,83 0,0181
9482,1 0,0903
-------------------------------
03.06.2020 02:15:55 gate.io BTC:
----------------------------ASK
9494,51 0,15
9495,04 0,118
9495,17 0,7506
9496,87 0,144
9498,07 0,0181
9498,56 0,6
9498,78 0,18
9498,79 0,0903
9499,53 0,3
9499,74 0,0861
----------------------------BID
9491,98 0,7506
9491,2 0,2615
9489,15 0,0933
9487,85 0,18
9486,68 0,3
9486,42 0,1702
9485,54 0,144
9484,63 0,129
9483,83 0,0181
9482,1 0,0903
-------------------------------
03.06.2020 02:15:55 gate.io BTC:
----------------------------ASK
9493,78 0,0933
9494,51 0,15
9495,04 0,118
9495,17 0,7506
9496,87 0,144
9498,07 0,0181
9498,17 0,6
9498,78 0,18
9498,79 0,0903
9499,53 0,3
----------------------------BID
9491,98 0,7506
9491,2 0,2615
9489,15 0,0933
9487,85 0,18
9486,68 0,3
9486,42 0,1702
9485,54 0,144
9483,83 0,0181
9482,59 0,129
9482,1 0,0903
-------------------------------
03.06.2020 02:15:56 gate.io BTC:
----------------------------ASK
9493,78 0,0933
9494,51 0,15
9495,04 0,118
9495,17 0,7506
9496,87 0,144
9498,07 0,0181
9498,17 0,6
9498,78 0,18
9498,79 0,0903
9499,53 0,3
----------------------------BID
9491,98 0,6956
9491,2 0,2615
9489,15 0,0933
9487,85 0,18
9486,68 0,3
9486,42 0,1702
9485,54 0,144
9483,83 0,0181
9482,59 0,129
9482,1 0,0903
-------------------------------
03.06.2020 02:15:56 gate.io BTC:
----------------------------ASK
9493,78 0,0933
9494,51 0,15
9495,04 0,118
9495,17 0,7506
9496,87 0,144
9498,07 0,0181
9498,17 0,6
9498,78 0,18
9498,79 0,0903
9499,53 0,3
----------------------------BID
9491,98 0,6956
9491,2 0,2615
9489,15 0,0933
9487,85 0,18
9486,68 0,3
9486,42 0,1702
9485,54 0,144
9483,83 0,0181
9482,59 0,129
9482,1 0,0903
-------------------------------
03.06.2020 02:15:57 gate.io BTC:
----------------------------ASK
9493,78 0,0933
9494,51 0,15
9495,04 0,118
9495,17 0,7506
9496,87 0,144
9498,07 0,0181
9498,17 0,6
9498,78 0,18
9498,79 0,0903
9499,53 0,3
----------------------------BID
9491,98 0,6773
9491,2 0,2615
9489,15 0,0933
9487,85 0,18
9486,68 0,3
9486,42 0,1702
9485,54 0,144
9483,83 0,0181
9482,59 0,129
9482,1 0,0903
-------------------------------
03.06.2020 02:15:57 gate.io BTC:
----------------------------ASK
9494,51 0,15
9495,04 0,118
9495,17 0,7506
9496,87 0,144
9497,51 0,6
9498,07 0,0181
9498,78 0,18
9498,79 0,0903
9499,53 0,3
9499,89 0,1626
----------------------------BID
9491,2 0,2615
9487,85 0,18
9486,68 0,3
9486,42 0,1702
9485,54 0,144
9483,83 0,0181
9482,59 0,129
9482,1 0,0903
9481,99 0,21049
9481,41 0,1249
-------------------------------
03.06.2020 02:15:58 gate.io BTC:
----------------------------ASK
9493,05 0,1033
9494,29 0,3
9495,04 0,118
9495,17 0,7506
9496,47 0,6
9496,87 0,144
9498,07 0,0181
9498,78 0,18
9498,79 0,0903
9499,53 0,3
----------------------------BID
9491,2 0,2615
9488,01 0,1033
9487,85 0,18
9486,68 0,3
9486,42 0,1702
9486,27 0,129
9485,54 0,144
9483,83 0,0181
9483,4 0,1249
9482,1 0,0903
-------------------------------
03.06.2020 02:15:58 gate.io BTC:
----------------------------ASK
9494,29 0,3
9495,04 0,118
9495,17 0,7506
9496,47 0,6
9496,87 0,144
9498,07 0,0181
9498,78 0,18
9498,79 0,0903
9499,53 0,3
9499,89 0,1626
----------------------------BID
9491,2 0,2615
9487,85 0,18
9486,68 0,3
9486,42 0,1702
9486,27 0,129
9485,54 0,144
9483,83 0,0181
9483,4 0,1249
9482,1 0,0903
9481,99 0,21049
-------------------------------
03.06.2020 02:15:59 gate.io BTC:
----------------------------ASK
9493,04 0,1033
9495,04 0,118
9495,17 0,7506
9496,87 0,144
9497,69 0,6
9498,07 0,0181
9498,78 0,18
9498,79 0,0903
9499,53 0,3
9499,89 0,1626
----------------------------BID
9491,2 0,2615
9489,48 0,7506
9488,02 0,1033
9487,85 0,18
9486,68 0,3
9486,52 0,1
9486,42 0,1702
9486,27 0,129
9485,54 0,144
9483,83 0,0181
-------------------------------
03.06.2020 02:15:59 gate.io BTC:
----------------------------ASK
9493,04 0,1033
9493,38 0,15
9495,04 0,118
9495,17 0,7506
9496,87 0,144
9497,09 0,6
9498,07 0,0181
9498,79 0,0903
9499,53 0,3
9499,89 0,1626
----------------------------BID
9491,2 0,2615
9489,48 0,7506
9488,02 0,1033
9486,68 0,3
9486,52 0,1
9486,42 0,1702
9486,27 0,129
9485,54 0,144
9483,83 0,0181
9483,4 0,1249
-------------------------------
03.06.2020 02:16:00 gate.io BTC:
----------------------------ASK
9493,38 0,15
9495,04 0,118
9495,17 0,7506
9496,87 0,144
9497,09 0,6
9498,07 0,0181
9498,28 0,18
9498,79 0,0903
9499,53 0,3
9499,89 0,1626
----------------------------BID
9491,2 0,2615
9489,48 0,7506
9486,89 0,18
9486,68 0,3
9486,52 0,1
9486,42 0,1702
9486,27 0,129
9485,54 0,144
9483,83 0,0181
9482,1 0,0903
-------------------------------
03.06.2020 02:16:00 gate.io BTC:
----------------------------ASK
9492,98 0,1033
9493,14 0,15
9495,04 0,118
9495,17 0,7506
9496,87 0,144
9497,09 0,6
9498,07 0,0181
9498,28 0,18
9498,79 0,0903
9499,53 0,3
----------------------------BID
9491,2 0,2615
9489,48 0,7506
9487,94 0,1033
9486,89 0,18
9486,68 0,3
9486,52 0,1
9486,42 0,1702
9486,27 0,129
9485,54 0,144
9483,83 0,0181
-------------------------------
03.06.2020 02:16:01 gate.io BTC:
----------------------------ASK
9492,98 0,1033
9493,46 0,15
9495,04 0,118
9495,17 0,7506
9496,87 0,144
9497,09 0,6
9498,07 0,0181
9498,28 0,18
9498,79 0,0903
9499,53 0,3
----------------------------BID
9491,2 0,2615
9489,48 0,7506
9487,94 0,1033
9486,89 0,18
9486,68 0,3
9486,52 0,1
9486,42 0,1702
9486,27 0,129
9485,54 0,144
9483,83 0,0181
-------------------------------
03.06.2020 02:16:01 gate.io BTC:
----------------------------ASK
9492,59 0,1133
9493,07 0,15
9495,04 0,118
9495,17 0,7506
9495,93 0,6
9496,87 0,144
9498,07 0,0181
9498,28 0,18
9498,79 0,0903
9499,53 0,3
----------------------------BID
9491,2 0,2615
9489,48 0,7506
9487,55 0,1133
9486,89 0,18
9486,68 0,3
9486,52 0,1
9486,42 0,1702
9486,27 0,129
9485,54 0,144
9482,87 0,0181
-------------------------------
03.06.2020 02:16:02 gate.io BTC:
----------------------------ASK
9492,59 0,1133
9493,07 0,15
9495,04 0,118
9495,17 0,7506
9495,93 0,6
9496,87 0,144
9498,07 0,0181
9498,28 0,18
9498,79 0,0903
9499,53 0,3
----------------------------BID
9491,2 0,2615
9489,48 0,7506
9487,55 0,1133
9486,89 0,18
9486,68 0,3
9486,52 0,1
9486,42 0,1702
9486,27 0,129
9485,54 0,144
9482,87 0,0181
-------------------------------
03.06.2020 02:16:02 gate.io BTC:
----------------------------ASK
9492,59 0,1133
9493,07 0,15
9495,04 0,118
9495,17 0,7506
9496,87 0,144
9498,07 0,0181
9498,28 0,18
9498,79 0,0903
9499,53 0,3
9499,89 0,1626
----------------------------BID
9491,2 0,2615
9489,48 0,7506
9487,55 0,1133
9486,89 0,18
9486,68 0,3
9486,52 0,1
9486,42 0,1702
9486,27 0,129
9485,54 0,144
9482,87 0,0181
-------------------------------
03.06.2020 02:16:03 gate.io BTC:
----------------------------ASK
9492,59 0,1133
9493,07 0,15
9495,04 0,118
9495,17 0,7506
9496,8 0,6
9496,87 0,144
9498,07 0,0181
9498,28 0,18
9498,79 0,0903
9499,53 0,3
----------------------------BID
9491,2 0,2615
9490,65 0,7506
9487,55 0,1133
9486,89 0,18
9486,68 0,3
9486,52 0,1
9486,42 0,1702
9486,27 0,129
9485,54 0,144
9482,87 0,0181
-------------------------------
03.06.2020 02:16:03 gate.io BTC:
----------------------------ASK
9493,37 0,0933
9495,04 0,118
9495,17 0,7506
9496,8 0,6
9496,87 0,144
9498,07 0,0181
9498,28 0,18
9498,79 0,0903
9499,53 0,3
9499,89 0,1626
----------------------------BID
9491,2 0,2615
9490,65 0,7506
9488,33 0,0933
9486,89 0,18
9486,68 0,3
9486,52 0,1
9486,42 0,1702
9486,27 0,129
9485,54 0,144
9482,88 0,4
-------------------------------
03.06.2020 02:16:04 gate.io BTC:
----------------------------ASK
9493,27 0,15
9493,37 0,0933
9495,04 0,118
9495,17 0,7506
9496,8 0,6
9496,87 0,144
9498,07 0,0181
9498,28 0,18
9498,79 0,0903
9499,53 0,3
----------------------------BID
9491,2 0,2615
9490,65 0,7506
9488,33 0,0933
9486,89 0,18
9486,68 0,3
9486,52 0,1
9486,42 0,1702
9486,27 0,129
9485,54 0,144
9482,88 0,4
-------------------------------
03.06.2020 02:16:04 gate.io BTC:
----------------------------ASK
9493,27 0,15
9495,04 0,118
9495,17 0,7506
9496,8 0,6
9496,87 0,144
9498,07 0,0181
9498,28 0,18
9498,79 0,0903
9499,53 0,3
9499,89 0,1626
----------------------------BID
9491,2 0,2615
9490,65 0,7506
9488,33 0,0933
9486,89 0,18
9486,68 0,3
9486,52 0,1
9486,42 0,1702
9486,27 0,129
9485,54 0,144
9482,88 0,4
-------------------------------
03.06.2020 02:16:05 gate.io BTC:
----------------------------ASK
9492,76 0,0933
9493,04 0,15
9495,04 0,118
9495,17 0,7506
9495,5 0,6
9496,87 0,144
9498,07 0,0181
9498,28 0,18
9498,79 0,0903
9499,53 0,3
----------------------------BID
9491,2 0,2615
9490,65 0,7506
9487,72 0,0933
9486,89 0,18
9486,68 0,3
9486,52 0,1
9486,42 0,1702
9486,27 0,129
9485,54 0,144
9482,87 0,0181
-------------------------------
03.06.2020 02:16:05 gate.io BTC:
----------------------------ASK
9492,76 0,0933
9493,04 0,15
9495,04 0,118
9495,17 0,7506
9495,5 0,6
9496,87 0,144
9497,4 0,1562
9498,07 0,0181
9498,28 0,18
9498,79 0,0903
----------------------------BID
9491,2 0,2615
9490,65 0,7506
9487,72 0,0933
9486,89 0,18
9486,68 0,3
9486,52 0,1
9486,42 0,1702
9485,54 0,144
9482,87 0,0181
9482,1 0,0903
-------------------------------
03.06.2020 02:16:06 gate.io BTC:
----------------------------ASK
9492,76 0,0933
9493,04 0,15
9495,04 0,118
9495,17 0,7506
9495,55 0,6
9496,87 0,144
9498,07 0,0181
9498,28 0,18
9498,79 0,0903
9499,53 0,3
----------------------------BID
9491,2 0,2615
9490,65 0,7506
9487,72 0,0933
9486,89 0,18
9486,68 0,3
9486,52 0,1
9486,42 0,1702
9485,54 0,144
9482,87 0,0181
9482,84 0,1603
-------------------------------
03.06.2020 02:16:06 gate.io BTC:
----------------------------ASK
9491,86 0,1033
9492,71 0,15
9495,04 0,118
9495,17 0,7506
9496,87 0,144
9498,28 0,18
9498,79 0,0903
9499,53 0,3
9500 0,136
9500,3 0,05472392
----------------------------BID
9491,2 0,2615
9486,89 0,18
9486,82 0,1033
9486,68 0,3
9486,52 0,1
9486,42 0,1702
9485,54 0,144
9482,87 0,0181
9482,84 0,1603
9482,57 0,1236
-------------------------------
03.06.2020 02:16:07 gate.io BTC:
----------------------------ASK
9491,86 0,1033
9492,43 0,15
9494,1 0,6
9495,04 0,118
9495,17 0,7506
9496,87 0,144
9496,98 0,0181
9497,67 0,0905
9498,87 0,1626
9500 0,136
----------------------------BID
9491,2 0,2615
9486,82 0,1033
9486,52 0,1
9486,42 0,1702
9485,54 0,144
9482,87 0,0181
9482,84 0,1603
9482,57 0,1236
9482,1 0,0903
9481,99 0,21049
-------------------------------
03.06.2020 02:16:07 gate.io BTC:
----------------------------ASK
9491,86 0,1033
9492,23 0,15
9493,22 0,7506
9494,1 0,6
9495,04 0,118
9496,22 0,18
9496,87 0,144
9496,98 0,0181
9497,67 0,0905
9497,88 0,3
----------------------------BID
9491,2 0,2615
9489,4 0,7506
9487,96 0,1603
9486,82 0,1033
9486,52 0,1
9486,42 0,1702
9485,54 0,144
9484,84 0,18
9484,73 0,1603
9483,66 0,3
-------------------------------
03.06.2020 02:16:08 gate.io BTC:
----------------------------ASK
9491,86 0,1033
9492,23 0,15
9493,22 0,7506
9494,1 0,6
9495,04 0,118
9496,22 0,18
9496,87 0,144
9496,98 0,0181
9497,67 0,0905
9497,88 0,3
----------------------------BID
9491,2 0,2615
9489,4 0,7506
9486,82 0,1033
9486,52 0,1
9486,42 0,1702
9485,54 0,144
9484,84 0,18
9484,73 0,1603
9483,66 0,3
9482,87 0,0181
-------------------------------
03.06.2020 02:16:08 gate.io BTC:
----------------------------ASK
9491,86 0,1033
9492,23 0,15
9493,22 0,7506
9494,1 0,6
9495,04 0,118
9496,22 0,18
9496,87 0,144
9496,98 0,0181
9497,67 0,0905
9497,88 0,3
----------------------------BID
9491,2 0,2434
9489,4 0,7506
9486,82 0,1033
9486,52 0,1
9486,42 0,1702
9485,54 0,144
9484,84 0,18
9483,66 0,3
9482,87 0,0181
9481,99 0,21049
-------------------------------
03.06.2020 02:16:09 gate.io BTC:
----------------------------ASK
9491,8 0,15
9491,86 0,1033
9493,22 0,7506
9494,52 0,6
9495,04 0,118
9496,22 0,18
9496,87 0,144
9496,98 0,0181
9497,67 0,0905
9497,88 0,3
----------------------------BID
9491,2 0,2391
9489,4 0,7506
9486,82 0,1033
9486,52 0,1
9486,42 0,1702
9485,54 0,144
9484,84 0,18
9484,42 0,1603
9483,66 0,3
9481,99 0,21049
-------------------------------
03.06.2020 02:16:09 gate.io BTC:
----------------------------ASK
9491,8 0,15
9491,86 0,1033
9493,22 0,7506
9494,52 0,6
9495,04 0,118
9496,22 0,18
9496,87 0,144
9496,98 0,0181
9497,67 0,0905
9497,88 0,3
----------------------------BID
9491,2 0,2055
9489,4 0,7506
9488,2 0,1603
9486,82 0,1033
9486,52 0,1
9486,42 0,1702
9485,54 0,144
9484,84 0,18
9483,66 0,3
9483,61 0,1236
-------------------------------
03.06.2020 02:16:10 gate.io BTC:
----------------------------ASK
9491,8 0,15
9491,86 0,1033
9493,22 0,7506
9493,86 0,0183
9494,39 0,0917
9494,71 0,22
9495,04 0,118
9495,28 0,6
9496,22 0,18
9496,87 0,144
----------------------------BID
9491,2 0,194
9489,4 0,7506
9488,2 0,1603
9486,82 0,1033
9486,52 0,1
9486,42 0,1702
9485,54 0,144
9484,84 0,18
9483,66 0,3
9483,61 0,1236
-------------------------------
03.06.2020 02:16:10 gate.io BTC:
----------------------------ASK
9491,8 0,15
9491,86 0,1033
9493,22 0,7506
9493,86 0,0183
9494,39 0,0917
9494,71 0,22
9495,04 0,118
9495,28 0,6
9496,22 0,18
9496,87 0,144
----------------------------BID
9491,2 0,194
9489,4 0,7506
9488,2 0,1603
9486,82 0,1033
9486,52 0,1
9486,42 0,1702
9485,54 0,144
9484,84 0,18
9483,66 0,3
9483,61 0,1236
-------------------------------
03.06.2020 02:16:11 gate.io BTC:
----------------------------ASK
9491,52 0,1033
9491,8 0,15
9493,22 0,7506
9493,86 0,0183
9494,39 0,0917
9494,71 0,22
9495,04 0,118
9495,28 0,6
9496,22 0,18
9496,87 0,144
----------------------------BID
9491,2 0,194
9489,4 0,7506
9488,2 0,1603
9486,52 0,1
9486,48 0,1033
9486,42 0,1702
9485,54 0,144
9484,84 0,18
9483,66 0,3
9483,61 0,1236
-------------------------------
03.06.2020 02:16:11 gate.io BTC:
----------------------------ASK
9491,22 0,1133
9491,56 0,15
9493,22 0,7506
9493,86 0,0183
9494,39 0,0917
9494,71 0,22
9494,97 0,6
9495,04 0,118
9496,21 0,288
9496,22 0,18
----------------------------BID
9491,2 0,194
9489,4 0,7506
9488,2 0,1603
9486,52 0,1
9486,42 0,1702
9485,66 0,1133
9485,54 0,144
9484,84 0,18
9483,66 0,3
9483,61 0,1236
-------------------------------
03.06.2020 02:16:12 gate.io BTC:
----------------------------ASK
9491,22 0,1133
9491,56 0,15
9493,22 0,7506
9493,86 0,0183
9494,39 0,0917
9494,71 0,22
9494,97 0,6
9495,04 0,118
9495,83 0,0181
9496,21 0,288
----------------------------BID
9491,2 0,194
9489,4 0,7506
9488,2 0,1603
9486,52 0,1
9486,42 0,1702
9485,66 0,1133
9485,54 0,144
9484,84 0,18
9483,66 0,3
9483,61 0,1236
-------------------------------
03.06.2020 02:16:12 gate.io BTC:
----------------------------ASK
9491,22 0,1316
9491,56 0,15
9493,22 0,7506
9494,39 0,0917
9494,71 0,22
9494,97 0,6
9495,04 0,118
9495,82 0,144
9495,83 0,0181
9496,21 0,144
----------------------------BID
9491,2 0,194
9489,4 0,7506
9488,2 0,1603
9486,52 0,1
9486,42 0,1702
9485,66 0,1133
9485,54 0,144
9484,84 0,18
9483,66 0,3
9483,61 0,1236
-------------------------------
03.06.2020 02:16:13 gate.io BTC:
----------------------------ASK
9491,22 0,1316
9493,22 0,7506
9494,39 0,0917
9494,71 0,22
9494,97 0,6
9495,04 0,118
9495,82 0,144
9495,83 0,0181
9496,22 0,18
9497,67 0,0905
----------------------------BID
9491,2 0,194
9489,4 0,7506
9488,2 0,1603
9486,52 0,1
9486,42 0,1702
9485,54 0,144
9484,84 0,18
9483,66 0,3
9483,61 0,1236
9483,43 0,0183
-------------------------------
03.06.2020 02:16:13 gate.io BTC:
----------------------------ASK
9491,22 0,1133
9493,22 0,7506
9493,45 0,0183
9494,39 0,0917
9494,71 0,22
9494,97 0,6
9495,04 0,118
9495,82 0,144
9495,83 0,0181
9496,22 0,18
----------------------------BID
9491,2 0,194
9489,4 0,7506
9486,52 0,1
9486,42 0,1702
9486,02 0,0933
9485,54 0,144
9484,84 0,18
9483,66 0,3
9483,61 0,1236
9483,43 0,0183
-------------------------------
03.06.2020 02:16:14 gate.io BTC:
----------------------------ASK
9491,22 0,1133
9493,22 0,7506
9493,45 0,0183
9494,39 0,0917
9494,71 0,22
9495,04 0,118
9495,82 0,144
9495,83 0,0181
9496,22 0,18
9496,4 0,6
----------------------------BID
9491,2 0,194
9489,4 0,7506
9486,52 0,1
9486,42 0,1702
9486,02 0,0933
9485,59 0,1518
9485,54 0,144
9484,84 0,18
9483,66 0,3
9483,61 0,1236
-------------------------------
03.06.2020 02:16:15 gate.io BTC:
----------------------------ASK
9491,22 0,1133
9493,45 0,0183
9494,39 0,0917
9494,71 0,22
9495,04 0,118
9495,82 0,144
9495,83 0,0181
9496,22 0,18
9496,4 0,6
9497,67 0,0905
----------------------------BID
9491,2 0,194
9486,52 0,1
9486,42 0,1702
9486,02 0,0933
9485,59 0,1518
9485,54 0,144
9484,84 0,18
9483,66 0,3
9483,61 0,1236
9483,43 0,0183
-------------------------------
03.06.2020 02:16:16 gate.io BTC:
----------------------------ASK
9491,22 0,1133
9493,45 0,0183
9494,39 0,0917
9494,71 0,22
9495,04 0,118
9495,66 0,6
9495,82 0,144
9495,83 0,0181
9496,22 0,18
9497,67 0,0905
----------------------------BID
9491,2 0,194
9486,42 0,1702
9486,02 0,0933
9485,59 0,1518
9485,54 0,144
9484,84 0,18
9483,66 0,3
9483,61 0,1236
9483,43 0,0183
9482,98 0,0917
-------------------------------
03.06.2020 02:17:15 gate.io BTC:
----------------------------ASK
9495,04 0,118
9496,22 0,1033
9497,33 0,7506
9497,8 0,144
9498,13 0,0183
9498,47 0,0916
9498,62 0,0181
9499,58 0,2199
9500 0,136
9501,23 0,3602
----------------------------BID
9494,18 3,626
9493,98 0,7506
9492,32 0,02015
9492,31 1,0748
9491,2 0,194
9491,18 0,1033
9488,77 0,3
9488,05 0,0183
9487,86 0,0916
9487,51 0,1715
-------------------------------
03.06.2020 02:17:15 gate.io BTC:
----------------------------ASK
9495,04 0,118
9496,22 0,1033
9497,33 0,7506
9497,8 0,144
9498,13 0,0183
9498,47 0,0916
9498,62 0,0181
9499,58 0,2199
9500 0,136
9501,22 0,18
----------------------------BID
9494,18 3,626
9493,98 0,7506
9492,32 0,02015
9492,31 1,0748
9491,2 0,194
9491,18 0,1033
9490,22 0,18
9488,77 0,3
9488,49 0,0183
9487,86 0,0916
-------------------------------
03.06.2020 02:17:15 gate.io BTC:
----------------------------ASK
9495,04 0,118
9496,22 0,1033
9497,33 0,7506
9497,8 0,144
9498,13 0,0183
9498,47 0,0916
9498,62 0,0181
9499,58 0,2199
9500 0,136
9501,22 0,18
----------------------------BID
9494,18 3,626
9493,98 0,7506
9492,32 0,02015
9492,31 1,0748
9491,2 0,194
9491,18 0,1033
9490,22 0,18
9488,77 0,3
9488,49 0,0183
9487,86 0,0916
-------------------------------
03.06.2020 02:17:16 gate.io BTC:
----------------------------ASK
9495,04 0,118
9496,78 0,1033
9498,13 0,0183
9498,47 0,0916
9498,62 0,0181
9499,58 0,2199
9500 0,136
9501,22 0,18
9501,23 0,3602
9501,68 0,3
----------------------------BID
9493,98 0,7506
9492,32 0,02015
9492,31 1,0748
9491,74 0,1033
9491,2 0,194
9490,22 0,18
9488,77 0,3
9488,49 0,0183
9487,52 0,144
9487,47 0,2199
-------------------------------
03.06.2020 02:17:16 gate.io BTC:
----------------------------ASK
9495,04 0,118
9498,13 0,0183
9498,62 0,0181
9498,65 0,1032
9499,57 0,0916
9499,58 0,2199
9500 0,136
9500,61 0,1495
9500,92 0,6
9501,21 0,144
----------------------------BID
9493,98 0,7506
9492,32 0,02015
9492,31 1,0748
9491,2 0,194
9490,22 0,18
9488,77 0,3
9488,49 0,0183
9488,17 0,0916
9487,52 0,144
9487,47 0,2199
-------------------------------
03.06.2020 02:17:17 gate.io BTC:
----------------------------ASK
9495,04 0,118
9495,99 0,0933
9498,13 0,0183
9498,62 0,0181
9498,65 0,1032
9499,57 0,0916
9499,58 0,2199
9500 0,136
9500,61 0,1495
9500,91 0,144
----------------------------BID
9494,24 3,626
9493,98 0,7506
9492,32 0,02015
9492,31 1,0748
9491,2 0,194
9490,95 0,0933
9490,22 0,18
9488,77 0,3
9488,49 0,0183
9488,17 0,0916
-------------------------------
03.06.2020 02:17:17 gate.io BTC:
----------------------------ASK
9495,04 0,118
9496,68 0,1133
9498,13 0,0183
9498,62 0,0181
9498,65 0,1032
9498,98 0,7506
9499,57 0,0916
9499,58 0,2199
9500 0,136
9500,61 0,1495
----------------------------BID
9494,51 3,6259
9493,98 0,7506
9492,32 0,02015
9492,31 1,0748
9491,64 0,1133
9491,2 0,194
9490,22 0,18
9488,77 0,3
9488,49 0,0183
9488,17 0,0916
-------------------------------
03.06.2020 02:17:18 gate.io BTC:
----------------------------ASK
9495,04 0,118
9496,72 0,1133
9498,13 0,0183
9498,62 0,0181
9498,65 0,1032
9498,98 0,7506
9499,57 0,0916
9499,58 0,2199
9500 0,136
9500,61 0,1495
----------------------------BID
9494,51 3,6259
9493,98 0,7506
9492,32 0,02015
9492,31 1,0748
9491,68 0,1133
9491,2 0,194
9490,22 0,18
9488,77 0,3
9488,49 0,0183
9488,17 0,0916
-------------------------------
03.06.2020 02:17:18 gate.io BTC:
----------------------------ASK
9495,04 0,118
9496,86 0,0933
9498,13 0,0183
9498,62 0,0181
9498,65 0,1032
9498,98 0,7506
9499,57 0,0916
9499,58 0,2199
9500 0,136
9500,61 0,1495
----------------------------BID
9494,51 3,6259
9493,98 0,7506
9492,32 0,02015
9492,31 1,0748
9491,82 0,0933
9491,2 0,194
9490,22 0,18
9488,77 0,3
9488,49 0,0183
9488,17 0,0916
-------------------------------
03.06.2020 02:17:19 gate.io BTC:
----------------------------ASK
9495,04 0,118
9496,86 0,0933
9498,13 0,0183
9498,62 0,0181
9498,65 0,1032
9498,98 0,7506
9499,57 0,0916
9499,58 0,2199
9500 0,136
9500,61 0,1495
----------------------------BID
9494,51 3,6259
9493,98 0,7506
9492,32 0,02015
9492,31 1,0748
9491,82 0,0933
9491,2 0,194
9490,22 0,18
9488,77 0,3
9488,49 0,0183
9488,17 0,0916
-------------------------------
03.06.2020 02:17:19 gate.io BTC:
----------------------------ASK
9498,13 0,1363
9498,62 0,0181
9498,65 0,1032
9498,98 0,7506
9499,57 0,0916
9499,58 0,2199
9500 0,136
9500,61 0,1495
9500,91 0,144
9501,22 0,18
----------------------------BID
9494,51 3,6259
9493,98 0,7506
9492,32 0,02015
9492,31 1,0748
9491,2 0,194
9490,22 0,18
9488,77 0,3
9488,49 0,0183
9488,17 0,0916
9487,52 0,144
-------------------------------
03.06.2020 02:17:20 gate.io BTC:
----------------------------ASK
9496,64 0,1133
9497,1 0,15
9497,29 0,0475
9498,13 0,1363
9498,62 0,0181
9498,98 0,7506
9499,57 0,0916
9499,58 0,2199
9500 0,136
9500,91 0,144
----------------------------BID
9494,51 3,6259
9493,98 0,7506
9492,32 0,02015
9492,31 1,0748
9491,2 0,194
9490,22 0,18
9488,77 0,3
9488,49 0,0183
9488,17 0,0916
9487,52 0,144
-------------------------------
03.06.2020 02:17:20 gate.io BTC:
----------------------------ASK
9497,1 0,15
9497,29 0,0475
9497,52 0,1033
9498,13 0,1363
9498,62 0,0181
9498,98 0,7506
9499,57 0,0916
9499,58 0,2199
9500 0,136
9500,91 0,144
----------------------------BID
9493,98 0,7506
9492,48 0,1033
9492,32 0,02015
9492,31 1,0748
9491,2 0,194
9490,22 0,18
9488,77 0,3
9488,49 0,0183
9488,17 0,0916
9488,08 0,167
-------------------------------
03.06.2020 02:17:21 gate.io BTC:
----------------------------ASK
9497,1 0,15
9497,29 0,0475
9498,13 0,1363
9498,62 0,0181
9498,98 0,7506
9499,57 0,0916
9499,58 0,2199
9500 0,136
9500,91 0,144
9501,22 0,18
----------------------------BID
9494,6 3,6259
9493,98 0,7506
9492,32 0,02015
9492,31 1,0748
9491,2 0,194
9490,22 0,18
9488,77 0,3
9488,49 0,0183
9488,17 0,0916
9488,08 0,167
-------------------------------
03.06.2020 02:17:21 gate.io BTC:
----------------------------ASK
9496,87 0,1133
9497,1 0,15
9498,13 0,1363
9498,62 0,0181
9498,98 0,7506
9499,57 0,0916
9499,58 0,2199
9500 0,136
9500,91 0,144
9501,22 0,18
----------------------------BID
9494,72 3,6258
9493,98 0,7506
9492,32 0,02015
9492,31 1,0748
9492,03 0,1133
9491,2 0,194
9490,22 0,18
9488,77 0,3
9488,69 0,0183
9488,29 0,0916
-------------------------------
03.06.2020 02:17:22 gate.io BTC:
----------------------------ASK
9496,94 0,0475
9497,1 0,15
9498,13 0,1363
9498,62 0,0181
9498,98 0,7506
9499,57 0,0916
9499,58 0,2199
9500 0,136
9500,91 0,144
9501,22 0,18
----------------------------BID
9493,98 0,7506
9492,32 0,02015
9492,31 1,0748
9491,2 0,194
9490,22 0,18
9488,77 0,3
9488,69 0,0183
9488,29 0,0916
9488,08 0,167
9487,52 0,144
-------------------------------
03.06.2020 02:17:22 gate.io BTC:
----------------------------ASK
9495,55 0,15
9495,56 0,15
9495,94 0,0475
9498,13 0,1363
9498,62 0,0181
9498,98 0,7506
9499,57 0,0916
9499,58 0,2199
9500 0,136
9500,44 0,6
----------------------------BID
9493,98 0,7506
9492,32 0,02015
9492,31 1,0748
9491,2 0,194
9490,22 0,18
9488,77 0,3
9488,69 0,0183
9488,29 0,0916
9487,52 0,144
9487,14 0,0181
-------------------------------
03.06.2020 02:17:23 gate.io BTC:
----------------------------ASK
9495,28 0,1133
9495,29 0,15
9495,56 0,15
9498,13 0,1363
9498,16 0,0916
9498,97 0,6
9498,98 0,7506
9499,58 0,2199
9500 0,136
9500,43 0,144
----------------------------BID
9493,98 0,7386
9493,06 0,167
9492,32 0,02015
9492,31 1,0748
9491,2 0,194
9490,6 0,1078
9490,24 0,1133
9488,77 0,3
9488,69 0,0183
9488,29 0,0916
-------------------------------
03.06.2020 02:17:23 gate.io BTC:
----------------------------ASK
9495,28 0,1133
9495,29 0,15
9496,88 0,7606
9498,13 0,1363
9498,16 0,0916
9498,61 0,0181
9498,97 0,6
9499,57 0,18
9499,58 0,2199
9500 0,136
----------------------------BID
9493,98 0,7352
9492,32 0,02015
9492,31 1,0748
9491,2 0,194
9490,34 0,167
9490,24 0,1133
9488,97 0,18
9488,77 0,3
9488,69 0,0183
9488,29 0,0916
-------------------------------
03.06.2020 02:17:24 gate.io BTC:
----------------------------ASK
9494,53 0,15
9494,91 0,0475
9495,24 0,0933
9496,88 0,7606
9498,13 0,118
9498,16 0,0916
9498,22 0,6
9498,61 0,0181
9499,56 0,144
9499,57 0,18
----------------------------BID
9492,32 0,02015
9492,31 1,0748
9491,2 0,194
9490,34 0,167
9490,2 0,0933
9488,97 0,18
9488,77 0,3
9488,69 0,0183
9488,12 0,1078
9487,52 0,144
-------------------------------
03.06.2020 02:17:24 gate.io BTC:
----------------------------ASK
9494,19 0,0933
9494,53 0,15
9494,91 0,0475
9496,13 0,0183
9496,88 0,7606
9497,06 0,0916
9498,03 0,6
9498,13 0,118
9498,61 0,0181
9499,56 0,144
----------------------------BID
9492,32 0,02015
9492,31 1,0748
9492,21 3,6268
9491,2 0,194
9490,34 0,167
9489,15 0,0933
9488,97 0,18
9488,77 0,3
9488,69 0,0183
9488,12 0,1078
-------------------------------
03.06.2020 02:17:25 gate.io BTC:
----------------------------ASK
9494,13 0,15
9494,19 0,0933
9494,91 0,0475
9496,13 0,0183
9496,88 0,7606
9497,06 0,0916
9498,09 0,2199
9498,13 0,118
9498,34 0,6
9498,61 0,0181
----------------------------BID
9492,32 0,02015
9492,31 1,0748
9492,21 3,6268
9491,2 0,194
9490,34 0,167
9489,42 0,0933
9488,97 0,18
9488,77 0,3
9488,69 0,0183
9487,52 0,144
-------------------------------
03.06.2020 02:17:25 gate.io BTC:
----------------------------ASK
9493,86 0,15
9496,13 0,0183
9496,88 0,7606
9497,06 0,0916
9498,09 0,2199
9498,13 0,118
9498,54 0,6
9498,61 0,0181
9499,55 0,144
9499,56 0,144
----------------------------BID
9492,32 0,02015
9492,31 1,8254
9491,2 0,194
9490,34 0,167
9489,42 0,0933
9488,97 0,18
9488,77 0,3
9488,69 0,0183
9487,52 0,144
9486,72 0,0916
-------------------------------
03.06.2020 02:17:26 gate.io BTC:
----------------------------ASK
9493,86 0,15
9496,13 0,0183
9496,88 0,7606
9497,06 0,0916
9498,09 0,2199
9498,13 0,118
9498,54 0,6
9498,61 0,0181
9499,55 0,144
9500 0,136
----------------------------BID
9492,32 0,02015
9492,31 1,8254
9491,88 3,6269
9491,2 0,194
9490,34 0,167
9489,42 0,0933
9488,77 0,3
9487,52 0,144
9487,02 0,0183
9486,72 0,0916
-------------------------------
03.06.2020 02:17:26 gate.io BTC:
----------------------------ASK
9493,86 0,15
9494,42 0,1133
9496,13 0,0183
9496,88 0,7606
9497,06 0,0916
9498,09 0,2199
9498,13 0,118
9498,53 0,18
9498,54 0,6
9498,61 0,0181
----------------------------BID
9492,32 0,02015
9492,31 1,8254
9491,88 3,6269
9491,2 0,194
9490,34 0,167
9489,42 0,0933
9488,77 0,3
9487,91 0,18
9487,52 0,144
9487,02 0,0183
-------------------------------
03.06.2020 02:17:27 gate.io BTC:
----------------------------ASK
9493,86 0,15
9494,42 0,1133
9496,13 0,0183
9496,88 0,7606
9497,06 0,0916
9498,09 0,2199
9498,13 0,118
9498,53 0,18
9498,54 0,6
9498,61 0,0181
----------------------------BID
9492,32 0,02015
9492,31 1,8254
9491,88 3,6269
9491,2 0,194
9490,34 0,167
9489,42 0,0933
9488,77 0,3
9487,91 0,18
9487,52 0,144
9487,02 0,0183
-------------------------------