03.06.2020 02:15:42 EOS:
gate.io – ask 2,6601; bid 0;
okex – ask 0; bid 0;
huobi – ask 0; bid 0;
---------------------------
03.06.2020 02:15:42 EOS:
gate.io – ask 2,6601; bid 2,6598;
okex – ask 0; bid 0;
huobi – ask 0; bid 0;
---------------------------
03.06.2020 02:15:42 EOS:
gate.io – ask 2,6601; bid 2,6598;
okex – ask 2,66; bid 0;
huobi – ask 0; bid 0;
---------------------------
03.06.2020 02:15:42 EOS:
gate.io – ask 2,6601; bid 2,6598;
okex – ask 2,66; bid 2,658;
huobi – ask 0; bid 0;
---------------------------
03.06.2020 02:15:42 BTC:
gate.io – ask 9492,52; bid 0;
okex – ask 0; bid 0;
huobi – ask 0; bid 0;
---------------------------
03.06.2020 02:15:42 BTC:
gate.io – ask 9492,52; bid 9490,81;
okex – ask 0; bid 0;
huobi – ask 0; bid 0;
---------------------------
03.06.2020 02:15:42 ONT:
gate.io – ask 0; bid 0;
okex – ask 0,5895; bid 0;
huobi – ask 0; bid 0;
---------------------------
03.06.2020 02:15:42 ONT:
gate.io – ask 0; bid 0;
okex – ask 0,5895; bid 0,5883;
huobi – ask 0; bid 0;
---------------------------
03.06.2020 02:15:42 ONT:
gate.io – ask 0,59; bid 0;
okex – ask 0,5895; bid 0,5883;
huobi – ask 0; bid 0;
---------------------------
03.06.2020 02:15:42 ONT:
gate.io – ask 0,59; bid 0,587;
okex – ask 0,5895; bid 0,5883;
huobi – ask 0; bid 0;
---------------------------
03.06.2020 02:15:42 LTC:
gate.io – ask 0; bid 0;
okex – ask 45,73; bid 0;
huobi – ask 0; bid 0;
---------------------------
03.06.2020 02:15:42 LTC:
gate.io – ask 0; bid 0;
okex – ask 45,73; bid 45,71;
huobi – ask 0; bid 0;
---------------------------
03.06.2020 02:15:42 BTC:
gate.io – ask 9492,52; bid 9490,81;
okex – ask 9491,5; bid 0;
huobi – ask 0; bid 0;
---------------------------
03.06.2020 02:15:42 BTC:
gate.io – ask 9492,52; bid 9490,81;
okex – ask 9491,5; bid 9490,9;
huobi – ask 0; bid 0;
---------------------------
03.06.2020 02:15:43 BTC:
gate.io – ask 9492,52; bid 9490,81;
okex – ask 9491,5; bid 9490,7;
huobi – ask 0; bid 0;
---------------------------
03.06.2020 02:15:43 ONT:
gate.io – ask 0,59; bid 0,587;
okex – ask 0,5895; bid 0,5883;
huobi – ask 0,5898; bid 0,5892;
---------------------------
03.06.2020 02:15:43 BTC:
gate.io – ask 9492,52; bid 9490,81;
okex – ask 9491,5; bid 9490,7;
huobi – ask 9491,03; bid 9491,02;
---------------------------
03.06.2020 02:15:43 EOS:
gate.io – ask 2,6601; bid 2,6598;
okex – ask 2,66; bid 2,658;
huobi – ask 2,6594; bid 2,6591;
---------------------------
03.06.2020 02:15:43 LTC:
gate.io – ask 0; bid 0;
okex – ask 45,73; bid 45,71;
huobi – ask 45,72; bid 45,71;
---------------------------
03.06.2020 02:15:43 LTC:
gate.io – ask 45,74; bid 0;
okex – ask 45,73; bid 45,71;
huobi – ask 45,72; bid 45,71;
---------------------------
03.06.2020 02:15:43 LTC:
gate.io – ask 45,74; bid 45,7;
okex – ask 45,73; bid 45,71;
huobi – ask 45,72; bid 45,71;
---------------------------
03.06.2020 02:15:43 BTC:
gate.io – ask 9492,52; bid 9490,62;
okex – ask 9491,5; bid 9490,7;
huobi – ask 9491,03; bid 9491,02;
---------------------------
03.06.2020 02:15:43 BTC:
gate.io – ask 9492,52; bid 9490,62;
okex – ask 9491,7; bid 9490,7;
huobi – ask 9491,03; bid 9491,02;
---------------------------
03.06.2020 02:15:43 BTC:
gate.io – ask 9492,52; bid 9490,62;
okex – ask 9491,7; bid 9491,2;
huobi – ask 9491,03; bid 9491,02;
---------------------------
03.06.2020 02:15:43 BTC:
gate.io – ask 9492,52; bid 9490,62;
okex – ask 9491,3; bid 9491,2;
huobi – ask 9491,03; bid 9491,02;
---------------------------
03.06.2020 02:15:43 BTC:
gate.io – ask 9492,52; bid 9490,62;
okex – ask 9491,3; bid 9490,7;
huobi – ask 9491,03; bid 9491,02;
---------------------------
03.06.2020 02:15:43 LTC:
gate.io – ask 45,74; bid 45,7;
okex – ask 45,72; bid 45,71;
huobi – ask 45,72; bid 45,71;
---------------------------
03.06.2020 02:15:43 BTC:
gate.io – ask 9492,52; bid 9490,62;
okex – ask 9491,3; bid 9491,2;
huobi – ask 9491,03; bid 9491,02;
---------------------------
03.06.2020 02:15:43 BTC:
gate.io – ask 9492,52; bid 9490,62;
okex – ask 9491,3; bid 9490,7;
huobi – ask 9491,03; bid 9491,02;
---------------------------
03.06.2020 02:15:44 BTC:
gate.io – ask 9492,52; bid 9490,62;
okex – ask 9491,3; bid 9491,2;
huobi – ask 9491,03; bid 9491,02;
---------------------------
03.06.2020 02:15:44 LTC:
gate.io – ask 45,74; bid 45,7;
okex – ask 45,73; bid 45,71;
huobi – ask 45,72; bid 45,71;
---------------------------
03.06.2020 02:15:44 BTC:
gate.io – ask 9492,52; bid 9490,42;
okex – ask 9491,3; bid 9491,2;
huobi – ask 9491,03; bid 9491,02;
---------------------------
03.06.2020 02:15:44 BTC:
gate.io – ask 9492,52; bid 9490,42;
okex – ask 9491,3; bid 9490,7;
huobi – ask 9491,03; bid 9491,02;
---------------------------
03.06.2020 02:15:44 ONT:
gate.io – ask 0,59; bid 0,587;
okex – ask 0,5895; bid 0,5884;
huobi – ask 0,5898; bid 0,5892;
---------------------------
03.06.2020 02:15:44 BTC:
gate.io – ask 9492,52; bid 9490,42;
okex – ask 9491,3; bid 9491,2;
huobi – ask 9491,03; bid 9491,02;
---------------------------
03.06.2020 02:15:44 BTC:
gate.io – ask 9492,52; bid 9490,56;
okex – ask 9491,3; bid 9491,2;
huobi – ask 9491,03; bid 9491,02;
---------------------------
03.06.2020 02:15:44 BTC:
gate.io – ask 9492,52; bid 9490,56;
okex – ask 9491,3; bid 9490,7;
huobi – ask 9491,03; bid 9491,02;
---------------------------
03.06.2020 02:15:44 ONT:
gate.io – ask 0,59; bid 0,587;
okex – ask 0,5895; bid 0,5884;
huobi – ask 0,5899; bid 0,5892;
---------------------------
03.06.2020 02:15:45 BTC:
gate.io – ask 9492,52; bid 9490,56;
okex – ask 9491,3; bid 9491,2;
huobi – ask 9491,03; bid 9491,02;
---------------------------
03.06.2020 02:15:45 BTC:
gate.io – ask 9492,52; bid 9490,52;
okex – ask 9491,3; bid 9491,2;
huobi – ask 9491,03; bid 9491,02;
---------------------------
03.06.2020 02:15:45 BTC:
gate.io – ask 9492,52; bid 9490,52;
okex – ask 9491,3; bid 9490,7;
huobi – ask 9491,03; bid 9491,02;
---------------------------
03.06.2020 02:15:45 BTC:
gate.io – ask 9492,52; bid 9490,52;
okex – ask 9491,3; bid 9491,2;
huobi – ask 9491,03; bid 9491,02;
---------------------------
03.06.2020 02:15:45 BTC:
gate.io – ask 9492,52; bid 9490,52;
okex – ask 9491,3; bid 9490,7;
huobi – ask 9491,03; bid 9491,02;
---------------------------
03.06.2020 02:15:45 BTC:
gate.io – ask 9492,52; bid 9490,52;
okex – ask 9491,3; bid 9491,2;
huobi – ask 9491,03; bid 9491,02;
---------------------------
03.06.2020 02:15:45 ONT:
gate.io – ask 0,59; bid 0,587;
okex – ask 0,5895; bid 0,5884;
huobi – ask 0,5898; bid 0,5891;
---------------------------
03.06.2020 02:15:46 BTC:
gate.io – ask 9492,52; bid 9490,52;
okex – ask 9491,3; bid 9491,2;
huobi – ask 9491,03; bid 9491,01;
---------------------------
03.06.2020 02:15:46 BTC:
gate.io – ask 9492,52; bid 9490,42;
okex – ask 9491,3; bid 9491,2;
huobi – ask 9491,03; bid 9491,01;
---------------------------
03.06.2020 02:15:46 BTC:
gate.io – ask 9492,52; bid 9490,42;
okex – ask 9491,3; bid 9490,7;
huobi – ask 9491,03; bid 9491,01;
---------------------------
03.06.2020 02:15:46 BTC:
gate.io – ask 9492,52; bid 9490,42;
okex – ask 9491,3; bid 9491,2;
huobi – ask 9491,03; bid 9491,01;
---------------------------
03.06.2020 02:15:46 ONT:
gate.io – ask 0,59; bid 0,587;
okex – ask 0,5899; bid 0,5884;
huobi – ask 0,5898; bid 0,5891;
---------------------------
03.06.2020 02:15:46 BTC:
gate.io – ask 9492,52; bid 9491,2;
okex – ask 9491,3; bid 9491,2;
huobi – ask 9491,03; bid 9491,01;
---------------------------
03.06.2020 02:15:46 ONT:
gate.io – ask 0,59; bid 0,587;
okex – ask 0,5898; bid 0,5884;
huobi – ask 0,5898; bid 0,5891;
---------------------------
03.06.2020 02:15:46 BTC:
gate.io – ask 9492,52; bid 9491,2;
okex – ask 9491,3; bid 9490,8;
huobi – ask 9491,03; bid 9491,01;
---------------------------
03.06.2020 02:15:46 ONT:
gate.io – ask 0,59; bid 0,587;
okex – ask 0,5898; bid 0,5884;
huobi – ask 0,5899; bid 0,5892;
---------------------------
03.06.2020 02:15:46 BTC:
gate.io – ask 9492,52; bid 9491,2;
okex – ask 9491,3; bid 9491,2;
huobi – ask 9491,03; bid 9491,01;
---------------------------
03.06.2020 02:15:47 BTC:
gate.io – ask 9492,52; bid 9491,2;
okex – ask 9491,3; bid 9490,8;
huobi – ask 9491,03; bid 9491,01;
---------------------------
03.06.2020 02:15:47 BTC:
gate.io – ask 9492,52; bid 9491,2;
okex – ask 9491,3; bid 9490,8;
huobi – ask 9491,03; bid 9491,02;
---------------------------
03.06.2020 02:15:47 BTC:
gate.io – ask 9492,52; bid 9491,2;
okex – ask 9491,3; bid 9491,2;
huobi – ask 9491,03; bid 9491,02;
---------------------------
03.06.2020 02:15:47 BTC:
gate.io – ask 9492,52; bid 9491,2;
okex – ask 9491,3; bid 9490,9;
huobi – ask 9491,03; bid 9491,02;
---------------------------
03.06.2020 02:15:47 BTC:
gate.io – ask 9492,52; bid 9491,2;
okex – ask 9491,3; bid 9491,2;
huobi – ask 9491,03; bid 9491,02;
---------------------------
03.06.2020 02:15:47 ONT:
gate.io – ask 0,59; bid 0,587;
okex – ask 0,5897; bid 0,5884;
huobi – ask 0,5899; bid 0,5892;
---------------------------
03.06.2020 02:15:47 ONT:
gate.io – ask 0,59; bid 0,587;
okex – ask 0,5897; bid 0,5883;
huobi – ask 0,5899; bid 0,5892;
---------------------------
03.06.2020 02:15:48 BTC:
gate.io – ask 9492,52; bid 9491,2;
okex – ask 9491,3; bid 9491,2;
huobi – ask 9491,03; bid 9491,01;
---------------------------
03.06.2020 02:15:48 BTC:
gate.io – ask 9492,52; bid 9491,2;
okex – ask 9491,1; bid 9491,2;
huobi – ask 9491,03; bid 9491,01;
---------------------------
03.06.2020 02:15:48 BTC:
gate.io – ask 9492,52; bid 9491,2;
okex – ask 9491,1; bid 9490,8;
huobi – ask 9491,03; bid 9491,01;
---------------------------
03.06.2020 02:15:49 BTC:
gate.io – ask 9492,52; bid 9491,2;
okex – ask 9491,9; bid 9490,8;
huobi – ask 9491,03; bid 9491,01;
---------------------------
03.06.2020 02:15:49 BTC:
gate.io – ask 9492,52; bid 9491,2;
okex – ask 9491,9; bid 9491,2;
huobi – ask 9491,03; bid 9491,01;
---------------------------
03.06.2020 02:15:49 BTC:
gate.io – ask 9492,52; bid 9491,2;
okex – ask 9491,9; bid 9491,2;
huobi – ask 9491,03; bid 9491,02;
---------------------------
03.06.2020 02:15:49 BTC:
gate.io – ask 9492,52; bid 9491,2;
okex – ask 9491,3; bid 9491,2;
huobi – ask 9491,03; bid 9491,02;
---------------------------
03.06.2020 02:15:49 ONT:
gate.io – ask 0,59; bid 0,587;
okex – ask 0,5896; bid 0,5883;
huobi – ask 0,5899; bid 0,5892;
---------------------------
03.06.2020 02:15:49 LTC:
gate.io – ask 45,74; bid 45,7;
okex – ask 45,72; bid 45,71;
huobi – ask 45,72; bid 45,71;
---------------------------
03.06.2020 02:15:49 LTC:
gate.io – ask 45,74; bid 45,7;
okex – ask 45,73; bid 45,71;
huobi – ask 45,72; bid 45,71;
---------------------------
03.06.2020 02:15:49 BTC:
gate.io – ask 9492,52; bid 9491,2;
okex – ask 9491,2; bid 9491,2;
huobi – ask 9491,03; bid 9491,02;
---------------------------
03.06.2020 02:15:49 BTC:
gate.io – ask 9492,52; bid 9491,2;
okex – ask 9491,2; bid 9490,7;
huobi – ask 9491,03; bid 9491,02;
---------------------------
03.06.2020 02:15:49 BTC:
gate.io – ask 9492,52; bid 9491,2;
okex – ask 9491; bid 9490,7;
huobi – ask 9491,03; bid 9491,02;
---------------------------
03.06.2020 02:15:49 BTC:
gate.io – ask 9492,52; bid 9491,2;
okex – ask 9491; bid 9490,9;
huobi – ask 9491,03; bid 9491,02;
---------------------------
03.06.2020 02:15:50 BTC:
gate.io – ask 9492,52; bid 9491,2;
okex – ask 9491; bid 9490,9;
huobi – ask 9491,03; bid 9491,01;
---------------------------
03.06.2020 02:15:50 BTC:
gate.io – ask 9492,51; bid 9491,2;
okex – ask 9491; bid 9490,9;
huobi – ask 9491,03; bid 9491,01;
---------------------------
03.06.2020 02:15:50 EOS:
gate.io – ask 2,6601; bid 2,6598;
okex – ask 2,66; bid 2,659;
huobi – ask 2,6594; bid 2,6591;
---------------------------
03.06.2020 02:15:50 ONT:
gate.io – ask 0,59; bid 0,587;
okex – ask 0,5896; bid 0,5882;
huobi – ask 0,5899; bid 0,5892;
---------------------------
03.06.2020 02:15:51 BTC:
gate.io – ask 9492,51; bid 9491,2;
okex – ask 9491; bid 9490,9;
huobi – ask 9490,56; bid 9490,55;
---------------------------
03.06.2020 02:15:51 BTC:
gate.io – ask 9492,51; bid 9491,2;
okex – ask 9492,2; bid 9490,9;
huobi – ask 9490,56; bid 9490,55;
---------------------------
03.06.2020 02:15:51 BTC:
gate.io – ask 9492,51; bid 9491,2;
okex – ask 9492,2; bid 9492,1;
huobi – ask 9490,56; bid 9490,55;
---------------------------
03.06.2020 02:15:51 LTC:
gate.io – ask 45,74; bid 45,7;
okex – ask 45,72; bid 45,71;
huobi – ask 45,72; bid 45,71;
---------------------------
03.06.2020 02:15:51 ONT:
gate.io – ask 0,59; bid 0,587;
okex – ask 0,5896; bid 0,5883;
huobi – ask 0,5899; bid 0,5892;
---------------------------
03.06.2020 02:15:51 BTC:
gate.io – ask 9492,51; bid 9491,2;
okex – ask 9492,4; bid 9492,1;
huobi – ask 9490,56; bid 9490,55;
---------------------------
03.06.2020 02:15:51 BTC:
gate.io – ask 9492,51; bid 9491,2;
okex – ask 9492,4; bid 9492,3;
huobi – ask 9490,56; bid 9490,55;
---------------------------
03.06.2020 02:15:51 BTC:
gate.io – ask 9492,51; bid 9491,2;
okex – ask 9492,4; bid 9492,1;
huobi – ask 9490,56; bid 9490,55;
---------------------------
03.06.2020 02:15:51 LTC:
gate.io – ask 45,74; bid 45,7;
okex – ask 45,73; bid 45,71;
huobi – ask 45,72; bid 45,71;
---------------------------
03.06.2020 02:15:51 BTC:
gate.io – ask 9492,51; bid 9491,2;
okex – ask 9491,9; bid 9492,1;
huobi – ask 9490,56; bid 9490,55;
---------------------------
03.06.2020 02:15:51 BTC:
gate.io – ask 9492,51; bid 9491,2;
okex – ask 9491,9; bid 9491,2;
huobi – ask 9490,56; bid 9490,55;
---------------------------
03.06.2020 02:15:51 BTC:
gate.io – ask 9493,5; bid 9491,2;
okex – ask 9491,9; bid 9491,2;
huobi – ask 9490,56; bid 9490,55;
---------------------------
03.06.2020 02:15:51 BTC:
gate.io – ask 9493,5; bid 9491,46;
okex – ask 9491,9; bid 9491,2;
huobi – ask 9490,56; bid 9490,55;
---------------------------
03.06.2020 02:15:51 BTC:
gate.io – ask 9493,5; bid 9491,46;
okex – ask 9491,9; bid 9491,8;
huobi – ask 9490,56; bid 9490,55;
---------------------------
03.06.2020 02:15:51 LTC:
gate.io – ask 45,74; bid 45,7;
okex – ask 45,73; bid 45,71;
huobi – ask 45,73; bid 45,72;
---------------------------
03.06.2020 02:15:51 ONT:
gate.io – ask 0,59; bid 0,587;
okex – ask 0,5896; bid 0,5882;
huobi – ask 0,5899; bid 0,5892;
---------------------------
03.06.2020 02:15:52 BTC:
gate.io – ask 9493,5; bid 9491,46;
okex – ask 9491,9; bid 9491,8;
huobi – ask 9491,45; bid 9491,44;
---------------------------
03.06.2020 02:15:52 BTC:
gate.io – ask 9494,6; bid 9491,46;
okex – ask 9491,9; bid 9491,8;
huobi – ask 9491,45; bid 9491,44;
---------------------------
03.06.2020 02:15:52 BTC:
gate.io – ask 9494,6; bid 9491,2;
okex – ask 9491,9; bid 9491,8;
huobi – ask 9491,45; bid 9491,44;
---------------------------
03.06.2020 02:15:52 ONT:
gate.io – ask 0,59; bid 0,587;
okex – ask 0,5896; bid 0,5883;
huobi – ask 0,5899; bid 0,5892;
---------------------------
03.06.2020 02:15:52 EOS:
gate.io – ask 2,6601; bid 2,6598;
okex – ask 2,66; bid 2,659;
huobi – ask 2,6602; bid 2,6599;
---------------------------
03.06.2020 02:15:52 LTC:
gate.io – ask 45,74; bid 45,7;
okex – ask 45,74; bid 45,71;
huobi – ask 45,73; bid 45,72;
---------------------------
03.06.2020 02:15:53 BTC:
gate.io – ask 9495,04; bid 9491,2;
okex – ask 9491,9; bid 9491,8;
huobi – ask 9491,45; bid 9491,44;
---------------------------
03.06.2020 02:15:53 BTC:
gate.io – ask 9495,04; bid 9491,98;
okex – ask 9491,9; bid 9491,8;
huobi – ask 9491,45; bid 9491,44;
---------------------------
03.06.2020 02:15:53 EOS:
gate.io – ask 2,6601; bid 2,6598;
okex – ask 2,66; bid 2,659;
huobi – ask 2,6603; bid 2,6597;
---------------------------
03.06.2020 02:15:53 BTC:
gate.io – ask 9495,04; bid 9491,98;
okex – ask 9491; bid 9491,8;
huobi – ask 9491,45; bid 9491,44;
---------------------------
03.06.2020 02:15:53 BTC:
gate.io – ask 9495,04; bid 9491,98;
okex – ask 9491; bid 9490,2;
huobi – ask 9491,45; bid 9491,44;
---------------------------
03.06.2020 02:15:53 BTC:
gate.io – ask 9495,04; bid 9491,98;
okex – ask 9491; bid 9490,9;
huobi – ask 9491,45; bid 9491,44;
---------------------------
03.06.2020 02:15:53 BTC:
gate.io – ask 9494,19; bid 9491,98;
okex – ask 9491; bid 9490,9;
huobi – ask 9491,45; bid 9491,44;
---------------------------
03.06.2020 02:15:54 LTC:
gate.io – ask 45,74; bid 45,71;
okex – ask 45,74; bid 45,71;
huobi – ask 45,73; bid 45,72;
---------------------------
03.06.2020 02:15:54 LTC:
gate.io – ask 45,74; bid 45,7;
okex – ask 45,74; bid 45,71;
huobi – ask 45,73; bid 45,72;
---------------------------
03.06.2020 02:15:54 BTC:
gate.io – ask 9494,51; bid 9491,98;
okex – ask 9491; bid 9490,9;
huobi – ask 9491,45; bid 9491,44;
---------------------------
03.06.2020 02:15:55 BTC:
gate.io – ask 9494,51; bid 9491,98;
okex – ask 9491; bid 9490,7;
huobi – ask 9491,45; bid 9491,44;
---------------------------
03.06.2020 02:15:55 BTC:
gate.io – ask 9494,51; bid 9491,98;
okex – ask 9491; bid 9490,2;
huobi – ask 9491,45; bid 9491,44;
---------------------------
03.06.2020 02:15:55 BTC:
gate.io – ask 9494,51; bid 9491,98;
okex – ask 9491; bid 9490,4;
huobi – ask 9491,45; bid 9491,44;
---------------------------
03.06.2020 02:15:55 EOS:
gate.io – ask 2,6601; bid 2,6598;
okex – ask 2,66; bid 2,659;
huobi – ask 2,6611; bid 2,6603;
---------------------------
03.06.2020 02:15:55 LTC:
gate.io – ask 45,74; bid 45,71;
okex – ask 45,74; bid 45,71;
huobi – ask 45,73; bid 45,72;
---------------------------
03.06.2020 02:15:55 BTC:
gate.io – ask 9493,78; bid 9491,98;
okex – ask 9491; bid 9490,4;
huobi – ask 9491,45; bid 9491,44;
---------------------------
03.06.2020 02:15:55 BTC:
gate.io – ask 9493,78; bid 9491,98;
okex – ask 9491; bid 9490,2;
huobi – ask 9491,45; bid 9491,44;
---------------------------
03.06.2020 02:15:56 BTC:
gate.io – ask 9493,78; bid 9491,98;
okex – ask 9491; bid 9490,4;
huobi – ask 9491,45; bid 9491,44;
---------------------------
03.06.2020 02:15:56 EOS:
gate.io – ask 2,6601; bid 2,6598;
okex – ask 2,66; bid 2,659;
huobi – ask 2,6609; bid 2,6601;
---------------------------
03.06.2020 02:15:56 LTC:
gate.io – ask 45,74; bid 45,71;
okex – ask 45,74; bid 45,71;
huobi – ask 45,74; bid 45,72;
---------------------------
03.06.2020 02:15:56 ONT:
gate.io – ask 0,59; bid 0,587;
okex – ask 0,5896; bid 0,5884;
huobi – ask 0,5899; bid 0,5892;
---------------------------
03.06.2020 02:15:57 LTC:
gate.io – ask 45,75; bid 45,71;
okex – ask 45,74; bid 45,71;
huobi – ask 45,74; bid 45,72;
---------------------------
03.06.2020 02:15:57 LTC:
gate.io – ask 45,75; bid 45,7;
okex – ask 45,74; bid 45,71;
huobi – ask 45,74; bid 45,72;
---------------------------
03.06.2020 02:15:57 ONT:
gate.io – ask 0,59; bid 0,587;
okex – ask 0,5897; bid 0,5884;
huobi – ask 0,5899; bid 0,5892;
---------------------------
03.06.2020 02:15:57 BTC:
gate.io – ask 9494,51; bid 9491,98;
okex – ask 9491; bid 9490,4;
huobi – ask 9491,45; bid 9491,44;
---------------------------
03.06.2020 02:15:57 BTC:
gate.io – ask 9494,51; bid 9491,2;
okex – ask 9491; bid 9490,4;
huobi – ask 9491,45; bid 9491,44;
---------------------------
03.06.2020 02:15:57 ONT:
gate.io – ask 0,59; bid 0,587;
okex – ask 0,5897; bid 0,5883;
huobi – ask 0,5899; bid 0,5892;
---------------------------
03.06.2020 02:15:58 ONT:
gate.io – ask 0,59; bid 0,587;
okex – ask 0,5896; bid 0,5883;
huobi – ask 0,5899; bid 0,5892;
---------------------------
03.06.2020 02:15:58 ONT:
gate.io – ask 0,59; bid 0,587;
okex – ask 0,5896; bid 0,5882;
huobi – ask 0,5899; bid 0,5892;
---------------------------
03.06.2020 02:15:58 BTC:
gate.io – ask 9493,05; bid 9491,2;
okex – ask 9491; bid 9490,4;
huobi – ask 9491,45; bid 9491,44;
---------------------------
03.06.2020 02:15:58 EOS:
gate.io – ask 2,6601; bid 2,6598;
okex – ask 2,66; bid 2,659;
huobi – ask 2,6607; bid 2,66;
---------------------------
03.06.2020 02:15:58 ONT:
gate.io – ask 0,59; bid 0,587;
okex – ask 0,5896; bid 0,5885;
huobi – ask 0,5899; bid 0,5892;
---------------------------
03.06.2020 02:15:58 ONT:
gate.io – ask 0,59; bid 0,587;
okex – ask 0,5896; bid 0,5882;
huobi – ask 0,5899; bid 0,5892;
---------------------------
03.06.2020 02:15:58 LTC:
gate.io – ask 45,74; bid 45,7;
okex – ask 45,74; bid 45,71;
huobi – ask 45,74; bid 45,72;
---------------------------
03.06.2020 02:15:58 LTC:
gate.io – ask 45,74; bid 45,71;
okex – ask 45,74; bid 45,71;
huobi – ask 45,74; bid 45,72;
---------------------------
03.06.2020 02:15:58 BTC:
gate.io – ask 9494,29; bid 9491,2;
okex – ask 9491; bid 9490,4;
huobi – ask 9491,45; bid 9491,44;
---------------------------
03.06.2020 02:15:58 ONT:
gate.io – ask 0,59; bid 0,587;
okex – ask 0,5896; bid 0,5883;
huobi – ask 0,5899; bid 0,5892;
---------------------------
03.06.2020 02:15:58 ONT:
gate.io – ask 0,59; bid 0,587;
okex – ask 0,5896; bid 0,5884;
huobi – ask 0,5899; bid 0,5892;
---------------------------
03.06.2020 02:15:59 BTC:
gate.io – ask 9494,29; bid 9491,2;
okex – ask 9491; bid 9490,4;
huobi – ask 9490,95; bid 9490,42;
---------------------------
03.06.2020 02:15:59 ONT:
gate.io – ask 0,59; bid 0,587;
okex – ask 0,5896; bid 0,5883;
huobi – ask 0,5899; bid 0,5892;
---------------------------
03.06.2020 02:15:59 LTC:
gate.io – ask 45,74; bid 45,71;
okex – ask 45,73; bid 45,71;
huobi – ask 45,74; bid 45,72;
---------------------------
03.06.2020 02:15:59 BTC:
gate.io – ask 9493,04; bid 9491,2;
okex – ask 9491; bid 9490,4;
huobi – ask 9490,95; bid 9490,42;
---------------------------
03.06.2020 02:15:59 EOS:
gate.io – ask 2,6601; bid 2,6598;
okex – ask 2,66; bid 2,659;
huobi – ask 2,6607; bid 2,6598;
---------------------------
03.06.2020 02:15:59 ONT:
gate.io – ask 0,59; bid 0,587;
okex – ask 0,5896; bid 0,5886;
huobi – ask 0,5899; bid 0,5892;
---------------------------
03.06.2020 02:15:59 LTC:
gate.io – ask 45,74; bid 45,7;
okex – ask 45,73; bid 45,71;
huobi – ask 45,74; bid 45,72;
---------------------------
03.06.2020 02:16:00 LTC:
gate.io – ask 45,74; bid 45,71;
okex – ask 45,73; bid 45,71;
huobi – ask 45,74; bid 45,72;
---------------------------
03.06.2020 02:16:00 BTC:
gate.io – ask 9493,38; bid 9491,2;
okex – ask 9491; bid 9490,4;
huobi – ask 9490,95; bid 9490,42;
---------------------------
03.06.2020 02:16:00 BTC:
gate.io – ask 9493,38; bid 9491,2;
okex – ask 9490,5; bid 9490,4;
huobi – ask 9490,95; bid 9490,42;
---------------------------
03.06.2020 02:16:00 ONT:
gate.io – ask 0,59; bid 0,587;
okex – ask 0,5897; bid 0,5886;
huobi – ask 0,5899; bid 0,5892;
---------------------------
03.06.2020 02:16:00 LTC:
gate.io – ask 45,74; bid 45,71;
okex – ask 45,74; bid 45,71;
huobi – ask 45,74; bid 45,72;
---------------------------
03.06.2020 02:16:00 LTC:
gate.io – ask 45,74; bid 45,7;
okex – ask 45,74; bid 45,71;
huobi – ask 45,74; bid 45,72;
---------------------------
03.06.2020 02:16:00 BTC:
gate.io – ask 9492,98; bid 9491,2;
okex – ask 9490,5; bid 9490,4;
huobi – ask 9490,95; bid 9490,42;
---------------------------
03.06.2020 02:16:00 BTC:
gate.io – ask 9492,98; bid 9491,2;
okex – ask 9491,6; bid 9490,4;
huobi – ask 9490,95; bid 9490,42;
---------------------------
03.06.2020 02:16:00 BTC:
gate.io – ask 9492,98; bid 9491,2;
okex – ask 9491,6; bid 9491,1;
huobi – ask 9490,95; bid 9490,42;
---------------------------
03.06.2020 02:16:00 BTC:
gate.io – ask 9492,98; bid 9491,2;
okex – ask 9491,2; bid 9491,1;
huobi – ask 9490,95; bid 9490,42;
---------------------------
03.06.2020 02:16:01 BTC:
gate.io – ask 9492,98; bid 9491,2;
okex – ask 9491,2; bid 9491,1;
huobi – ask 9490,95; bid 9490,94;
---------------------------
03.06.2020 02:16:01 BTC:
gate.io – ask 9492,98; bid 9491,2;
okex – ask 9490,6; bid 9491,1;
huobi – ask 9490,95; bid 9490,94;
---------------------------
03.06.2020 02:16:01 BTC:
gate.io – ask 9492,98; bid 9491,2;
okex – ask 9490,6; bid 9490,4;
huobi – ask 9490,95; bid 9490,94;
---------------------------
03.06.2020 02:16:01 LTC:
gate.io – ask 45,74; bid 45,71;
okex – ask 45,74; bid 45,71;
huobi – ask 45,74; bid 45,72;
---------------------------
03.06.2020 02:16:01 BTC:
gate.io – ask 9492,59; bid 9491,2;
okex – ask 9490,6; bid 9490,4;
huobi – ask 9490,95; bid 9490,94;
---------------------------
03.06.2020 02:16:02 BTC:
gate.io – ask 9492,59; bid 9491,2;
okex – ask 9490,6; bid 9490,4;
huobi – ask 9490,44; bid 9490,42;
---------------------------
03.06.2020 02:16:02 BTC:
gate.io – ask 9492,59; bid 9491,2;
okex – ask 9490,6; bid 9490,5;
huobi – ask 9490,44; bid 9490,42;
---------------------------
03.06.2020 02:16:02 BTC:
gate.io – ask 9492,59; bid 9491,2;
okex – ask 9490,6; bid 9490,4;
huobi – ask 9490,44; bid 9490,42;
---------------------------
03.06.2020 02:16:02 LTC:
gate.io – ask 45,74; bid 45,7;
okex – ask 45,74; bid 45,71;
huobi – ask 45,74; bid 45,72;
---------------------------
03.06.2020 02:16:02 BTC:
gate.io – ask 9492,59; bid 9491,2;
okex – ask 9490,6; bid 9490,5;
huobi – ask 9490,44; bid 9490,42;
---------------------------
03.06.2020 02:16:03 BTC:
gate.io – ask 9492,59; bid 9491,2;
okex – ask 9490,6; bid 9490,5;
huobi – ask 9490,78; bid 9490,74;
---------------------------
03.06.2020 02:16:03 BTC:
gate.io – ask 9492,59; bid 9491,2;
okex – ask 9490,6; bid 9490,4;
huobi – ask 9490,78; bid 9490,74;
---------------------------
03.06.2020 02:16:03 BTC:
gate.io – ask 9492,59; bid 9491,2;
okex – ask 9490,6; bid 9490,2;
huobi – ask 9490,78; bid 9490,74;
---------------------------
03.06.2020 02:16:03 LTC:
gate.io – ask 45,75; bid 45,7;
okex – ask 45,74; bid 45,71;
huobi – ask 45,74; bid 45,72;
---------------------------
03.06.2020 02:16:03 LTC:
gate.io – ask 45,75; bid 45,71;
okex – ask 45,74; bid 45,71;
huobi – ask 45,74; bid 45,72;
---------------------------
03.06.2020 02:16:03 BTC:
gate.io – ask 9493,37; bid 9491,2;
okex – ask 9490,6; bid 9490,2;
huobi – ask 9490,78; bid 9490,74;
---------------------------
03.06.2020 02:16:04 BTC:
gate.io – ask 9493,37; bid 9491,2;
okex – ask 9490,6; bid 9490,2;
huobi – ask 9491,44; bid 9491,43;
---------------------------
03.06.2020 02:16:04 BTC:
gate.io – ask 9493,27; bid 9491,2;
okex – ask 9490,6; bid 9490,2;
huobi – ask 9491,44; bid 9491,43;
---------------------------
03.06.2020 02:16:04 BTC:
gate.io – ask 9493,27; bid 9491,2;
okex – ask 9490,6; bid 9490,5;
huobi – ask 9491,44; bid 9491,43;
---------------------------
03.06.2020 02:16:04 EOS:
gate.io – ask 2,6601; bid 2,6598;
okex – ask 2,66; bid 2,659;
huobi – ask 2,6603; bid 2,6598;
---------------------------
03.06.2020 02:16:04 BTC:
gate.io – ask 9493,27; bid 9491,2;
okex – ask 9490,6; bid 9490,4;
huobi – ask 9491,44; bid 9491,43;
---------------------------
03.06.2020 02:16:04 BTC:
gate.io – ask 9493,27; bid 9491,2;
okex – ask 9490,4; bid 9490,4;
huobi – ask 9491,44; bid 9491,43;
---------------------------
03.06.2020 02:16:04 BTC:
gate.io – ask 9493,27; bid 9491,2;
okex – ask 9490,4; bid 9490,2;
huobi – ask 9491,44; bid 9491,43;
---------------------------
03.06.2020 02:16:04 LTC:
gate.io – ask 45,74; bid 45,71;
okex – ask 45,74; bid 45,71;
huobi – ask 45,74; bid 45,72;
---------------------------
03.06.2020 02:16:04 BTC:
gate.io – ask 9493,27; bid 9491,2;
okex – ask 9490,3; bid 9490,2;
huobi – ask 9491,44; bid 9491,43;
---------------------------
03.06.2020 02:16:05 BTC:
gate.io – ask 9493,27; bid 9491,2;
okex – ask 9490,3; bid 9490,2;
huobi – ask 9490,98; bid 9490,8;
---------------------------
03.06.2020 02:16:05 LTC:
gate.io – ask 45,74; bid 45,71;
okex – ask 45,73; bid 45,71;
huobi – ask 45,74; bid 45,72;
---------------------------
03.06.2020 02:16:05 LTC:
gate.io – ask 45,74; bid 45,7;
okex – ask 45,73; bid 45,71;
huobi – ask 45,74; bid 45,72;
---------------------------
03.06.2020 02:16:05 BTC:
gate.io – ask 9492,76; bid 9491,2;
okex – ask 9490,3; bid 9490,2;
huobi – ask 9490,98; bid 9490,8;
---------------------------
03.06.2020 02:16:05 LTC:
gate.io – ask 45,74; bid 45,7;
okex – ask 45,72; bid 45,71;
huobi – ask 45,74; bid 45,72;
---------------------------
03.06.2020 02:16:05 LTC:
gate.io – ask 45,74; bid 45,7;
okex – ask 45,73; bid 45,71;
huobi – ask 45,74; bid 45,72;
---------------------------
03.06.2020 02:16:05 EOS:
gate.io – ask 2,6601; bid 2,6598;
okex – ask 2,66; bid 2,659;
huobi – ask 2,66; bid 2,6597;
---------------------------
03.06.2020 02:16:05 LTC:
gate.io – ask 45,74; bid 45,7;
okex – ask 45,74; bid 45,71;
huobi – ask 45,74; bid 45,72;
---------------------------
03.06.2020 02:16:05 LTC:
gate.io – ask 45,74; bid 45,71;
okex – ask 45,74; bid 45,71;
huobi – ask 45,74; bid 45,72;
---------------------------
03.06.2020 02:16:05 LTC:
gate.io – ask 45,74; bid 45,71;
okex – ask 45,74; bid 45,71;
huobi – ask 45,73; bid 45,71;
---------------------------
03.06.2020 02:16:05 LTC:
gate.io – ask 45,74; bid 45,71;
okex – ask 45,72; bid 45,71;
huobi – ask 45,73; bid 45,71;
---------------------------
03.06.2020 02:16:06 BTC:
gate.io – ask 9492,76; bid 9491,2;
okex – ask 9490,3; bid 9490,2;
huobi – ask 9490,98; bid 9490,97;
---------------------------
03.06.2020 02:16:06 LTC:
gate.io – ask 45,74; bid 45,7;
okex – ask 45,72; bid 45,71;
huobi – ask 45,73; bid 45,71;
---------------------------
03.06.2020 02:16:06 LTC:
gate.io – ask 45,74; bid 45,71;
okex – ask 45,72; bid 45,71;
huobi – ask 45,73; bid 45,71;
---------------------------
03.06.2020 02:16:06 BTC:
gate.io – ask 9491,86; bid 9491,2;
okex – ask 9490,3; bid 9490,2;
huobi – ask 9490,98; bid 9490,97;
---------------------------
03.06.2020 02:16:06 EOS:
gate.io – ask 2,6601; bid 2,6598;
okex – ask 2,66; bid 2,658;
huobi – ask 2,66; bid 2,6597;
---------------------------
03.06.2020 02:16:06 BTC:
gate.io – ask 9491,86; bid 9491,2;
okex – ask 9490,3; bid 9490;
huobi – ask 9490,98; bid 9490,97;
---------------------------
03.06.2020 02:16:06 BTC:
gate.io – ask 9491,86; bid 9491,2;
okex – ask 9490,1; bid 9490;
huobi – ask 9490,98; bid 9490,97;
---------------------------
03.06.2020 02:16:07 BTC:
gate.io – ask 9491,86; bid 9491,2;
okex – ask 9490,1; bid 9490;
huobi – ask 9490,01; bid 9490,0;
---------------------------
03.06.2020 02:16:07 EOS:
gate.io – ask 2,6601; bid 2,6598;
okex – ask 2,66; bid 2,658;
huobi – ask 2,6592; bid 2,6591;
---------------------------
03.06.2020 02:16:07 LTC:
gate.io – ask 45,74; bid 45,7;
okex – ask 45,72; bid 45,71;
huobi – ask 45,73; bid 45,71;
---------------------------
03.06.2020 02:16:07 EOS:
gate.io – ask 2,6601; bid 2,6598;
okex – ask 2,659; bid 2,658;
huobi – ask 2,6592; bid 2,6591;
---------------------------
03.06.2020 02:16:07 ONT:
gate.io – ask 0,59; bid 0,587;
okex – ask 0,5897; bid 0,5886;
huobi – ask 0,5899; bid 0,5891;
---------------------------
03.06.2020 02:16:07 EOS:
gate.io – ask 2,6601; bid 2,6598;
okex – ask 2,66; bid 2,658;
huobi – ask 2,6592; bid 2,6591;
---------------------------
03.06.2020 02:16:08 BTC:
gate.io – ask 9491,86; bid 9491,2;
okex – ask 9490,1; bid 9490;
huobi – ask 9489,51; bid 9488,41;
---------------------------
03.06.2020 02:16:08 EOS:
gate.io – ask 2,6601; bid 2,6598;
okex – ask 2,66; bid 2,658;
huobi – ask 2,6595; bid 2,6591;
---------------------------
03.06.2020 02:16:09 BTC:
gate.io – ask 9491,86; bid 9491,2;
okex – ask 9490,1; bid 9490;
huobi – ask 9488,72; bid 9488,71;
---------------------------
03.06.2020 02:16:09 BTC:
gate.io – ask 9491,8; bid 9491,2;
okex – ask 9490,1; bid 9490;
huobi – ask 9488,72; bid 9488,71;
---------------------------
03.06.2020 02:16:09 EOS:
gate.io – ask 2,6601; bid 2,6598;
okex – ask 2,66; bid 2,658;
huobi – ask 2,6594; bid 2,6591;
---------------------------
03.06.2020 02:16:10 EOS:
gate.io – ask 2,6601; bid 2,6598;
okex – ask 2,66; bid 2,658;
huobi – ask 2,6593; bid 2,6591;
---------------------------
03.06.2020 02:16:11 BTC:
gate.io – ask 9491,52; bid 9491,2;
okex – ask 9490,1; bid 9490;
huobi – ask 9488,72; bid 9488,71;
---------------------------
03.06.2020 02:16:11 BTC:
gate.io – ask 9491,22; bid 9491,2;
okex – ask 9490,1; bid 9490;
huobi – ask 9488,72; bid 9488,71;
---------------------------
03.06.2020 02:16:11 LTC:
gate.io – ask 45,74; bid 45,7;
okex – ask 45,72; bid 45,71;
huobi – ask 45,72; bid 45,71;
---------------------------
03.06.2020 02:16:11 ONT:
gate.io – ask 0,59; bid 0,587;
okex – ask 0,5897; bid 0,5886;
huobi – ask 0,589; bid 0,5888;
---------------------------
03.06.2020 02:16:11 EOS:
gate.io – ask 2,6601; bid 2,6598;
okex – ask 2,659; bid 2,658;
huobi – ask 2,6593; bid 2,6591;
---------------------------
03.06.2020 02:16:12 EOS:
gate.io – ask 2,6601; bid 2,6598;
okex – ask 2,659; bid 2,658;
huobi – ask 2,6592; bid 2,6591;
---------------------------
03.06.2020 02:16:12 LTC:
gate.io – ask 45,74; bid 45,7;
okex – ask 45,72; bid 45,71;
huobi – ask 45,73; bid 45,71;
---------------------------
03.06.2020 02:16:12 ONT:
gate.io – ask 0,59; bid 0,587;
okex – ask 0,5897; bid 0,5886;
huobi – ask 0,589; bid 0,5889;
---------------------------
03.06.2020 02:16:13 BTC:
gate.io – ask 9491,22; bid 9491,2;
okex – ask 9490,1; bid 9490;
huobi – ask 9489,48; bid 9489,26;
---------------------------
03.06.2020 02:16:13 ONT:
gate.io – ask 0,59; bid 0,587;
okex – ask 0,5897; bid 0,5886;
huobi – ask 0,5896; bid 0,589;
---------------------------
03.06.2020 02:16:14 BTC:
gate.io – ask 9491,22; bid 9491,2;
okex – ask 9490,1; bid 9490;
huobi – ask 9489,74; bid 9489,43;
---------------------------
03.06.2020 02:16:14 LTC:
gate.io – ask 45,74; bid 45,7;
okex – ask 45,72; bid 45,71;
huobi – ask 45,72; bid 45,71;
---------------------------
03.06.2020 02:16:15 BTC:
gate.io – ask 9491,22; bid 9491,2;
okex – ask 9490,1; bid 9490;
huobi – ask 9489,74; bid 9489,73;
---------------------------
03.06.2020 02:16:15 LTC:
gate.io – ask 45,74; bid 45,7;
okex – ask 45,72; bid 45,71;
huobi – ask 45,73; bid 45,71;
---------------------------
03.06.2020 02:17:15 ONT:
gate.io – ask 0,591; bid 0;
okex – ask 0; bid 0;
huobi – ask 0; bid 0;
---------------------------
03.06.2020 02:17:15 ONT:
gate.io – ask 0,591; bid 0,587;
okex – ask 0; bid 0;
huobi – ask 0; bid 0;
---------------------------
03.06.2020 02:17:15 LTC:
gate.io – ask 45,75; bid 0;
okex – ask 0; bid 0;
huobi – ask 0; bid 0;
---------------------------
03.06.2020 02:17:15 LTC:
gate.io – ask 45,75; bid 45,73;
okex – ask 0; bid 0;
huobi – ask 0; bid 0;
---------------------------
03.06.2020 02:17:15 EOS:
gate.io – ask 0; bid 0;
okex – ask 2,662; bid 0;
huobi – ask 0; bid 0;
---------------------------
03.06.2020 02:17:15 EOS:
gate.io – ask 0; bid 0;
okex – ask 2,662; bid 2,661;
huobi – ask 0; bid 0;
---------------------------
03.06.2020 02:17:15 BTC:
gate.io – ask 9495,04; bid 0;
okex – ask 0; bid 0;
huobi – ask 0; bid 0;
---------------------------
03.06.2020 02:17:15 BTC:
gate.io – ask 9495,04; bid 9494,18;
okex – ask 0; bid 0;
huobi – ask 0; bid 0;
---------------------------
03.06.2020 02:17:15 ONT:
gate.io – ask 0,591; bid 0,587;
okex – ask 0,5897; bid 0;
huobi – ask 0; bid 0;
---------------------------
03.06.2020 02:17:15 ONT:
gate.io – ask 0,591; bid 0,587;
okex – ask 0,5897; bid 0,5888;
huobi – ask 0; bid 0;
---------------------------
03.06.2020 02:17:15 BTC:
gate.io – ask 9495,04; bid 9494,18;
okex – ask 9494,9; bid 0;
huobi – ask 0; bid 0;
---------------------------
03.06.2020 02:17:15 BTC:
gate.io – ask 9495,04; bid 9494,18;
okex – ask 9494,9; bid 9494,8;
huobi – ask 0; bid 0;
---------------------------
03.06.2020 02:17:15 LTC:
gate.io – ask 45,75; bid 45,73;
okex – ask 45,76; bid 0;
huobi – ask 0; bid 0;
---------------------------
03.06.2020 02:17:15 LTC:
gate.io – ask 45,75; bid 45,73;
okex – ask 45,76; bid 45,75;
huobi – ask 0; bid 0;
---------------------------
03.06.2020 02:17:15 EOS:
gate.io – ask 2,6619; bid 0;
okex – ask 2,662; bid 2,661;
huobi – ask 0; bid 0;
---------------------------
03.06.2020 02:17:15 EOS:
gate.io – ask 2,6619; bid 2,6615;
okex – ask 2,662; bid 2,661;
huobi – ask 0; bid 0;
---------------------------
03.06.2020 02:17:15 ONT:
gate.io – ask 0,591; bid 0,587;
okex – ask 0,59; bid 0,5888;
huobi – ask 0; bid 0;
---------------------------
03.06.2020 02:17:15 ONT:
gate.io – ask 0,591; bid 0,587;
okex – ask 0,59; bid 0,5889;
huobi – ask 0; bid 0;
---------------------------
03.06.2020 02:17:15 BTC:
gate.io – ask 9495,04; bid 9494,18;
okex – ask 9494,9; bid 9494,8;
huobi – ask 9494,44; bid 9494,43;
---------------------------
03.06.2020 02:17:15 ONT:
gate.io – ask 0,591; bid 0,587;
okex – ask 0,59; bid 0,5889;
huobi – ask 0,5898; bid 0,5892;
---------------------------
03.06.2020 02:17:15 LTC:
gate.io – ask 45,75; bid 45,73;
okex – ask 45,76; bid 45,75;
huobi – ask 45,77; bid 45,75;
---------------------------
03.06.2020 02:17:15 EOS:
gate.io – ask 2,6619; bid 2,6615;
okex – ask 2,662; bid 2,661;
huobi – ask 2,6629; bid 2,6621;
---------------------------
03.06.2020 02:17:15 EOS:
gate.io – ask 2,6619; bid 2,6615;
okex – ask 2,662; bid 2,661;
huobi – ask 2,6628; bid 2,6621;
---------------------------
03.06.2020 02:17:16 LTC:
gate.io – ask 45,77; bid 45,73;
okex – ask 45,76; bid 45,75;
huobi – ask 45,77; bid 45,75;
---------------------------
03.06.2020 02:17:16 BTC:
gate.io – ask 9495,04; bid 9494,18;
okex – ask 9494,9; bid 9494,8;
huobi – ask 9495,12; bid 9495,11;
---------------------------
03.06.2020 02:17:16 BTC:
gate.io – ask 9495,04; bid 9493,98;
okex – ask 9494,9; bid 9494,8;
huobi – ask 9495,12; bid 9495,11;
---------------------------
03.06.2020 02:17:16 EOS:
gate.io – ask 2,6619; bid 2,6615;
okex – ask 2,662; bid 2,661;
huobi – ask 2,6628; bid 2,6618;
---------------------------
03.06.2020 02:17:17 BTC:
gate.io – ask 9495,04; bid 9494,24;
okex – ask 9494,9; bid 9494,8;
huobi – ask 9495,12; bid 9495,11;
---------------------------
03.06.2020 02:17:17 ONT:
gate.io – ask 0,591; bid 0,587;
okex – ask 0,59; bid 0,5889;
huobi – ask 0,59; bid 0,5892;
---------------------------
03.06.2020 02:17:17 BTC:
gate.io – ask 9495,04; bid 9494,51;
okex – ask 9494,9; bid 9494,8;
huobi – ask 9495,12; bid 9495,11;
---------------------------
03.06.2020 02:17:17 ONT:
gate.io – ask 0,591; bid 0,588;
okex – ask 0,59; bid 0,5889;
huobi – ask 0,59; bid 0,5892;
---------------------------
03.06.2020 02:17:18 EOS:
gate.io – ask 2,6619; bid 2,661;
okex – ask 2,662; bid 2,661;
huobi – ask 2,6628; bid 2,6618;
---------------------------
03.06.2020 02:17:18 EOS:
gate.io – ask 2,6619; bid 2,661;
okex – ask 2,662; bid 2,661;
huobi – ask 2,6628; bid 2,6615;
---------------------------
03.06.2020 02:17:19 BTC:
gate.io – ask 9498,13; bid 9494,51;
okex – ask 9494,9; bid 9494,8;
huobi – ask 9495,12; bid 9495,11;
---------------------------
03.06.2020 02:17:19 EOS:
gate.io – ask 2,6619; bid 2,661;
okex – ask 2,662; bid 2,661;
huobi – ask 2,6627; bid 2,6618;
---------------------------
03.06.2020 02:17:20 ONT:
gate.io – ask 0,591; bid 0,588;
okex – ask 0,5902; bid 0,5889;
huobi – ask 0,59; bid 0,5892;
---------------------------
03.06.2020 02:17:20 ONT:
gate.io – ask 0,591; bid 0,588;
okex – ask 0,5901; bid 0,5889;
huobi – ask 0,59; bid 0,5892;
---------------------------
03.06.2020 02:17:20 BTC:
gate.io – ask 9496,64; bid 9494,51;
okex – ask 9494,9; bid 9494,8;
huobi – ask 9495,12; bid 9495,11;
---------------------------
03.06.2020 02:17:20 EOS:
gate.io – ask 2,6619; bid 2,6611;
okex – ask 2,662; bid 2,661;
huobi – ask 2,6627; bid 2,6618;
---------------------------
03.06.2020 02:17:20 LTC:
gate.io – ask 45,77; bid 45,73;
okex – ask 45,76; bid 45,75;
huobi – ask 45,76; bid 45,74;
---------------------------
03.06.2020 02:17:20 BTC:
gate.io – ask 9497,1; bid 9494,51;
okex – ask 9494,9; bid 9494,8;
huobi – ask 9495,12; bid 9495,11;
---------------------------
03.06.2020 02:17:20 BTC:
gate.io – ask 9497,1; bid 9493,98;
okex – ask 9494,9; bid 9494,8;
huobi – ask 9495,12; bid 9495,11;
---------------------------
03.06.2020 02:17:20 EOS:
gate.io – ask 2,6619; bid 2,6611;
okex – ask 2,662; bid 2,661;
huobi – ask 2,6627; bid 2,6626;
---------------------------
03.06.2020 02:17:21 ONT:
gate.io – ask 0,591; bid 0,588;
okex – ask 0,5902; bid 0,5889;
huobi – ask 0,59; bid 0,5892;
---------------------------
03.06.2020 02:17:21 EOS:
gate.io – ask 2,6619; bid 2,6611;
okex – ask 2,663; bid 2,661;
huobi – ask 2,6627; bid 2,6626;
---------------------------
03.06.2020 02:17:21 BTC:
gate.io – ask 9497,1; bid 9494,6;
okex – ask 9494,9; bid 9494,8;
huobi – ask 9495,12; bid 9495,11;
---------------------------
03.06.2020 02:17:21 ONT:
gate.io – ask 0,591; bid 0,588;
okex – ask 0,5901; bid 0,5889;
huobi – ask 0,59; bid 0,5892;
---------------------------
03.06.2020 02:17:21 LTC:
gate.io – ask 45,77; bid 45,73;
okex – ask 45,76; bid 45,74;
huobi – ask 45,76; bid 45,74;
---------------------------
03.06.2020 02:17:21 LTC:
gate.io – ask 45,77; bid 45,73;
okex – ask 45,76; bid 45,74;
huobi – ask 45,77; bid 45,74;
---------------------------
03.06.2020 02:17:21 BTC:
gate.io – ask 9496,87; bid 9494,6;
okex – ask 9494,9; bid 9494,8;
huobi – ask 9495,12; bid 9495,11;
---------------------------
03.06.2020 02:17:21 BTC:
gate.io – ask 9496,87; bid 9494,72;
okex – ask 9494,9; bid 9494,8;
huobi – ask 9495,12; bid 9495,11;
---------------------------
03.06.2020 02:17:21 EOS:
gate.io – ask 2,6624; bid 2,6611;
okex – ask 2,663; bid 2,661;
huobi – ask 2,6627; bid 2,6626;
---------------------------
03.06.2020 02:17:21 EOS:
gate.io – ask 2,6624; bid 2,6611;
okex – ask 2,663; bid 2,661;
huobi – ask 2,6626; bid 2,6623;
---------------------------
03.06.2020 02:17:22 BTC:
gate.io – ask 9496,87; bid 9494,72;
okex – ask 9494,6; bid 9494,8;
huobi – ask 9495,12; bid 9495,11;
---------------------------
03.06.2020 02:17:22 BTC:
gate.io – ask 9496,87; bid 9494,72;
okex – ask 9494,6; bid 9494,5;
huobi – ask 9495,12; bid 9495,11;
---------------------------
03.06.2020 02:17:22 LTC:
gate.io – ask 45,77; bid 45,73;
okex – ask 45,75; bid 45,74;
huobi – ask 45,77; bid 45,74;
---------------------------
03.06.2020 02:17:22 BTC:
gate.io – ask 9496,87; bid 9494,72;
okex – ask 9494,1; bid 9494,5;
huobi – ask 9495,12; bid 9495,11;
---------------------------
03.06.2020 02:17:22 BTC:
gate.io – ask 9496,87; bid 9494,72;
okex – ask 9494,1; bid 9494;
huobi – ask 9495,12; bid 9495,11;
---------------------------
03.06.2020 02:17:22 BTC:
gate.io – ask 9496,87; bid 9494,72;
okex – ask 9493,7; bid 9494;
huobi – ask 9495,12; bid 9495,11;
---------------------------
03.06.2020 02:17:22 BTC:
gate.io – ask 9496,87; bid 9494,72;
okex – ask 9493,7; bid 9493,6;
huobi – ask 9495,12; bid 9495,11;
---------------------------
03.06.2020 02:17:22 BTC:
gate.io – ask 9496,94; bid 9494,72;
okex – ask 9493,7; bid 9493,6;
huobi – ask 9495,12; bid 9495,11;
---------------------------
03.06.2020 02:17:22 BTC:
gate.io – ask 9496,94; bid 9493,98;
okex – ask 9493,7; bid 9493,6;
huobi – ask 9495,12; bid 9495,11;
---------------------------
03.06.2020 02:17:22 EOS:
gate.io – ask 2,6624; bid 2,6616;
okex – ask 2,663; bid 2,661;
huobi – ask 2,6626; bid 2,6623;
---------------------------
03.06.2020 02:17:22 BTC:
gate.io – ask 9496,94; bid 9493,98;
okex – ask 9493,6; bid 9493,6;
huobi – ask 9495,12; bid 9495,11;
---------------------------
03.06.2020 02:17:22 BTC:
gate.io – ask 9496,94; bid 9493,98;
okex – ask 9493,6; bid 9493,5;
huobi – ask 9495,12; bid 9495,11;
---------------------------
03.06.2020 02:17:22 BTC:
gate.io – ask 9496,94; bid 9493,98;
okex – ask 9493; bid 9493,5;
huobi – ask 9495,12; bid 9495,11;
---------------------------
03.06.2020 02:17:22 BTC:
gate.io – ask 9496,94; bid 9493,98;
okex – ask 9493; bid 9492,8;
huobi – ask 9495,12; bid 9495,11;
---------------------------
03.06.2020 02:17:22 BTC:
gate.io – ask 9496,94; bid 9493,98;
okex – ask 9493; bid 9492,9;
huobi – ask 9495,12; bid 9495,11;
---------------------------
03.06.2020 02:17:22 LTC:
gate.io – ask 45,77; bid 45,73;
okex – ask 45,75; bid 45,74;
huobi – ask 45,76; bid 45,74;
---------------------------
03.06.2020 02:17:22 BTC:
gate.io – ask 9496,94; bid 9493,98;
okex – ask 9493; bid 9492,8;
huobi – ask 9495,12; bid 9495,11;
---------------------------
03.06.2020 02:17:22 EOS:
gate.io – ask 2,6624; bid 2,6616;
okex – ask 2,662; bid 2,661;
huobi – ask 2,6626; bid 2,6623;
---------------------------
03.06.2020 02:17:22 BTC:
gate.io – ask 9495,55; bid 9493,98;
okex – ask 9493; bid 9492,8;
huobi – ask 9495,12; bid 9495,11;
---------------------------
03.06.2020 02:17:22 EOS:
gate.io – ask 2,6624; bid 2,661;
okex – ask 2,662; bid 2,661;
huobi – ask 2,6626; bid 2,6623;
---------------------------
03.06.2020 02:17:22 ONT:
gate.io – ask 0,591; bid 0,588;
okex – ask 0,5901; bid 0,5888;
huobi – ask 0,59; bid 0,5892;
---------------------------
03.06.2020 02:17:22 BTC:
gate.io – ask 9495,55; bid 9493,98;
okex – ask 9492,9; bid 9492,8;
huobi – ask 9495,12; bid 9495,11;
---------------------------
03.06.2020 02:17:22 EOS:
gate.io – ask 2,6624; bid 2,661;
okex – ask 2,662; bid 2,66;
huobi – ask 2,6626; bid 2,6623;
---------------------------
03.06.2020 02:17:22 EOS:
gate.io – ask 2,6624; bid 2,661;
okex – ask 2,662; bid 2,66;
huobi – ask 2,662; bid 2,6606;
---------------------------
03.06.2020 02:17:23 BTC:
gate.io – ask 9495,55; bid 9493,98;
okex – ask 9492,9; bid 9492,8;
huobi – ask 9493,73; bid 9493,71;
---------------------------
03.06.2020 02:17:23 BTC:
gate.io – ask 9495,28; bid 9493,98;
okex – ask 9492,9; bid 9492,8;
huobi – ask 9493,73; bid 9493,71;
---------------------------
03.06.2020 02:17:23 EOS:
gate.io – ask 2,6624; bid 2,661;
okex – ask 2,662; bid 2,661;
huobi – ask 2,662; bid 2,6606;
---------------------------
03.06.2020 02:17:23 ONT:
gate.io – ask 0,591; bid 0,588;
okex – ask 0,59; bid 0,5888;
huobi – ask 0,59; bid 0,5892;
---------------------------
03.06.2020 02:17:23 EOS:
gate.io – ask 2,6624; bid 2,661;
okex – ask 2,661; bid 2,661;
huobi – ask 2,662; bid 2,6606;
---------------------------
03.06.2020 02:17:23 EOS:
gate.io – ask 2,6624; bid 2,661;
okex – ask 2,661; bid 2,66;
huobi – ask 2,662; bid 2,6606;
---------------------------
03.06.2020 02:17:23 ONT:
gate.io – ask 0,591; bid 0,588;
okex – ask 0,5899; bid 0,5888;
huobi – ask 0,59; bid 0,5892;
---------------------------
03.06.2020 02:17:23 BTC:
gate.io – ask 9495,28; bid 9493,98;
okex – ask 9492,5; bid 9492,8;
huobi – ask 9493,73; bid 9493,71;
---------------------------
03.06.2020 02:17:23 BTC:
gate.io – ask 9495,28; bid 9493,98;
okex – ask 9492,5; bid 9491,7;
huobi – ask 9493,73; bid 9493,71;
---------------------------
03.06.2020 02:17:23 ONT:
gate.io – ask 0,591; bid 0,588;
okex – ask 0,5899; bid 0,5888;
huobi – ask 0,5898; bid 0,5891;
---------------------------
03.06.2020 02:17:23 BTC:
gate.io – ask 9495,28; bid 9493,98;
okex – ask 9492; bid 9491,7;
huobi – ask 9493,73; bid 9493,71;
---------------------------
03.06.2020 02:17:23 BTC:
gate.io – ask 9495,28; bid 9493,98;
okex – ask 9492; bid 9491,9;
huobi – ask 9493,73; bid 9493,71;
---------------------------
03.06.2020 02:17:23 EOS:
gate.io – ask 2,6624; bid 2,6601;
okex – ask 2,661; bid 2,66;
huobi – ask 2,662; bid 2,6606;
---------------------------
03.06.2020 02:17:23 BTC:
gate.io – ask 9495,28; bid 9493,98;
okex – ask 9492; bid 9491,8;
huobi – ask 9493,73; bid 9493,71;
---------------------------
03.06.2020 02:17:23 EOS:
gate.io – ask 2,6624; bid 2,6601;
okex – ask 2,661; bid 2,66;
huobi – ask 2,6612; bid 2,6602;
---------------------------
03.06.2020 02:17:23 ONT:
gate.io – ask 0,591; bid 0,588;
okex – ask 0,5898; bid 0,5888;
huobi – ask 0,5898; bid 0,5891;
---------------------------
03.06.2020 02:17:23 BTC:
gate.io – ask 9495,28; bid 9493,98;
okex – ask 9492; bid 9491,9;
huobi – ask 9493,73; bid 9493,71;
---------------------------
03.06.2020 02:17:24 EOS:
gate.io – ask 2,6624; bid 2,6601;
okex – ask 2,66; bid 2,66;
huobi – ask 2,6612; bid 2,6602;
---------------------------
03.06.2020 02:17:24 EOS:
gate.io – ask 2,6624; bid 2,6601;
okex – ask 2,66; bid 2,659;
huobi – ask 2,6612; bid 2,6602;
---------------------------
03.06.2020 02:17:24 LTC:
gate.io – ask 45,76; bid 45,73;
okex – ask 45,75; bid 45,74;
huobi – ask 45,76; bid 45,74;
---------------------------
03.06.2020 02:17:24 LTC:
gate.io – ask 45,76; bid 45,74;
okex – ask 45,75; bid 45,74;
huobi – ask 45,76; bid 45,74;
---------------------------
03.06.2020 02:17:24 BTC:
gate.io – ask 9495,28; bid 9493,98;
okex – ask 9492; bid 9491,9;
huobi – ask 9493,62; bid 9492,36;
---------------------------
03.06.2020 02:17:24 EOS:
gate.io – ask 2,6614; bid 2,6601;
okex – ask 2,66; bid 2,659;
huobi – ask 2,6612; bid 2,6602;
---------------------------
03.06.2020 02:17:24 BTC:
gate.io – ask 9494,53; bid 9493,98;
okex – ask 9492; bid 9491,9;
huobi – ask 9493,62; bid 9492,36;
---------------------------
03.06.2020 02:17:24 BTC:
gate.io – ask 9494,53; bid 9492,32;
okex – ask 9492; bid 9491,9;
huobi – ask 9493,62; bid 9492,36;
---------------------------
03.06.2020 02:17:24 LTC:
gate.io – ask 45,76; bid 45,74;
okex – ask 45,75; bid 45,73;
huobi – ask 45,76; bid 45,74;
---------------------------
03.06.2020 02:17:24 LTC:
gate.io – ask 45,76; bid 45,74;
okex – ask 45,74; bid 45,73;
huobi – ask 45,76; bid 45,74;
---------------------------
03.06.2020 02:17:24 LTC:
gate.io – ask 45,76; bid 45,74;
okex – ask 45,74; bid 45,72;
huobi – ask 45,76; bid 45,74;
---------------------------
03.06.2020 02:17:24 LTC:
gate.io – ask 45,76; bid 45,74;
okex – ask 45,74; bid 45,72;
huobi – ask 45,75; bid 45,74;
---------------------------
03.06.2020 02:17:24 LTC:
gate.io – ask 45,76; bid 45,74;
okex – ask 45,74; bid 45,73;
huobi – ask 45,75; bid 45,74;
---------------------------
03.06.2020 02:17:24 LTC:
gate.io – ask 45,76; bid 45,73;
okex – ask 45,74; bid 45,73;
huobi – ask 45,75; bid 45,74;
---------------------------
03.06.2020 02:17:24 ONT:
gate.io – ask 0,591; bid 0,588;
okex – ask 0,5898; bid 0,5888;
huobi – ask 0,5896; bid 0,5891;
---------------------------
03.06.2020 02:17:24 BTC:
gate.io – ask 9494,19; bid 9492,32;
okex – ask 9492; bid 9491,9;
huobi – ask 9493,62; bid 9492,36;
---------------------------
03.06.2020 02:17:24 EOS:
gate.io – ask 2,6614; bid 2,6601;
okex – ask 2,66; bid 2,659;
huobi – ask 2,6604; bid 2,6603;
---------------------------
03.06.2020 02:17:24 LTC:
gate.io – ask 45,76; bid 45,73;
okex – ask 45,73; bid 45,73;
huobi – ask 45,75; bid 45,74;
---------------------------
03.06.2020 02:17:24 LTC:
gate.io – ask 45,76; bid 45,73;
okex – ask 45,73; bid 45,72;
huobi – ask 45,75; bid 45,74;
---------------------------
03.06.2020 02:17:24 ONT:
gate.io – ask 0,591; bid 0,588;
okex – ask 0,5897; bid 0,5888;
huobi – ask 0,5896; bid 0,5891;
---------------------------
03.06.2020 02:17:25 LTC:
gate.io – ask 45,76; bid 45,73;
okex – ask 45,74; bid 45,72;
huobi – ask 45,75; bid 45,74;
---------------------------
03.06.2020 02:17:25 BTC:
gate.io – ask 9494,19; bid 9492,32;
okex – ask 9492; bid 9491,9;
huobi – ask 9493,58; bid 9492,35;
---------------------------
03.06.2020 02:17:25 BTC:
gate.io – ask 9494,13; bid 9492,32;
okex – ask 9492; bid 9491,9;
huobi – ask 9493,58; bid 9492,35;
---------------------------
03.06.2020 02:17:25 LTC:
gate.io – ask 45,76; bid 45,73;
okex – ask 45,73; bid 45,72;
huobi – ask 45,75; bid 45,74;
---------------------------
03.06.2020 02:17:25 LTC:
gate.io – ask 45,76; bid 45,73;
okex – ask 45,73; bid 45,71;
huobi – ask 45,75; bid 45,74;
---------------------------
03.06.2020 02:17:25 LTC:
gate.io – ask 45,76; bid 45,73;
okex – ask 45,73; bid 45,71;
huobi – ask 45,74; bid 45,73;
---------------------------
03.06.2020 02:17:25 LTC:
gate.io – ask 45,75; bid 45,73;
okex – ask 45,73; bid 45,71;
huobi – ask 45,74; bid 45,73;
---------------------------
03.06.2020 02:17:25 ONT:
gate.io – ask 0,591; bid 0,588;
okex – ask 0,5897; bid 0,5888;
huobi – ask 0,5896; bid 0,5892;
---------------------------
03.06.2020 02:17:25 BTC:
gate.io – ask 9493,86; bid 9492,32;
okex – ask 9492; bid 9491,9;
huobi – ask 9493,58; bid 9492,35;
---------------------------
03.06.2020 02:17:25 EOS:
gate.io – ask 2,6613; bid 2,6601;
okex – ask 2,66; bid 2,659;
huobi – ask 2,6604; bid 2,6603;
---------------------------
03.06.2020 02:17:26 ONT:
gate.io – ask 0,591; bid 0,588;
okex – ask 0,5896; bid 0,5888;
huobi – ask 0,5896; bid 0,5892;
---------------------------
03.06.2020 02:17:26 BTC:
gate.io – ask 9493,86; bid 9492,32;
okex – ask 9492; bid 9491,9;
huobi – ask 9492,41; bid 9492,35;
---------------------------
03.06.2020 02:17:26 EOS:
gate.io – ask 2,6609; bid 2,6601;
okex – ask 2,66; bid 2,659;
huobi – ask 2,6604; bid 2,6603;
---------------------------
03.06.2020 02:17:26 LTC:
gate.io – ask 45,75; bid 45,73;
okex – ask 45,73; bid 45,72;
huobi – ask 45,74; bid 45,73;
---------------------------
03.06.2020 02:17:27 EOS:
gate.io – ask 2,6613; bid 2,6601;
okex – ask 2,66; bid 2,659;
huobi – ask 2,6604; bid 2,6603;
---------------------------
03.06.2020 02:17:27 ONT:
gate.io – ask 0,591; bid 0,588;
okex – ask 0,5896; bid 0,5892;
huobi – ask 0,5896; bid 0,5892;
---------------------------
