03.06.2020 02:15:43 EOS diff huobi –> gate.io = 0,0150409866887267804767992800
-----------------------------
03.06.2020 02:15:50 EOS diff huobi –> gate.io no longer profitable
-----------------------------
03.06.2020 02:15:51 BTC diff huobi –> okex = 0,0162266504821633286128531900
-----------------------------
03.06.2020 02:15:51 BTC diff huobi –> okex no longer profitable
-----------------------------
03.06.2020 02:15:51 BTC diff huobi –> okex = 0,018334007687639085575561400
-----------------------------
03.06.2020 02:15:51 BTC diff huobi –> okex no longer profitable
-----------------------------
03.06.2020 02:15:51 BTC diff huobi –> okex = 0,0162266504821633286128531900
-----------------------------
03.06.2020 02:15:51 BTC diff huobi –> okex no longer profitable
-----------------------------
03.06.2020 02:15:51 BTC diff huobi –> okex = 0,0130656146739496931687908800
-----------------------------
03.06.2020 02:15:52 BTC diff huobi –> okex no longer profitable
-----------------------------
03.06.2020 02:15:53 BTC diff okex –> gate.io = 0,0103255715941418185649562700
-----------------------------
03.06.2020 02:15:53 BTC diff okex –> gate.io no longer profitable
-----------------------------
03.06.2020 02:15:53 BTC diff okex –> gate.io = 0,0103255715941418185649562700
-----------------------------
03.06.2020 02:15:53 BTC diff okex –> gate.io no longer profitable
-----------------------------
03.06.2020 02:15:54 BTC diff okex –> gate.io = 0,0103255715941418185649562700
-----------------------------
03.06.2020 02:15:55 BTC diff okex –> gate.io no longer profitable
-----------------------------
03.06.2020 02:15:55 BTC diff okex –> gate.io = 0,0103255715941418185649562700
-----------------------------
03.06.2020 02:15:55 BTC diff okex –> gate.io no longer profitable
-----------------------------
03.06.2020 02:15:55 EOS diff okex –> huobi = 0,011278195488721804511278200
-----------------------------
03.06.2020 02:15:55 BTC diff okex –> gate.io = 0,0103255715941418185649562700
-----------------------------
03.06.2020 02:15:55 BTC diff okex –> gate.io no longer profitable
-----------------------------
03.06.2020 02:15:56 BTC diff okex –> gate.io = 0,0103255715941418185649562700
-----------------------------
03.06.2020 02:15:56 EOS diff okex –> huobi no longer profitable
-----------------------------
03.06.2020 02:15:57 BTC diff okex –> gate.io no longer profitable
-----------------------------
03.06.2020 02:16:04 BTC diff okex –> huobi = 0,0108530725786057489673775600
-----------------------------
03.06.2020 02:16:04 BTC diff okex –> huobi no longer profitable
-----------------------------
03.06.2020 02:16:04 BTC diff okex –> huobi = 0,0119068944079744581309336900
-----------------------------
03.06.2020 02:16:05 BTC diff okex –> huobi no longer profitable
-----------------------------
03.06.2020 02:16:06 BTC diff okex –> gate.io = 0,0115910264380775755787610200
-----------------------------
03.06.2020 02:16:07 BTC diff okex –> gate.io no longer profitable
-----------------------------
03.06.2020 02:16:07 BTC diff huobi –> gate.io = 0,0125395020658566218581434600
-----------------------------
03.06.2020 02:16:07 EOS diff huobi –> gate.io = 0,0225631768953068592057761700
-----------------------------
03.06.2020 02:16:07 EOS diff okex –> gate.io = 0,0300864986837156825874388900
-----------------------------
03.06.2020 02:16:07 EOS diff huobi –> gate.io no longer profitable
-----------------------------
03.06.2020 02:16:07 EOS diff okex –> gate.io no longer profitable
-----------------------------
03.06.2020 02:16:07 EOS diff huobi –> gate.io = 0,0225631768953068592057761700
-----------------------------
03.06.2020 02:16:08 BTC diff okex –> gate.io = 0,0115910264380775755787610200
-----------------------------
03.06.2020 02:16:08 BTC diff huobi –> gate.io no longer profitable
-----------------------------
03.06.2020 02:16:08 EOS diff huobi –> gate.io = 0,0112803158488437676254935100
-----------------------------
03.06.2020 02:16:09 BTC diff okex –> gate.io no longer profitable
-----------------------------
03.06.2020 02:16:09 BTC diff huobi –> gate.io = 0,026136296571086511141650300
-----------------------------
03.06.2020 02:16:09 BTC diff huobi –> okex = 0,0134897014560446509118195100
-----------------------------
03.06.2020 02:16:09 BTC diff okex –> gate.io = 0,0115910264380775755787610200
-----------------------------
03.06.2020 02:16:09 BTC diff huobi –> gate.io no longer profitable
-----------------------------
03.06.2020 02:16:09 BTC diff huobi –> okex no longer profitable
-----------------------------
03.06.2020 02:16:09 EOS diff huobi –> gate.io no longer profitable
-----------------------------
03.06.2020 02:16:10 EOS diff huobi –> gate.io = 0,018801940360245177302297600
-----------------------------
03.06.2020 02:16:11 BTC diff okex –> gate.io no longer profitable
-----------------------------
03.06.2020 02:16:11 BTC diff huobi –> gate.io = 0,026136296571086511141650300
-----------------------------
03.06.2020 02:16:11 BTC diff huobi –> okex = 0,0134897014560446509118195100
-----------------------------
03.06.2020 02:16:11 BTC diff okex –> gate.io = 0,0115910264380775755787610200
-----------------------------
03.06.2020 02:16:11 BTC diff huobi –> gate.io no longer profitable
-----------------------------
03.06.2020 02:16:11 BTC diff huobi –> okex no longer profitable
-----------------------------
03.06.2020 02:16:11 EOS diff okex –> gate.io = 0,0300864986837156825874388900
-----------------------------
03.06.2020 02:16:11 EOS diff huobi –> gate.io no longer profitable
-----------------------------
03.06.2020 02:16:12 EOS diff okex –> gate.io no longer profitable
-----------------------------
03.06.2020 02:16:12 EOS diff huobi –> gate.io = 0,0225631768953068592057761700
-----------------------------
03.06.2020 02:16:13 BTC diff okex –> gate.io no longer profitable
-----------------------------
03.06.2020 02:16:13 BTC diff huobi –> gate.io = 0,0181253345810307835624291300
-----------------------------
03.06.2020 02:16:14 BTC diff okex –> gate.io = 0,0115910264380775755787610200
-----------------------------
03.06.2020 02:16:14 BTC diff huobi –> gate.io no longer profitable
-----------------------------
03.06.2020 02:16:15 BTC diff okex –> gate.io no longer profitable
-----------------------------
03.06.2020 02:16:15 BTC diff huobi –> gate.io = 0,015385036892475452435999300
-----------------------------
